#
# There is insufficient memory for the Java Runtime Environment to continue.
# Native memory allocation (malloc) failed to allocate 1050176 bytes for Chunk::new
# Possible reasons:
#   The system is out of physical RAM or swap space
#   The process is running with CompressedOops enabled, and the Java Heap may be blocking the growth of the native heap
# Possible solutions:
#   Reduce memory load on the system
#   Increase physical memory or swap space
#   Check if swap backing store is full
#   Decrease Java heap size (-Xmx/-Xms)
#   Decrease number of Java threads
#   Decrease Java thread stack sizes (-Xss)
#   Set larger code cache with -XX:ReservedCodeCacheSize=
#   JVM is running with Unscaled Compressed Oops mode in which the Java heap is
#     placed in the first 4GB address space. The Java Heap base address is the
#     maximum limit for the native heap growth. Please use -XX:HeapBaseMinAddress
#     to set the Java Heap base and to place the Java Heap above 4GB virtual address.
# This output file may be truncated or incomplete.
#
#  Out of Memory Error (./src/hotspot/share/memory/arena.cpp:197), pid=6680, tid=1916
#
# JRE version: OpenJDK Runtime Environment (11.0.11+9) (build 11.0.11+9-b60-7590822)
# Java VM: OpenJDK 64-Bit Server VM (11.0.11+9-b60-7590822, mixed mode, tiered, compressed oops, g1 gc, windows-amd64)
# No core dump will be written. Minidumps are not enabled by default on client versions of Windows
#

---------------  S U M M A R Y ------------

Command Line: --add-opens=java.base/java.util=ALL-UNNAMED --add-opens=java.base/java.lang=ALL-UNNAMED --add-opens=java.base/java.lang.invoke=ALL-UNNAMED --add-opens=java.base/java.util=ALL-UNNAMED --add-opens=java.prefs/java.util.prefs=ALL-UNNAMED --add-opens=java.prefs/java.util.prefs=ALL-UNNAMED --add-opens=java.base/java.nio.charset=ALL-UNNAMED --add-opens=java.base/java.net=ALL-UNNAMED --add-opens=java.base/java.util.concurrent.atomic=ALL-UNNAMED -Xmx2048m -Dfile.encoding=UTF-8 -Duser.country=CN -Duser.language=zh -Duser.variant org.gradle.launcher.daemon.bootstrap.GradleDaemon 7.2

Host: Intel(R) Core(TM) i7-8750H CPU @ 2.20GHz, 12 cores, 15G,  Windows 10 , 64 bit Build 19041 (10.0.19041.1503)
Time: Tue Mar 22 16:49:47 2022 中国标准时间 elapsed time: 9.105262 seconds (0d 0h 0m 9s)

---------------  T H R E A D  ---------------

Current thread (0x0000023a6a890000):  JavaThread "C2 CompilerThread1" daemon [_thread_in_native, id=1916, stack(0x000000abd7a00000,0x000000abd7b00000)]


Current CompileTask:
C2:   9105 6299 %     4       org.gradle.internal.instantiation.generator.AbstractClassGenerator::inspectType @ 107 (560 bytes)

Stack: [0x000000abd7a00000,0x000000abd7b00000]
Native frames: (J=compiled Java code, j=interpreted, Vv=VM code, C=native code)
V  [jvm.dll+0x5f214a]
V  [jvm.dll+0x726fb5]
V  [jvm.dll+0x7285cd]
V  [jvm.dll+0x728c83]
V  [jvm.dll+0x243278]
V  [jvm.dll+0xbc53c]
V  [jvm.dll+0xbca3c]
V  [jvm.dll+0x2b5c34]
V  [jvm.dll+0x508488]
V  [jvm.dll+0x1fd826]
V  [jvm.dll+0x1fb35f]
V  [jvm.dll+0x183d6c]
V  [jvm.dll+0x209a57]
V  [jvm.dll+0x2082a1]
V  [jvm.dll+0x6ef58f]
V  [jvm.dll+0x6e80b5]
V  [jvm.dll+0x5f1036]
C  [ucrtbase.dll+0x21bb2]
C  [KERNEL32.DLL+0x17034]
C  [ntdll.dll+0x52651]


---------------  P R O C E S S  ---------------

Threads class SMR info:
_java_thread_list=0x0000023a6d1b6150, length=168, elements={
0x0000023a4c9c5800, 0x0000023a67af3000, 0x0000023a67af4800, 0x0000023a67b66800,
0x0000023a67b67800, 0x0000023a67b6a800, 0x0000023a67b6d800, 0x0000023a67b70800,
0x0000023a67bda000, 0x0000023a67cdc800, 0x0000023a69ecf800, 0x0000023a6a34b000,
0x0000023a69f25800, 0x0000023a6a3e3800, 0x0000023a6adb2800, 0x0000023a6a32f800,
0x0000023a68194000, 0x0000023a6964e800, 0x0000023a69363800, 0x0000023a6a041800,
0x0000023a6a044000, 0x0000023a6a03e000, 0x0000023a6a042000, 0x0000023a6a03f000,
0x0000023a6a040800, 0x0000023a6a044800, 0x0000023a6a040000, 0x0000023a6a043000,
0x0000023a6b06a800, 0x0000023a6b069000, 0x0000023a6b06b800, 0x0000023a6b068800,
0x0000023a6b066800, 0x0000023a6b067800, 0x0000023a6b072000, 0x0000023a6b06f000,
0x0000023a6b06e000, 0x0000023a6b071800, 0x0000023a6b070800, 0x0000023a6b06f800,
0x0000023a6b06d000, 0x0000023a6b06c800, 0x0000023a6b073000, 0x0000023a6b073800,
0x0000023a6b074800, 0x0000023a6d943000, 0x0000023a6d940000, 0x0000023a6d940800,
0x0000023a6d944000, 0x0000023a6d945000, 0x0000023a6d942800, 0x0000023a6d945800,
0x0000023a6d946800, 0x0000023a6d947000, 0x0000023a6d941800, 0x0000023a6d94d000,
0x0000023a6d94d800, 0x0000023a6d94c000, 0x0000023a6d94a800, 0x0000023a6d948000,
0x0000023a6d94e800, 0x0000023a6d94b800, 0x0000023a6d949800, 0x0000023a6d949000,
0x0000023a68f83000, 0x0000023a68f88000, 0x0000023a68f88800, 0x0000023a68f86000,
0x0000023a68f87000, 0x0000023a68f85800, 0x0000023a68f89800, 0x0000023a68f84000,
0x0000023a68f84800, 0x0000023a69f05000, 0x0000023a69f09000, 0x0000023a69f06000,
0x0000023a69f03800, 0x0000023a69f0a000, 0x0000023a69f04800, 0x0000023a69f0c800,
0x0000023a69f0b000, 0x0000023a69f08800, 0x0000023a69f0b800, 0x0000023a69f07000,
0x0000023a69f0d800, 0x0000023a69f07800, 0x0000023a69f12000, 0x0000023a69f0e000,
0x0000023a69f10000, 0x0000023a69f0f000, 0x0000023a69f11800, 0x0000023a69f10800,
0x0000023a6864e000, 0x0000023a6864a000, 0x0000023a6864d800, 0x0000023a6864f000,
0x0000023a6864b000, 0x0000023a6864b800, 0x0000023a6864c800, 0x0000023a68649800,
0x0000023a68651800, 0x0000023a68650000, 0x0000023a68650800, 0x0000023a68652800,
0x0000023a68653000, 0x0000023a68658000, 0x0000023a68654000, 0x0000023a68654800,
0x0000023a68655800, 0x0000023a68656800, 0x0000023a68657000, 0x0000023a6d5af800,
0x0000023a6d5b3000, 0x0000023a6d5ad800, 0x0000023a6d5ae000, 0x0000023a6d5b2000,
0x0000023a6d5b4000, 0x0000023a6d5b4800, 0x0000023a6d5af000, 0x0000023a6d5b5800,
0x0000023a6d5b6800, 0x0000023a6d5b0800, 0x0000023a6d5b7000, 0x0000023a6d5b1800,
0x0000023a6d5b9800, 0x0000023a6d5ba800, 0x0000023a6d5bc000, 0x0000023a6d5bb000,
0x0000023a6d5b8000, 0x0000023a6d5b8800, 0x0000023a6b9a2000, 0x0000023a6b9a4800,
0x0000023a6b9a1000, 0x0000023a6b9a5000, 0x0000023a6b9a6000, 0x0000023a6b9a2800,
0x0000023a6b9a0000, 0x0000023a6b9a8800, 0x0000023a6b9a6800, 0x0000023a6b9a9000,
0x0000023a6b9a3800, 0x0000023a6b9ab800, 0x0000023a6b9aa000, 0x0000023a6b9ac800,
0x0000023a6b9ab000, 0x0000023a6b9a7800, 0x0000023a6b9ad000, 0x0000023a6b9ae000,
0x0000023a6b9af000, 0x0000023a6b5db800, 0x0000023a6b5d9000, 0x0000023a6b5da000,
0x0000023a6b5db000, 0x0000023a6b5df800, 0x0000023a6b5e0800, 0x0000023a6b5e1800,
0x0000023a6b5dc800, 0x0000023a6b5de000, 0x0000023a6b5e2000, 0x0000023a6b5df000,
0x0000023a6b5e3000, 0x0000023a6b5dd800, 0x0000023a6b5e5800, 0x0000023a6b5e6000,
0x0000023a6b5e4800, 0x0000023a6a890000, 0x0000023a6d053000, 0x0000023a6b5e7000
}

Java Threads: ( => current thread )
  0x0000023a4c9c5800 JavaThread "main" [_thread_blocked, id=22756, stack(0x000000abd5100000,0x000000abd5200000)]
  0x0000023a67af3000 JavaThread "Reference Handler" daemon [_thread_blocked, id=25888, stack(0x000000abd5800000,0x000000abd5900000)]
  0x0000023a67af4800 JavaThread "Finalizer" daemon [_thread_blocked, id=24808, stack(0x000000abd5900000,0x000000abd5a00000)]
  0x0000023a67b66800 JavaThread "Signal Dispatcher" daemon [_thread_blocked, id=20240, stack(0x000000abd5a00000,0x000000abd5b00000)]
  0x0000023a67b67800 JavaThread "Attach Listener" daemon [_thread_blocked, id=16396, stack(0x000000abd5b00000,0x000000abd5c00000)]
  0x0000023a67b6a800 JavaThread "Service Thread" daemon [_thread_blocked, id=23416, stack(0x000000abd5c00000,0x000000abd5d00000)]
  0x0000023a67b6d800 JavaThread "C2 CompilerThread0" daemon [_thread_in_native, id=14568, stack(0x000000abd5d00000,0x000000abd5e00000)]
  0x0000023a67b70800 JavaThread "C1 CompilerThread0" daemon [_thread_in_native, id=6268, stack(0x000000abd5e00000,0x000000abd5f00000)]
  0x0000023a67bda000 JavaThread "Sweeper thread" daemon [_thread_blocked, id=16900, stack(0x000000abd5f00000,0x000000abd6000000)]
  0x0000023a67cdc800 JavaThread "Common-Cleaner" daemon [_thread_blocked, id=21456, stack(0x000000abd6000000,0x000000abd6100000)]
  0x0000023a69ecf800 JavaThread "Daemon health stats" [_thread_blocked, id=25012, stack(0x000000abd6900000,0x000000abd6a00000)]
  0x0000023a6a34b000 JavaThread "Incoming local TCP Connector on port 2254" [_thread_in_native, id=14140, stack(0x000000abd6200000,0x000000abd6300000)]
  0x0000023a69f25800 JavaThread "Daemon periodic checks" [_thread_blocked, id=10876, stack(0x000000abd6300000,0x000000abd6400000)]
  0x0000023a6a3e3800 JavaThread "Daemon" [_thread_blocked, id=8924, stack(0x000000abd6a00000,0x000000abd6b00000)]
  0x0000023a6adb2800 JavaThread "Handler for socket connection from /127.0.0.1:2254 to /127.0.0.1:2255" [_thread_in_native, id=17604, stack(0x000000abd6b00000,0x000000abd6c00000)]
  0x0000023a6a32f800 JavaThread "Cancel handler" [_thread_blocked, id=19232, stack(0x000000abd6c00000,0x000000abd6d00000)]
  0x0000023a68194000 JavaThread "Daemon worker" [_thread_in_native, id=10000, stack(0x000000abd6d00000,0x000000abd6e00000)]
  0x0000023a6964e800 JavaThread "Asynchronous log dispatcher for DefaultDaemonConnection: socket connection from /127.0.0.1:2254 to /127.0.0.1:2255" [_thread_blocked, id=7628, stack(0x000000abd6e00000,0x000000abd6f00000)]
  0x0000023a69363800 JavaThread "Stdin handler" [_thread_blocked, id=25820, stack(0x000000abd6f00000,0x000000abd7000000)]
  0x0000023a6a041800 JavaThread "Daemon client event forwarder" [_thread_blocked, id=24704, stack(0x000000abd7000000,0x000000abd7100000)]
  0x0000023a6a044000 JavaThread "Cache worker for journal cache (D:\AnZhuang\AndroidStudio\gradle-7.2\caches\journal-1)" [_thread_blocked, id=13636, stack(0x000000abd7100000,0x000000abd7200000)]
  0x0000023a6a03e000 JavaThread "File lock request listener" [_thread_in_native, id=26468, stack(0x000000abd7200000,0x000000abd7300000)]
  0x0000023a6a042000 JavaThread "Cache worker for file hash cache (D:\AnZhuang\AndroidStudio\gradle-7.2\caches\7.2\fileHashes)" [_thread_blocked, id=17280, stack(0x000000abd7300000,0x000000abd7400000)]
  0x0000023a6a03f000 JavaThread "Cache worker for file hash cache (D:\1EDU\6THREE2\Android\experimen\class-work\ControlLine\.gradle\7.2\fileHashes)" [_thread_blocked, id=27204, stack(0x000000abd7b00000,0x000000abd7c00000)]
  0x0000023a6a040800 JavaThread "File watcher server" daemon [_thread_in_native, id=20836, stack(0x000000abd7c00000,0x000000abd7d00000)]
  0x0000023a6a044800 JavaThread "File watcher consumer" daemon [_thread_blocked, id=14376, stack(0x000000abd7d00000,0x000000abd7e00000)]
  0x0000023a6a040000 JavaThread "Cache worker for checksums cache (D:\1EDU\6THREE2\Android\experimen\class-work\ControlLine\.gradle\checksums)" [_thread_blocked, id=14272, stack(0x000000abd7e00000,0x000000abd7f00000)]
  0x0000023a6a043000 JavaThread "Cache worker for cache directory md-supplier (D:\AnZhuang\AndroidStudio\gradle-7.2\caches\7.2\md-supplier)" [_thread_blocked, id=27276, stack(0x000000abd7f00000,0x000000abd8000000)]
  0x0000023a6b06a800 JavaThread "Cache worker for cache directory md-rule (D:\AnZhuang\AndroidStudio\gradle-7.2\caches\7.2\md-rule)" [_thread_blocked, id=7284, stack(0x000000abd8000000,0x000000abd8100000)]
  0x0000023a6b069000 JavaThread "Cache worker for execution history cache (D:\AnZhuang\AndroidStudio\gradle-7.2\caches\7.2\executionHistory)" [_thread_blocked, id=6684, stack(0x000000abd8100000,0x000000abd8200000)]
  0x0000023a6b06b800 JavaThread "jar transforms" [_thread_blocked, id=23632, stack(0x000000abd8300000,0x000000abd8400000)]
  0x0000023a6b068800 JavaThread "Cache worker for file content cache (D:\AnZhuang\AndroidStudio\gradle-7.2\caches\7.2\fileContent)" [_thread_blocked, id=19048, stack(0x000000abd8400000,0x000000abd8500000)]
  0x0000023a6b066800 JavaThread "jar transforms Thread 2" [_thread_blocked, id=17380, stack(0x000000abd8500000,0x000000abd8600000)]
  0x0000023a6b067800 JavaThread "Cache worker for dependencies-accessors (D:\1EDU\6THREE2\Android\experimen\class-work\ControlLine\.gradle\7.2\dependencies-accessors)" [_thread_blocked, id=4228, stack(0x000000abd8600000,0x000000abd8700000)]
  0x0000023a6b072000 JavaThread "jar transforms Thread 3" [_thread_blocked, id=26348, stack(0x000000abd8700000,0x000000abd8800000)]
  0x0000023a6b06f000 JavaThread "Cache worker for Build Output Cleanup Cache (D:\1EDU\6THREE2\Android\experimen\class-work\ControlLine\.gradle\buildOutputCleanup)" [_thread_blocked, id=3676, stack(0x000000abd8800000,0x000000abd8900000)]
  0x0000023a6b06e000 JavaThread "Unconstrained build operations" [_thread_blocked, id=20232, stack(0x000000abd8200000,0x000000abd8300000)]
  0x0000023a6b071800 JavaThread "Unconstrained build operations Thread 2" [_thread_blocked, id=6328, stack(0x000000abd8900000,0x000000abd8a00000)]
  0x0000023a6b070800 JavaThread "Unconstrained build operations Thread 3" [_thread_blocked, id=4120, stack(0x000000abd8a00000,0x000000abd8b00000)]
  0x0000023a6b06f800 JavaThread "Unconstrained build operations Thread 4" [_thread_blocked, id=15172, stack(0x000000abd8b00000,0x000000abd8c00000)]
  0x0000023a6b06d000 JavaThread "Unconstrained build operations Thread 5" [_thread_blocked, id=7752, stack(0x000000abd8c00000,0x000000abd8d00000)]
  0x0000023a6b06c800 JavaThread "Unconstrained build operations Thread 6" [_thread_blocked, id=8928, stack(0x000000abd8d00000,0x000000abd8e00000)]
  0x0000023a6b073000 JavaThread "Unconstrained build operations Thread 7" [_thread_blocked, id=22296, stack(0x000000abd8e00000,0x000000abd8f00000)]
  0x0000023a6b073800 JavaThread "Unconstrained build operations Thread 8" [_thread_blocked, id=26724, stack(0x000000abd8f00000,0x000000abd9000000)]
  0x0000023a6b074800 JavaThread "Unconstrained build operations Thread 9" [_thread_blocked, id=16656, stack(0x000000abd9000000,0x000000abd9100000)]
  0x0000023a6d943000 JavaThread "Unconstrained build operations Thread 10" [_thread_blocked, id=984, stack(0x000000abd9100000,0x000000abd9200000)]
  0x0000023a6d940000 JavaThread "Unconstrained build operations Thread 11" [_thread_blocked, id=6060, stack(0x000000abd9200000,0x000000abd9300000)]
  0x0000023a6d940800 JavaThread "Unconstrained build operations Thread 12" [_thread_blocked, id=8304, stack(0x000000abd9300000,0x000000abd9400000)]
  0x0000023a6d944000 JavaThread "Unconstrained build operations Thread 13" [_thread_blocked, id=12824, stack(0x000000abd9400000,0x000000abd9500000)]
  0x0000023a6d945000 JavaThread "Unconstrained build operations Thread 14" [_thread_blocked, id=24844, stack(0x000000abd9500000,0x000000abd9600000)]
  0x0000023a6d942800 JavaThread "Unconstrained build operations Thread 15" [_thread_blocked, id=5768, stack(0x000000abd9600000,0x000000abd9700000)]
  0x0000023a6d945800 JavaThread "Unconstrained build operations Thread 16" [_thread_blocked, id=22136, stack(0x000000abd9700000,0x000000abd9800000)]
  0x0000023a6d946800 JavaThread "Unconstrained build operations Thread 17" [_thread_blocked, id=13076, stack(0x000000abd9800000,0x000000abd9900000)]
  0x0000023a6d947000 JavaThread "Unconstrained build operations Thread 18" [_thread_blocked, id=16244, stack(0x000000abd9900000,0x000000abd9a00000)]
  0x0000023a6d941800 JavaThread "Unconstrained build operations Thread 19" [_thread_blocked, id=18552, stack(0x000000abd9a00000,0x000000abd9b00000)]
  0x0000023a6d94d000 JavaThread "Unconstrained build operations Thread 20" [_thread_blocked, id=21740, stack(0x000000abd9b00000,0x000000abd9c00000)]
  0x0000023a6d94d800 JavaThread "Unconstrained build operations Thread 21" [_thread_blocked, id=26824, stack(0x000000abd9c00000,0x000000abd9d00000)]
  0x0000023a6d94c000 JavaThread "Unconstrained build operations Thread 22" [_thread_blocked, id=25764, stack(0x000000abd9d00000,0x000000abd9e00000)]
  0x0000023a6d94a800 JavaThread "Unconstrained build operations Thread 23" [_thread_blocked, id=7128, stack(0x000000abd9e00000,0x000000abd9f00000)]
  0x0000023a6d948000 JavaThread "Unconstrained build operations Thread 24" [_thread_blocked, id=2960, stack(0x000000abd9f00000,0x000000abda000000)]
  0x0000023a6d94e800 JavaThread "Unconstrained build operations Thread 25" [_thread_blocked, id=23840, stack(0x000000abda000000,0x000000abda100000)]
  0x0000023a6d94b800 JavaThread "Unconstrained build operations Thread 26" [_thread_blocked, id=12356, stack(0x000000abda100000,0x000000abda200000)]
  0x0000023a6d949800 JavaThread "Unconstrained build operations Thread 27" [_thread_blocked, id=600, stack(0x000000abda200000,0x000000abda300000)]
  0x0000023a6d949000 JavaThread "Unconstrained build operations Thread 28" [_thread_blocked, id=18700, stack(0x000000abda300000,0x000000abda400000)]
  0x0000023a68f83000 JavaThread "Unconstrained build operations Thread 29" [_thread_blocked, id=21612, stack(0x000000abda400000,0x000000abda500000)]
  0x0000023a68f88000 JavaThread "Unconstrained build operations Thread 30" [_thread_blocked, id=27112, stack(0x000000abda500000,0x000000abda600000)]
  0x0000023a68f88800 JavaThread "Unconstrained build operations Thread 31" [_thread_blocked, id=24280, stack(0x000000abda600000,0x000000abda700000)]
  0x0000023a68f86000 JavaThread "Unconstrained build operations Thread 32" [_thread_blocked, id=24580, stack(0x000000abda700000,0x000000abda800000)]
  0x0000023a68f87000 JavaThread "Unconstrained build operations Thread 33" [_thread_blocked, id=16388, stack(0x000000abda800000,0x000000abda900000)]
  0x0000023a68f85800 JavaThread "Unconstrained build operations Thread 34" [_thread_blocked, id=22892, stack(0x000000abda900000,0x000000abdaa00000)]
  0x0000023a68f89800 JavaThread "Unconstrained build operations Thread 35" [_thread_blocked, id=18568, stack(0x000000abdaa00000,0x000000abdab00000)]
  0x0000023a68f84000 JavaThread "Unconstrained build operations Thread 36" [_thread_blocked, id=11208, stack(0x000000abdab00000,0x000000abdac00000)]
  0x0000023a68f84800 JavaThread "Unconstrained build operations Thread 37" [_thread_blocked, id=732, stack(0x000000abdac00000,0x000000abdad00000)]
  0x0000023a69f05000 JavaThread "Unconstrained build operations Thread 38" [_thread_blocked, id=17308, stack(0x000000abdad00000,0x000000abdae00000)]
  0x0000023a69f09000 JavaThread "Unconstrained build operations Thread 39" [_thread_blocked, id=20624, stack(0x000000abdae00000,0x000000abdaf00000)]
  0x0000023a69f06000 JavaThread "Unconstrained build operations Thread 40" [_thread_blocked, id=10220, stack(0x000000abdaf00000,0x000000abdb000000)]
  0x0000023a69f03800 JavaThread "Unconstrained build operations Thread 41" [_thread_blocked, id=20044, stack(0x000000abdb000000,0x000000abdb100000)]
  0x0000023a69f0a000 JavaThread "Unconstrained build operations Thread 42" [_thread_blocked, id=15532, stack(0x000000abdb100000,0x000000abdb200000)]
  0x0000023a69f04800 JavaThread "Unconstrained build operations Thread 43" [_thread_blocked, id=2472, stack(0x000000abdb200000,0x000000abdb300000)]
  0x0000023a69f0c800 JavaThread "Unconstrained build operations Thread 44" [_thread_blocked, id=13300, stack(0x000000abdb300000,0x000000abdb400000)]
  0x0000023a69f0b000 JavaThread "Unconstrained build operations Thread 45" [_thread_blocked, id=16968, stack(0x000000abdb400000,0x000000abdb500000)]
  0x0000023a69f08800 JavaThread "Unconstrained build operations Thread 46" [_thread_blocked, id=18784, stack(0x000000abdb500000,0x000000abdb600000)]
  0x0000023a69f0b800 JavaThread "Unconstrained build operations Thread 47" [_thread_blocked, id=16424, stack(0x000000abdb600000,0x000000abdb700000)]
  0x0000023a69f07000 JavaThread "Unconstrained build operations Thread 48" [_thread_blocked, id=26360, stack(0x000000abdb700000,0x000000abdb800000)]
  0x0000023a69f0d800 JavaThread "Unconstrained build operations Thread 49" [_thread_blocked, id=1844, stack(0x000000abdb800000,0x000000abdb900000)]
  0x0000023a69f07800 JavaThread "Unconstrained build operations Thread 50" [_thread_blocked, id=13316, stack(0x000000abdb900000,0x000000abdba00000)]
  0x0000023a69f12000 JavaThread "Unconstrained build operations Thread 51" [_thread_blocked, id=15336, stack(0x000000abdba00000,0x000000abdbb00000)]
  0x0000023a69f0e000 JavaThread "Unconstrained build operations Thread 52" [_thread_blocked, id=23464, stack(0x000000abdbb00000,0x000000abdbc00000)]
  0x0000023a69f10000 JavaThread "Unconstrained build operations Thread 53" [_thread_blocked, id=11808, stack(0x000000abdbc00000,0x000000abdbd00000)]
  0x0000023a69f0f000 JavaThread "Unconstrained build operations Thread 54" [_thread_blocked, id=4736, stack(0x000000abdbd00000,0x000000abdbe00000)]
  0x0000023a69f11800 JavaThread "Unconstrained build operations Thread 55" [_thread_blocked, id=14180, stack(0x000000abdbe00000,0x000000abdbf00000)]
  0x0000023a69f10800 JavaThread "Unconstrained build operations Thread 56" [_thread_blocked, id=20872, stack(0x000000abdbf00000,0x000000abdc000000)]
  0x0000023a6864e000 JavaThread "Unconstrained build operations Thread 57" [_thread_blocked, id=8380, stack(0x000000abdc000000,0x000000abdc100000)]
  0x0000023a6864a000 JavaThread "Unconstrained build operations Thread 58" [_thread_blocked, id=4284, stack(0x000000abdc100000,0x000000abdc200000)]
  0x0000023a6864d800 JavaThread "Unconstrained build operations Thread 59" [_thread_blocked, id=14052, stack(0x000000abdc200000,0x000000abdc300000)]
  0x0000023a6864f000 JavaThread "Unconstrained build operations Thread 60" [_thread_blocked, id=16868, stack(0x000000abdc300000,0x000000abdc400000)]
  0x0000023a6864b000 JavaThread "Unconstrained build operations Thread 61" [_thread_blocked, id=6256, stack(0x000000abdc400000,0x000000abdc500000)]
  0x0000023a6864b800 JavaThread "Unconstrained build operations Thread 62" [_thread_blocked, id=4404, stack(0x000000abdc500000,0x000000abdc600000)]
  0x0000023a6864c800 JavaThread "Unconstrained build operations Thread 63" [_thread_blocked, id=27164, stack(0x000000abdc600000,0x000000abdc700000)]
  0x0000023a68649800 JavaThread "Unconstrained build operations Thread 64" [_thread_blocked, id=17740, stack(0x000000abdc700000,0x000000abdc800000)]
  0x0000023a68651800 JavaThread "Unconstrained build operations Thread 65" [_thread_blocked, id=24260, stack(0x000000abdc800000,0x000000abdc900000)]
  0x0000023a68650000 JavaThread "Unconstrained build operations Thread 66" [_thread_blocked, id=18376, stack(0x000000abdc900000,0x000000abdca00000)]
  0x0000023a68650800 JavaThread "Unconstrained build operations Thread 67" [_thread_blocked, id=15644, stack(0x000000abdca00000,0x000000abdcb00000)]
  0x0000023a68652800 JavaThread "Unconstrained build operations Thread 68" [_thread_blocked, id=25992, stack(0x000000abdcb00000,0x000000abdcc00000)]
  0x0000023a68653000 JavaThread "Unconstrained build operations Thread 69" [_thread_blocked, id=3408, stack(0x000000abdcc00000,0x000000abdcd00000)]
  0x0000023a68658000 JavaThread "Unconstrained build operations Thread 70" [_thread_blocked, id=9508, stack(0x000000abdcd00000,0x000000abdce00000)]
  0x0000023a68654000 JavaThread "Unconstrained build operations Thread 71" [_thread_blocked, id=18500, stack(0x000000abdce00000,0x000000abdcf00000)]
  0x0000023a68654800 JavaThread "Unconstrained build operations Thread 72" [_thread_blocked, id=26320, stack(0x000000abdcf00000,0x000000abdd000000)]
  0x0000023a68655800 JavaThread "Unconstrained build operations Thread 73" [_thread_blocked, id=16008, stack(0x000000abdd000000,0x000000abdd100000)]
  0x0000023a68656800 JavaThread "Unconstrained build operations Thread 74" [_thread_blocked, id=14360, stack(0x000000abdd100000,0x000000abdd200000)]
  0x0000023a68657000 JavaThread "Unconstrained build operations Thread 75" [_thread_blocked, id=17844, stack(0x000000abdd200000,0x000000abdd300000)]
  0x0000023a6d5af800 JavaThread "Unconstrained build operations Thread 76" [_thread_blocked, id=27032, stack(0x000000abdd300000,0x000000abdd400000)]
  0x0000023a6d5b3000 JavaThread "Unconstrained build operations Thread 77" [_thread_blocked, id=19504, stack(0x000000abdd400000,0x000000abdd500000)]
  0x0000023a6d5ad800 JavaThread "Unconstrained build operations Thread 78" [_thread_blocked, id=26876, stack(0x000000abdd500000,0x000000abdd600000)]
  0x0000023a6d5ae000 JavaThread "Unconstrained build operations Thread 79" [_thread_blocked, id=23140, stack(0x000000abdd600000,0x000000abdd700000)]
  0x0000023a6d5b2000 JavaThread "Unconstrained build operations Thread 80" [_thread_blocked, id=23844, stack(0x000000abdd700000,0x000000abdd800000)]
  0x0000023a6d5b4000 JavaThread "Unconstrained build operations Thread 81" [_thread_blocked, id=22820, stack(0x000000abdd800000,0x000000abdd900000)]
  0x0000023a6d5b4800 JavaThread "Unconstrained build operations Thread 82" [_thread_blocked, id=9180, stack(0x000000abdd900000,0x000000abdda00000)]
  0x0000023a6d5af000 JavaThread "Unconstrained build operations Thread 83" [_thread_blocked, id=11060, stack(0x000000abdda00000,0x000000abddb00000)]
  0x0000023a6d5b5800 JavaThread "Unconstrained build operations Thread 84" [_thread_blocked, id=21872, stack(0x000000abddb00000,0x000000abddc00000)]
  0x0000023a6d5b6800 JavaThread "Unconstrained build operations Thread 85" [_thread_blocked, id=18848, stack(0x000000abddc00000,0x000000abddd00000)]
  0x0000023a6d5b0800 JavaThread "Unconstrained build operations Thread 86" [_thread_blocked, id=27488, stack(0x000000abddd00000,0x000000abdde00000)]
  0x0000023a6d5b7000 JavaThread "Unconstrained build operations Thread 87" [_thread_blocked, id=17084, stack(0x000000abdde00000,0x000000abddf00000)]
  0x0000023a6d5b1800 JavaThread "Unconstrained build operations Thread 88" [_thread_blocked, id=11236, stack(0x000000abddf00000,0x000000abde000000)]
  0x0000023a6d5b9800 JavaThread "Unconstrained build operations Thread 89" [_thread_blocked, id=24532, stack(0x000000abde000000,0x000000abde100000)]
  0x0000023a6d5ba800 JavaThread "Unconstrained build operations Thread 90" [_thread_blocked, id=25860, stack(0x000000abde100000,0x000000abde200000)]
  0x0000023a6d5bc000 JavaThread "Unconstrained build operations Thread 91" [_thread_blocked, id=2476, stack(0x000000abde200000,0x000000abde300000)]
  0x0000023a6d5bb000 JavaThread "Unconstrained build operations Thread 92" [_thread_blocked, id=12780, stack(0x000000abde300000,0x000000abde400000)]
  0x0000023a6d5b8000 JavaThread "Unconstrained build operations Thread 93" [_thread_blocked, id=25676, stack(0x000000abde400000,0x000000abde500000)]
  0x0000023a6d5b8800 JavaThread "Unconstrained build operations Thread 94" [_thread_blocked, id=21876, stack(0x000000abde500000,0x000000abde600000)]
  0x0000023a6b9a2000 JavaThread "Unconstrained build operations Thread 95" [_thread_blocked, id=20032, stack(0x000000abde600000,0x000000abde700000)]
  0x0000023a6b9a4800 JavaThread "Unconstrained build operations Thread 96" [_thread_blocked, id=7676, stack(0x000000abde700000,0x000000abde800000)]
  0x0000023a6b9a1000 JavaThread "Unconstrained build operations Thread 97" [_thread_blocked, id=21576, stack(0x000000abde800000,0x000000abde900000)]
  0x0000023a6b9a5000 JavaThread "Unconstrained build operations Thread 98" [_thread_blocked, id=22172, stack(0x000000abde900000,0x000000abdea00000)]
  0x0000023a6b9a6000 JavaThread "Unconstrained build operations Thread 99" [_thread_blocked, id=4820, stack(0x000000abdea00000,0x000000abdeb00000)]
  0x0000023a6b9a2800 JavaThread "Unconstrained build operations Thread 100" [_thread_blocked, id=23044, stack(0x000000abdeb00000,0x000000abdec00000)]
  0x0000023a6b9a0000 JavaThread "Unconstrained build operations Thread 101" [_thread_blocked, id=26652, stack(0x000000abdec00000,0x000000abded00000)]
  0x0000023a6b9a8800 JavaThread "Unconstrained build operations Thread 102" [_thread_blocked, id=24772, stack(0x000000abded00000,0x000000abdee00000)]
  0x0000023a6b9a6800 JavaThread "Unconstrained build operations Thread 103" [_thread_blocked, id=25532, stack(0x000000abdee00000,0x000000abdef00000)]
  0x0000023a6b9a9000 JavaThread "Unconstrained build operations Thread 104" [_thread_blocked, id=22324, stack(0x000000abdef00000,0x000000abdf000000)]
  0x0000023a6b9a3800 JavaThread "Unconstrained build operations Thread 105" [_thread_blocked, id=4944, stack(0x000000abdf000000,0x000000abdf100000)]
  0x0000023a6b9ab800 JavaThread "Unconstrained build operations Thread 106" [_thread_blocked, id=13176, stack(0x000000abdf100000,0x000000abdf200000)]
  0x0000023a6b9aa000 JavaThread "Unconstrained build operations Thread 107" [_thread_blocked, id=26576, stack(0x000000abdf200000,0x000000abdf300000)]
  0x0000023a6b9ac800 JavaThread "Unconstrained build operations Thread 108" [_thread_blocked, id=17480, stack(0x000000abdf300000,0x000000abdf400000)]
  0x0000023a6b9ab000 JavaThread "Unconstrained build operations Thread 109" [_thread_blocked, id=14800, stack(0x000000abdf400000,0x000000abdf500000)]
  0x0000023a6b9a7800 JavaThread "Unconstrained build operations Thread 110" [_thread_blocked, id=21992, stack(0x000000abdf500000,0x000000abdf600000)]
  0x0000023a6b9ad000 JavaThread "Unconstrained build operations Thread 111" [_thread_blocked, id=19348, stack(0x000000abdf600000,0x000000abdf700000)]
  0x0000023a6b9ae000 JavaThread "Unconstrained build operations Thread 112" [_thread_blocked, id=1664, stack(0x000000abdf700000,0x000000abdf800000)]
  0x0000023a6b9af000 JavaThread "Unconstrained build operations Thread 113" [_thread_blocked, id=20976, stack(0x000000abdf800000,0x000000abdf900000)]
  0x0000023a6b5db800 JavaThread "Unconstrained build operations Thread 114" [_thread_blocked, id=18792, stack(0x000000abdf900000,0x000000abdfa00000)]
  0x0000023a6b5d9000 JavaThread "Unconstrained build operations Thread 115" [_thread_blocked, id=24620, stack(0x000000abdfa00000,0x000000abdfb00000)]
  0x0000023a6b5da000 JavaThread "Unconstrained build operations Thread 116" [_thread_blocked, id=7976, stack(0x000000abdfb00000,0x000000abdfc00000)]
  0x0000023a6b5db000 JavaThread "Unconstrained build operations Thread 117" [_thread_blocked, id=24180, stack(0x000000abdfc00000,0x000000abdfd00000)]
  0x0000023a6b5df800 JavaThread "Unconstrained build operations Thread 118" [_thread_blocked, id=22912, stack(0x000000abdfd00000,0x000000abdfe00000)]
  0x0000023a6b5e0800 JavaThread "Unconstrained build operations Thread 119" [_thread_blocked, id=26472, stack(0x000000abdfe00000,0x000000abdff00000)]
  0x0000023a6b5e1800 JavaThread "Unconstrained build operations Thread 120" [_thread_blocked, id=16872, stack(0x000000abdff00000,0x000000abe0000000)]
  0x0000023a6b5dc800 JavaThread "jar transforms Thread 4" [_thread_blocked, id=16824, stack(0x000000abe0100000,0x000000abe0200000)]
  0x0000023a6b5de000 JavaThread "jar transforms Thread 5" [_thread_blocked, id=6184, stack(0x000000abe0200000,0x000000abe0300000)]
  0x0000023a6b5e2000 JavaThread "jar transforms Thread 6" [_thread_blocked, id=14640, stack(0x000000abe0300000,0x000000abe0400000)]
  0x0000023a6b5df000 JavaThread "jar transforms Thread 7" [_thread_blocked, id=2368, stack(0x000000abe0400000,0x000000abe0500000)]
  0x0000023a6b5e3000 JavaThread "jar transforms Thread 8" [_thread_blocked, id=12508, stack(0x000000abe0500000,0x000000abe0600000)]
  0x0000023a6b5dd800 JavaThread "jar transforms Thread 9" [_thread_blocked, id=12276, stack(0x000000abe0600000,0x000000abe0700000)]
  0x0000023a6b5e5800 JavaThread "jar transforms Thread 10" [_thread_blocked, id=19372, stack(0x000000abe0700000,0x000000abe0800000)]
  0x0000023a6b5e6000 JavaThread "jar transforms Thread 11" [_thread_blocked, id=26552, stack(0x000000abe0800000,0x000000abe0900000)]
  0x0000023a6b5e4800 JavaThread "jar transforms Thread 12" [_thread_blocked, id=20120, stack(0x000000abe0900000,0x000000abe0a00000)]
=>0x0000023a6a890000 JavaThread "C2 CompilerThread1" daemon [_thread_in_native, id=1916, stack(0x000000abd7a00000,0x000000abd7b00000)]
  0x0000023a6d053000 JavaThread "C2 CompilerThread2" daemon [_thread_in_native, id=9764, stack(0x000000abe0000000,0x000000abe0100000)]
  0x0000023a6b5e7000 JavaThread "Memory manager" [_thread_blocked, id=21496, stack(0x000000abe0a00000,0x000000abe0b00000)]

Other Threads:
  0x0000023a67af1000 VMThread "VM Thread" [stack: 0x000000abd5700000,0x000000abd5800000] [id=15628]
  0x0000023a67ce9000 WatcherThread [stack: 0x000000abd6100000,0x000000abd6200000] [id=6176]
  0x0000023a4c9e0800 GCTaskThread "GC Thread#0" [stack: 0x000000abd5200000,0x000000abd5300000] [id=10736]
  0x0000023a68bd5800 GCTaskThread "GC Thread#1" [stack: 0x000000abd6400000,0x000000abd6500000] [id=27320]
  0x0000023a68af7800 GCTaskThread "GC Thread#2" [stack: 0x000000abd6500000,0x000000abd6600000] [id=27392]
  0x0000023a69043800 GCTaskThread "GC Thread#3" [stack: 0x000000abd6600000,0x000000abd6700000] [id=13252]
  0x0000023a68d87000 GCTaskThread "GC Thread#4" [stack: 0x000000abd6700000,0x000000abd6800000] [id=22604]
  0x0000023a67e54800 GCTaskThread "GC Thread#5" [stack: 0x000000abd6800000,0x000000abd6900000] [id=20172]
  0x0000023a69fab000 GCTaskThread "GC Thread#6" [stack: 0x000000abd7400000,0x000000abd7500000] [id=14000]
  0x0000023a6a1b1000 GCTaskThread "GC Thread#7" [stack: 0x000000abd7500000,0x000000abd7600000] [id=19896]
  0x0000023a68911000 GCTaskThread "GC Thread#8" [stack: 0x000000abd7600000,0x000000abd7700000] [id=12996]
  0x0000023a68ac4000 GCTaskThread "GC Thread#9" [stack: 0x000000abd7700000,0x000000abd7800000] [id=21500]
  0x0000023a4ca12000 ConcurrentGCThread "G1 Main Marker" [stack: 0x000000abd5300000,0x000000abd5400000] [id=24364]
  0x0000023a4ca13000 ConcurrentGCThread "G1 Conc#0" [stack: 0x000000abd5400000,0x000000abd5500000] [id=26240]
  0x0000023a6a758000 ConcurrentGCThread "G1 Conc#1" [stack: 0x000000abd7800000,0x000000abd7900000] [id=20904]
  0x0000023a6a75d000 ConcurrentGCThread "G1 Conc#2" [stack: 0x000000abd7900000,0x000000abd7a00000] [id=14040]
  0x0000023a6713b800 ConcurrentGCThread "G1 Refine#0" [stack: 0x000000abd5500000,0x000000abd5600000] [id=26568]
  0x0000023a6713c800 ConcurrentGCThread "G1 Young RemSet Sampling" [stack: 0x000000abd5600000,0x000000abd5700000] [id=3180]

Threads with active compile tasks:
C2 CompilerThread0   9128 6402       4       java.util.TreeMap::put (247 bytes)
C1 CompilerThread0   9128 6456       3       java.util.regex.Pattern::Range (36 bytes)
C2 CompilerThread1   9128 6299 %     4       org.gradle.internal.instantiation.generator.AbstractClassGenerator::inspectType @ 107 (560 bytes)
C2 CompilerThread2   9128 6413       4       java.util.regex.Pattern::RemoveQEQuoting (346 bytes)

VM state:not at safepoint (normal execution)

VM Mutex/Monitor currently owned by a thread: None

Heap address: 0x0000000080000000, size: 2048 MB, Compressed Oops mode: 32-bit
Narrow klass base: 0x0000000000000000, Narrow klass shift: 3
Compressed class space size: 1073741824 Address: 0x0000000100000000

Heap:
 garbage-first heap   total 262144K, used 107655K [0x0000000080000000, 0x0000000100000000)
  region size 1024K, 73 young (74752K), 12 survivors (12288K)
 Metaspace       used 64218K, capacity 65728K, committed 66044K, reserved 1105920K
  class space    used 8152K, capacity 8740K, committed 8832K, reserved 1048576K
Heap Regions: E=young(eden), S=young(survivor), O=old, HS=humongous(starts), HC=humongous(continues), CS=collection set, F=free, A=archive, TAMS=top-at-mark-start (previous, next)
|   0|0x0000000080000000, 0x0000000080100000, 0x0000000080100000|100%| O|  |TAMS 0x0000000080100000, 0x0000000080000000| Untracked 
|   1|0x0000000080100000, 0x0000000080200000, 0x0000000080200000|100%| O|  |TAMS 0x0000000080200000, 0x0000000080100000| Untracked 
|   2|0x0000000080200000, 0x0000000080300000, 0x0000000080300000|100%| O|  |TAMS 0x0000000080300000, 0x0000000080200000| Untracked 
|   3|0x0000000080300000, 0x0000000080400000, 0x0000000080400000|100%|HS|  |TAMS 0x0000000080400000, 0x0000000080300000| Complete 
|   4|0x0000000080400000, 0x0000000080500000, 0x0000000080500000|100%|HC|  |TAMS 0x0000000080500000, 0x0000000080400000| Complete 
|   5|0x0000000080500000, 0x0000000080600000, 0x0000000080600000|100%|HC|  |TAMS 0x0000000080600000, 0x0000000080500000| Complete 
|   6|0x0000000080600000, 0x0000000080700000, 0x0000000080700000|100%| O|  |TAMS 0x0000000080700000, 0x0000000080600000| Untracked 
|   7|0x0000000080700000, 0x0000000080800000, 0x0000000080800000|100%| O|  |TAMS 0x0000000080800000, 0x0000000080700000| Untracked 
|   8|0x0000000080800000, 0x0000000080900000, 0x0000000080900000|100%| O|  |TAMS 0x0000000080900000, 0x0000000080800000| Untracked 
|   9|0x0000000080900000, 0x0000000080a00000, 0x0000000080a00000|100%| O|  |TAMS 0x0000000080a00000, 0x0000000080900000| Untracked 
|  10|0x0000000080a00000, 0x0000000080b00000, 0x0000000080b00000|100%| O|  |TAMS 0x0000000080b00000, 0x0000000080a00000| Untracked 
|  11|0x0000000080b00000, 0x0000000080c00000, 0x0000000080c00000|100%| O|  |TAMS 0x0000000080c00000, 0x0000000080b00000| Untracked 
|  12|0x0000000080c00000, 0x0000000080d00000, 0x0000000080d00000|100%| O|  |TAMS 0x0000000080d00000, 0x0000000080c00000| Untracked 
|  13|0x0000000080d00000, 0x0000000080e00000, 0x0000000080e00000|100%| O|  |TAMS 0x0000000080e00000, 0x0000000080d00000| Untracked 
|  14|0x0000000080e00000, 0x0000000080f00000, 0x0000000080f00000|100%| O|  |TAMS 0x0000000080f00000, 0x0000000080e00000| Untracked 
|  15|0x0000000080f00000, 0x0000000081000000, 0x0000000081000000|100%| O|  |TAMS 0x0000000081000000, 0x0000000080f00000| Untracked 
|  16|0x0000000081000000, 0x0000000081100000, 0x0000000081100000|100%| O|  |TAMS 0x0000000081100000, 0x0000000081000000| Untracked 
|  17|0x0000000081100000, 0x0000000081200000, 0x0000000081200000|100%|HS|  |TAMS 0x0000000081200000, 0x0000000081100000| Complete 
|  18|0x0000000081200000, 0x0000000081300000, 0x0000000081300000|100%|HS|  |TAMS 0x0000000081300000, 0x0000000081200000| Complete 
|  19|0x0000000081300000, 0x0000000081400000, 0x0000000081400000|100%|HS|  |TAMS 0x0000000081400000, 0x0000000081300000| Complete 
|  20|0x0000000081400000, 0x0000000081500000, 0x0000000081500000|100%|HS|  |TAMS 0x0000000081500000, 0x0000000081400000| Complete 
|  21|0x0000000081500000, 0x0000000081600000, 0x0000000081600000|100%|HC|  |TAMS 0x0000000081600000, 0x0000000081500000| Complete 
|  22|0x0000000081600000, 0x0000000081700000, 0x0000000081700000|100%| O|  |TAMS 0x0000000081700000, 0x0000000081600000| Untracked 
|  23|0x0000000081700000, 0x0000000081800000, 0x0000000081800000|100%| O|  |TAMS 0x0000000081800000, 0x0000000081700000| Untracked 
|  24|0x0000000081800000, 0x0000000081900000, 0x0000000081900000|100%| O|  |TAMS 0x0000000081900000, 0x0000000081800000| Untracked 
|  25|0x0000000081900000, 0x0000000081a00000, 0x0000000081a00000|100%| O|  |TAMS 0x0000000081a00000, 0x0000000081900000| Untracked 
|  26|0x0000000081a00000, 0x0000000081b00000, 0x0000000081b00000|100%| O|  |TAMS 0x0000000081b00000, 0x0000000081a00000| Untracked 
|  27|0x0000000081b00000, 0x0000000081c00000, 0x0000000081c00000|100%| O|  |TAMS 0x0000000081c00000, 0x0000000081b00000| Untracked 
|  28|0x0000000081c00000, 0x0000000081d00000, 0x0000000081d00000|100%| O|  |TAMS 0x0000000081d00000, 0x0000000081c00000| Untracked 
|  29|0x0000000081d00000, 0x0000000081e00000, 0x0000000081e00000|100%| O|  |TAMS 0x0000000081e00000, 0x0000000081d00000| Untracked 
|  30|0x0000000081e00000, 0x0000000081f00000, 0x0000000081f00000|100%| O|  |TAMS 0x0000000081f00000, 0x0000000081e00000| Untracked 
|  31|0x0000000081f00000, 0x0000000082000000, 0x0000000082000000|100%| O|  |TAMS 0x0000000082000000, 0x0000000081f00000| Untracked 
|  32|0x0000000082000000, 0x0000000082100000, 0x0000000082100000|100%| O|  |TAMS 0x0000000082100000, 0x0000000082000000| Untracked 
|  33|0x0000000082100000, 0x000000008214ce00, 0x0000000082200000| 30%| O|  |TAMS 0x000000008214ce00, 0x0000000082100000| Untracked 
|  34|0x0000000082200000, 0x0000000082300000, 0x0000000082300000|100%|HS|  |TAMS 0x0000000082200000, 0x0000000082200000| Complete 
|  35|0x0000000082300000, 0x0000000082300000, 0x0000000082400000|  0%| F|  |TAMS 0x0000000082300000, 0x0000000082300000| Untracked 
|  36|0x0000000082400000, 0x0000000082400000, 0x0000000082500000|  0%| F|  |TAMS 0x0000000082400000, 0x0000000082400000| Untracked 
|  37|0x0000000082500000, 0x0000000082500000, 0x0000000082600000|  0%| F|  |TAMS 0x0000000082500000, 0x0000000082500000| Untracked 
|  38|0x0000000082600000, 0x0000000082600000, 0x0000000082700000|  0%| F|  |TAMS 0x0000000082600000, 0x0000000082600000| Untracked 
|  39|0x0000000082700000, 0x0000000082700000, 0x0000000082800000|  0%| F|  |TAMS 0x0000000082700000, 0x0000000082700000| Untracked 
|  40|0x0000000082800000, 0x0000000082800000, 0x0000000082900000|  0%| F|  |TAMS 0x0000000082800000, 0x0000000082800000| Untracked 
|  41|0x0000000082900000, 0x0000000082900000, 0x0000000082a00000|  0%| F|  |TAMS 0x0000000082900000, 0x0000000082900000| Untracked 
|  42|0x0000000082a00000, 0x0000000082a00000, 0x0000000082b00000|  0%| F|  |TAMS 0x0000000082a00000, 0x0000000082a00000| Untracked 
|  43|0x0000000082b00000, 0x0000000082b00000, 0x0000000082c00000|  0%| F|  |TAMS 0x0000000082b00000, 0x0000000082b00000| Untracked 
|  44|0x0000000082c00000, 0x0000000082c00000, 0x0000000082d00000|  0%| F|  |TAMS 0x0000000082c00000, 0x0000000082c00000| Untracked 
|  45|0x0000000082d00000, 0x0000000082d00000, 0x0000000082e00000|  0%| F|  |TAMS 0x0000000082d00000, 0x0000000082d00000| Untracked 
|  46|0x0000000082e00000, 0x0000000082e00000, 0x0000000082f00000|  0%| F|  |TAMS 0x0000000082e00000, 0x0000000082e00000| Untracked 
|  47|0x0000000082f00000, 0x0000000082f00000, 0x0000000083000000|  0%| F|  |TAMS 0x0000000082f00000, 0x0000000082f00000| Untracked 
|  48|0x0000000083000000, 0x0000000083000000, 0x0000000083100000|  0%| F|  |TAMS 0x0000000083000000, 0x0000000083000000| Untracked 
|  49|0x0000000083100000, 0x0000000083100000, 0x0000000083200000|  0%| F|  |TAMS 0x0000000083100000, 0x0000000083100000| Untracked 
|  50|0x0000000083200000, 0x0000000083200000, 0x0000000083300000|  0%| F|  |TAMS 0x0000000083200000, 0x0000000083200000| Untracked 
|  51|0x0000000083300000, 0x0000000083300000, 0x0000000083400000|  0%| F|  |TAMS 0x0000000083300000, 0x0000000083300000| Untracked 
|  52|0x0000000083400000, 0x0000000083400000, 0x0000000083500000|  0%| F|  |TAMS 0x0000000083400000, 0x0000000083400000| Untracked 
|  53|0x0000000083500000, 0x0000000083500000, 0x0000000083600000|  0%| F|  |TAMS 0x0000000083500000, 0x0000000083500000| Untracked 
|  54|0x0000000083600000, 0x0000000083600000, 0x0000000083700000|  0%| F|  |TAMS 0x0000000083600000, 0x0000000083600000| Untracked 
|  55|0x0000000083700000, 0x0000000083700000, 0x0000000083800000|  0%| F|  |TAMS 0x0000000083700000, 0x0000000083700000| Untracked 
|  56|0x0000000083800000, 0x0000000083800000, 0x0000000083900000|  0%| F|  |TAMS 0x0000000083800000, 0x0000000083800000| Untracked 
|  57|0x0000000083900000, 0x0000000083900000, 0x0000000083a00000|  0%| F|  |TAMS 0x0000000083900000, 0x0000000083900000| Untracked 
|  58|0x0000000083a00000, 0x0000000083a00000, 0x0000000083b00000|  0%| F|  |TAMS 0x0000000083a00000, 0x0000000083a00000| Untracked 
|  59|0x0000000083b00000, 0x0000000083b00000, 0x0000000083c00000|  0%| F|  |TAMS 0x0000000083b00000, 0x0000000083b00000| Untracked 
|  60|0x0000000083c00000, 0x0000000083c00000, 0x0000000083d00000|  0%| F|  |TAMS 0x0000000083c00000, 0x0000000083c00000| Untracked 
|  61|0x0000000083d00000, 0x0000000083d00000, 0x0000000083e00000|  0%| F|  |TAMS 0x0000000083d00000, 0x0000000083d00000| Untracked 
|  62|0x0000000083e00000, 0x0000000083e00000, 0x0000000083f00000|  0%| F|  |TAMS 0x0000000083e00000, 0x0000000083e00000| Untracked 
|  63|0x0000000083f00000, 0x0000000083f00000, 0x0000000084000000|  0%| F|  |TAMS 0x0000000083f00000, 0x0000000083f00000| Untracked 
|  64|0x0000000084000000, 0x0000000084000000, 0x0000000084100000|  0%| F|  |TAMS 0x0000000084000000, 0x0000000084000000| Untracked 
|  65|0x0000000084100000, 0x0000000084100000, 0x0000000084200000|  0%| F|  |TAMS 0x0000000084100000, 0x0000000084100000| Untracked 
|  66|0x0000000084200000, 0x0000000084200000, 0x0000000084300000|  0%| F|  |TAMS 0x0000000084200000, 0x0000000084200000| Untracked 
|  67|0x0000000084300000, 0x0000000084300000, 0x0000000084400000|  0%| F|  |TAMS 0x0000000084300000, 0x0000000084300000| Untracked 
|  68|0x0000000084400000, 0x0000000084400000, 0x0000000084500000|  0%| F|  |TAMS 0x0000000084400000, 0x0000000084400000| Untracked 
|  69|0x0000000084500000, 0x0000000084500000, 0x0000000084600000|  0%| F|  |TAMS 0x0000000084500000, 0x0000000084500000| Untracked 
|  70|0x0000000084600000, 0x0000000084600000, 0x0000000084700000|  0%| F|  |TAMS 0x0000000084600000, 0x0000000084600000| Untracked 
|  71|0x0000000084700000, 0x0000000084700000, 0x0000000084800000|  0%| F|  |TAMS 0x0000000084700000, 0x0000000084700000| Untracked 
|  72|0x0000000084800000, 0x0000000084800000, 0x0000000084900000|  0%| F|  |TAMS 0x0000000084800000, 0x0000000084800000| Untracked 
|  73|0x0000000084900000, 0x0000000084900000, 0x0000000084a00000|  0%| F|  |TAMS 0x0000000084900000, 0x0000000084900000| Untracked 
|  74|0x0000000084a00000, 0x0000000084a00000, 0x0000000084b00000|  0%| F|  |TAMS 0x0000000084a00000, 0x0000000084a00000| Untracked 
|  75|0x0000000084b00000, 0x0000000084b00000, 0x0000000084c00000|  0%| F|  |TAMS 0x0000000084b00000, 0x0000000084b00000| Untracked 
|  76|0x0000000084c00000, 0x0000000084c00000, 0x0000000084d00000|  0%| F|  |TAMS 0x0000000084c00000, 0x0000000084c00000| Untracked 
|  77|0x0000000084d00000, 0x0000000084d00000, 0x0000000084e00000|  0%| F|  |TAMS 0x0000000084d00000, 0x0000000084d00000| Untracked 
|  78|0x0000000084e00000, 0x0000000084e00000, 0x0000000084f00000|  0%| F|  |TAMS 0x0000000084e00000, 0x0000000084e00000| Untracked 
|  79|0x0000000084f00000, 0x0000000084f00000, 0x0000000085000000|  0%| F|  |TAMS 0x0000000084f00000, 0x0000000084f00000| Untracked 
|  80|0x0000000085000000, 0x0000000085000000, 0x0000000085100000|  0%| F|  |TAMS 0x0000000085000000, 0x0000000085000000| Untracked 
|  81|0x0000000085100000, 0x0000000085100000, 0x0000000085200000|  0%| F|  |TAMS 0x0000000085100000, 0x0000000085100000| Untracked 
|  82|0x0000000085200000, 0x0000000085200000, 0x0000000085300000|  0%| F|  |TAMS 0x0000000085200000, 0x0000000085200000| Untracked 
|  83|0x0000000085300000, 0x0000000085300000, 0x0000000085400000|  0%| F|  |TAMS 0x0000000085300000, 0x0000000085300000| Untracked 
|  84|0x0000000085400000, 0x0000000085400000, 0x0000000085500000|  0%| F|  |TAMS 0x0000000085400000, 0x0000000085400000| Untracked 
|  85|0x0000000085500000, 0x0000000085500000, 0x0000000085600000|  0%| F|  |TAMS 0x0000000085500000, 0x0000000085500000| Untracked 
|  86|0x0000000085600000, 0x0000000085600000, 0x0000000085700000|  0%| F|  |TAMS 0x0000000085600000, 0x0000000085600000| Untracked 
|  87|0x0000000085700000, 0x0000000085700000, 0x0000000085800000|  0%| F|  |TAMS 0x0000000085700000, 0x0000000085700000| Untracked 
|  88|0x0000000085800000, 0x0000000085800000, 0x0000000085900000|  0%| F|  |TAMS 0x0000000085800000, 0x0000000085800000| Untracked 
|  89|0x0000000085900000, 0x0000000085900000, 0x0000000085a00000|  0%| F|  |TAMS 0x0000000085900000, 0x0000000085900000| Untracked 
|  90|0x0000000085a00000, 0x0000000085a00000, 0x0000000085b00000|  0%| F|  |TAMS 0x0000000085a00000, 0x0000000085a00000| Untracked 
|  91|0x0000000085b00000, 0x0000000085b00000, 0x0000000085c00000|  0%| F|  |TAMS 0x0000000085b00000, 0x0000000085b00000| Untracked 
|  92|0x0000000085c00000, 0x0000000085c00000, 0x0000000085d00000|  0%| F|  |TAMS 0x0000000085c00000, 0x0000000085c00000| Untracked 
|  93|0x0000000085d00000, 0x0000000085d00000, 0x0000000085e00000|  0%| F|  |TAMS 0x0000000085d00000, 0x0000000085d00000| Untracked 
|  94|0x0000000085e00000, 0x0000000085e00000, 0x0000000085f00000|  0%| F|  |TAMS 0x0000000085e00000, 0x0000000085e00000| Untracked 
|  95|0x0000000085f00000, 0x0000000085f00000, 0x0000000086000000|  0%| F|  |TAMS 0x0000000085f00000, 0x0000000085f00000| Untracked 
|  96|0x0000000086000000, 0x0000000086000000, 0x0000000086100000|  0%| F|  |TAMS 0x0000000086000000, 0x0000000086000000| Untracked 
|  97|0x0000000086100000, 0x0000000086100000, 0x0000000086200000|  0%| F|  |TAMS 0x0000000086100000, 0x0000000086100000| Untracked 
|  98|0x0000000086200000, 0x0000000086200000, 0x0000000086300000|  0%| F|  |TAMS 0x0000000086200000, 0x0000000086200000| Untracked 
|  99|0x0000000086300000, 0x0000000086300000, 0x0000000086400000|  0%| F|  |TAMS 0x0000000086300000, 0x0000000086300000| Untracked 
| 100|0x0000000086400000, 0x0000000086400000, 0x0000000086500000|  0%| F|  |TAMS 0x0000000086400000, 0x0000000086400000| Untracked 
| 101|0x0000000086500000, 0x0000000086500000, 0x0000000086600000|  0%| F|  |TAMS 0x0000000086500000, 0x0000000086500000| Untracked 
| 102|0x0000000086600000, 0x0000000086600000, 0x0000000086700000|  0%| F|  |TAMS 0x0000000086600000, 0x0000000086600000| Untracked 
| 103|0x0000000086700000, 0x0000000086700000, 0x0000000086800000|  0%| F|  |TAMS 0x0000000086700000, 0x0000000086700000| Untracked 
| 104|0x0000000086800000, 0x0000000086800000, 0x0000000086900000|  0%| F|  |TAMS 0x0000000086800000, 0x0000000086800000| Untracked 
| 105|0x0000000086900000, 0x0000000086900000, 0x0000000086a00000|  0%| F|  |TAMS 0x0000000086900000, 0x0000000086900000| Untracked 
| 106|0x0000000086a00000, 0x0000000086a00000, 0x0000000086b00000|  0%| F|  |TAMS 0x0000000086a00000, 0x0000000086a00000| Untracked 
| 107|0x0000000086b00000, 0x0000000086b00000, 0x0000000086c00000|  0%| F|  |TAMS 0x0000000086b00000, 0x0000000086b00000| Untracked 
| 108|0x0000000086c00000, 0x0000000086c00000, 0x0000000086d00000|  0%| F|  |TAMS 0x0000000086c00000, 0x0000000086c00000| Untracked 
| 109|0x0000000086d00000, 0x0000000086d00000, 0x0000000086e00000|  0%| F|  |TAMS 0x0000000086d00000, 0x0000000086d00000| Untracked 
| 110|0x0000000086e00000, 0x0000000086e00000, 0x0000000086f00000|  0%| F|  |TAMS 0x0000000086e00000, 0x0000000086e00000| Untracked 
| 111|0x0000000086f00000, 0x0000000086f00000, 0x0000000087000000|  0%| F|  |TAMS 0x0000000086f00000, 0x0000000086f00000| Untracked 
| 112|0x0000000087000000, 0x0000000087000000, 0x0000000087100000|  0%| F|  |TAMS 0x0000000087000000, 0x0000000087000000| Untracked 
| 113|0x0000000087100000, 0x0000000087100000, 0x0000000087200000|  0%| F|  |TAMS 0x0000000087100000, 0x0000000087100000| Untracked 
| 114|0x0000000087200000, 0x0000000087200000, 0x0000000087300000|  0%| F|  |TAMS 0x0000000087200000, 0x0000000087200000| Untracked 
| 115|0x0000000087300000, 0x0000000087300000, 0x0000000087400000|  0%| F|  |TAMS 0x0000000087300000, 0x0000000087300000| Untracked 
| 116|0x0000000087400000, 0x0000000087400000, 0x0000000087500000|  0%| F|  |TAMS 0x0000000087400000, 0x0000000087400000| Untracked 
| 117|0x0000000087500000, 0x0000000087500000, 0x0000000087600000|  0%| F|  |TAMS 0x0000000087500000, 0x0000000087500000| Untracked 
| 118|0x0000000087600000, 0x0000000087600000, 0x0000000087700000|  0%| F|  |TAMS 0x0000000087600000, 0x0000000087600000| Untracked 
| 119|0x0000000087700000, 0x0000000087700000, 0x0000000087800000|  0%| F|  |TAMS 0x0000000087700000, 0x0000000087700000| Untracked 
| 120|0x0000000087800000, 0x0000000087800000, 0x0000000087900000|  0%| F|  |TAMS 0x0000000087800000, 0x0000000087800000| Untracked 
| 121|0x0000000087900000, 0x0000000087900000, 0x0000000087a00000|  0%| F|  |TAMS 0x0000000087900000, 0x0000000087900000| Untracked 
| 122|0x0000000087a00000, 0x0000000087a00000, 0x0000000087b00000|  0%| F|  |TAMS 0x0000000087a00000, 0x0000000087a00000| Untracked 
| 123|0x0000000087b00000, 0x0000000087b00000, 0x0000000087c00000|  0%| F|  |TAMS 0x0000000087b00000, 0x0000000087b00000| Untracked 
| 124|0x0000000087c00000, 0x0000000087c00000, 0x0000000087d00000|  0%| F|  |TAMS 0x0000000087c00000, 0x0000000087c00000| Untracked 
| 125|0x0000000087d00000, 0x0000000087d00000, 0x0000000087e00000|  0%| F|  |TAMS 0x0000000087d00000, 0x0000000087d00000| Untracked 
| 126|0x0000000087e00000, 0x0000000087e00000, 0x0000000087f00000|  0%| F|  |TAMS 0x0000000087e00000, 0x0000000087e00000| Untracked 
| 127|0x0000000087f00000, 0x0000000087f00000, 0x0000000088000000|  0%| F|  |TAMS 0x0000000087f00000, 0x0000000087f00000| Untracked 
| 128|0x0000000088000000, 0x0000000088000000, 0x0000000088100000|  0%| F|  |TAMS 0x0000000088000000, 0x0000000088000000| Untracked 
| 129|0x0000000088100000, 0x0000000088100000, 0x0000000088200000|  0%| F|  |TAMS 0x0000000088100000, 0x0000000088100000| Untracked 
| 130|0x0000000088200000, 0x0000000088200000, 0x0000000088300000|  0%| F|  |TAMS 0x0000000088200000, 0x0000000088200000| Untracked 
| 131|0x0000000088300000, 0x0000000088300000, 0x0000000088400000|  0%| F|  |TAMS 0x0000000088300000, 0x0000000088300000| Untracked 
| 132|0x0000000088400000, 0x0000000088400000, 0x0000000088500000|  0%| F|  |TAMS 0x0000000088400000, 0x0000000088400000| Untracked 
| 133|0x0000000088500000, 0x0000000088500000, 0x0000000088600000|  0%| F|  |TAMS 0x0000000088500000, 0x0000000088500000| Untracked 
| 134|0x0000000088600000, 0x0000000088600000, 0x0000000088700000|  0%| F|  |TAMS 0x0000000088600000, 0x0000000088600000| Untracked 
| 135|0x0000000088700000, 0x0000000088700000, 0x0000000088800000|  0%| F|  |TAMS 0x0000000088700000, 0x0000000088700000| Untracked 
| 136|0x0000000088800000, 0x0000000088800000, 0x0000000088900000|  0%| F|  |TAMS 0x0000000088800000, 0x0000000088800000| Untracked 
| 137|0x0000000088900000, 0x0000000088900000, 0x0000000088a00000|  0%| F|  |TAMS 0x0000000088900000, 0x0000000088900000| Untracked 
| 138|0x0000000088a00000, 0x0000000088a00000, 0x0000000088b00000|  0%| F|  |TAMS 0x0000000088a00000, 0x0000000088a00000| Untracked 
| 139|0x0000000088b00000, 0x0000000088b00000, 0x0000000088c00000|  0%| F|  |TAMS 0x0000000088b00000, 0x0000000088b00000| Untracked 
| 140|0x0000000088c00000, 0x0000000088c00000, 0x0000000088d00000|  0%| F|  |TAMS 0x0000000088c00000, 0x0000000088c00000| Untracked 
| 141|0x0000000088d00000, 0x0000000088d00000, 0x0000000088e00000|  0%| F|  |TAMS 0x0000000088d00000, 0x0000000088d00000| Untracked 
| 142|0x0000000088e00000, 0x0000000088e00000, 0x0000000088f00000|  0%| F|  |TAMS 0x0000000088e00000, 0x0000000088e00000| Untracked 
| 143|0x0000000088f00000, 0x0000000088f00000, 0x0000000089000000|  0%| F|  |TAMS 0x0000000088f00000, 0x0000000088f00000| Untracked 
| 144|0x0000000089000000, 0x0000000089000000, 0x0000000089100000|  0%| F|  |TAMS 0x0000000089000000, 0x0000000089000000| Untracked 
| 145|0x0000000089100000, 0x0000000089100000, 0x0000000089200000|  0%| F|  |TAMS 0x0000000089100000, 0x0000000089100000| Untracked 
| 146|0x0000000089200000, 0x0000000089200000, 0x0000000089300000|  0%| F|  |TAMS 0x0000000089200000, 0x0000000089200000| Untracked 
| 147|0x0000000089300000, 0x0000000089300000, 0x0000000089400000|  0%| F|  |TAMS 0x0000000089300000, 0x0000000089300000| Untracked 
| 148|0x0000000089400000, 0x0000000089400000, 0x0000000089500000|  0%| F|  |TAMS 0x0000000089400000, 0x0000000089400000| Untracked 
| 149|0x0000000089500000, 0x0000000089500000, 0x0000000089600000|  0%| F|  |TAMS 0x0000000089500000, 0x0000000089500000| Untracked 
| 150|0x0000000089600000, 0x0000000089600000, 0x0000000089700000|  0%| F|  |TAMS 0x0000000089600000, 0x0000000089600000| Untracked 
| 151|0x0000000089700000, 0x0000000089700000, 0x0000000089800000|  0%| F|  |TAMS 0x0000000089700000, 0x0000000089700000| Untracked 
| 152|0x0000000089800000, 0x0000000089800000, 0x0000000089900000|  0%| F|  |TAMS 0x0000000089800000, 0x0000000089800000| Untracked 
| 153|0x0000000089900000, 0x0000000089900000, 0x0000000089a00000|  0%| F|  |TAMS 0x0000000089900000, 0x0000000089900000| Untracked 
| 154|0x0000000089a00000, 0x0000000089a00000, 0x0000000089b00000|  0%| F|  |TAMS 0x0000000089a00000, 0x0000000089a00000| Untracked 
| 155|0x0000000089b00000, 0x0000000089b00000, 0x0000000089c00000|  0%| F|  |TAMS 0x0000000089b00000, 0x0000000089b00000| Untracked 
| 156|0x0000000089c00000, 0x0000000089c00000, 0x0000000089d00000|  0%| F|  |TAMS 0x0000000089c00000, 0x0000000089c00000| Untracked 
| 157|0x0000000089d00000, 0x0000000089d00000, 0x0000000089e00000|  0%| F|  |TAMS 0x0000000089d00000, 0x0000000089d00000| Untracked 
| 158|0x0000000089e00000, 0x0000000089e00000, 0x0000000089f00000|  0%| F|  |TAMS 0x0000000089e00000, 0x0000000089e00000| Untracked 
| 159|0x0000000089f00000, 0x0000000089f00000, 0x000000008a000000|  0%| F|  |TAMS 0x0000000089f00000, 0x0000000089f00000| Untracked 
| 160|0x000000008a000000, 0x000000008a000000, 0x000000008a100000|  0%| F|  |TAMS 0x000000008a000000, 0x000000008a000000| Untracked 
| 161|0x000000008a100000, 0x000000008a100000, 0x000000008a200000|  0%| F|  |TAMS 0x000000008a100000, 0x000000008a100000| Untracked 
| 162|0x000000008a200000, 0x000000008a200000, 0x000000008a300000|  0%| F|  |TAMS 0x000000008a200000, 0x000000008a200000| Untracked 
| 163|0x000000008a300000, 0x000000008a300000, 0x000000008a400000|  0%| F|  |TAMS 0x000000008a300000, 0x000000008a300000| Untracked 
| 164|0x000000008a400000, 0x000000008a400000, 0x000000008a500000|  0%| F|  |TAMS 0x000000008a400000, 0x000000008a400000| Untracked 
| 165|0x000000008a500000, 0x000000008a500000, 0x000000008a600000|  0%| F|  |TAMS 0x000000008a500000, 0x000000008a500000| Untracked 
| 166|0x000000008a600000, 0x000000008a600000, 0x000000008a700000|  0%| F|  |TAMS 0x000000008a600000, 0x000000008a600000| Untracked 
| 167|0x000000008a700000, 0x000000008a700000, 0x000000008a800000|  0%| F|  |TAMS 0x000000008a700000, 0x000000008a700000| Untracked 
| 168|0x000000008a800000, 0x000000008a800000, 0x000000008a900000|  0%| F|  |TAMS 0x000000008a800000, 0x000000008a800000| Untracked 
| 169|0x000000008a900000, 0x000000008a900000, 0x000000008aa00000|  0%| F|  |TAMS 0x000000008a900000, 0x000000008a900000| Untracked 
| 170|0x000000008aa00000, 0x000000008aa00000, 0x000000008ab00000|  0%| F|  |TAMS 0x000000008aa00000, 0x000000008aa00000| Untracked 
| 171|0x000000008ab00000, 0x000000008ab00000, 0x000000008ac00000|  0%| F|  |TAMS 0x000000008ab00000, 0x000000008ab00000| Untracked 
| 172|0x000000008ac00000, 0x000000008ac00000, 0x000000008ad00000|  0%| F|  |TAMS 0x000000008ac00000, 0x000000008ac00000| Untracked 
| 173|0x000000008ad00000, 0x000000008ad00000, 0x000000008ae00000|  0%| F|  |TAMS 0x000000008ad00000, 0x000000008ad00000| Untracked 
| 174|0x000000008ae00000, 0x000000008ae00000, 0x000000008af00000|  0%| F|  |TAMS 0x000000008ae00000, 0x000000008ae00000| Untracked 
| 175|0x000000008af00000, 0x000000008af00000, 0x000000008b000000|  0%| F|  |TAMS 0x000000008af00000, 0x000000008af00000| Untracked 
| 176|0x000000008b000000, 0x000000008b000000, 0x000000008b100000|  0%| F|  |TAMS 0x000000008b000000, 0x000000008b000000| Untracked 
| 177|0x000000008b100000, 0x000000008b100000, 0x000000008b200000|  0%| F|  |TAMS 0x000000008b100000, 0x000000008b100000| Untracked 
| 178|0x000000008b200000, 0x000000008b200000, 0x000000008b300000|  0%| F|  |TAMS 0x000000008b200000, 0x000000008b200000| Untracked 
| 179|0x000000008b300000, 0x000000008b300000, 0x000000008b400000|  0%| F|  |TAMS 0x000000008b300000, 0x000000008b300000| Untracked 
| 180|0x000000008b400000, 0x000000008b400000, 0x000000008b500000|  0%| F|  |TAMS 0x000000008b400000, 0x000000008b400000| Untracked 
| 181|0x000000008b500000, 0x000000008b500000, 0x000000008b600000|  0%| F|  |TAMS 0x000000008b500000, 0x000000008b500000| Untracked 
| 182|0x000000008b600000, 0x000000008b600000, 0x000000008b700000|  0%| F|  |TAMS 0x000000008b600000, 0x000000008b600000| Untracked 
| 183|0x000000008b700000, 0x000000008b800000, 0x000000008b800000|100%| E|  |TAMS 0x000000008b700000, 0x000000008b700000| Complete 
| 184|0x000000008b800000, 0x000000008b900000, 0x000000008b900000|100%| E|CS|TAMS 0x000000008b800000, 0x000000008b800000| Complete 
| 185|0x000000008b900000, 0x000000008ba00000, 0x000000008ba00000|100%| E|CS|TAMS 0x000000008b900000, 0x000000008b900000| Complete 
| 186|0x000000008ba00000, 0x000000008bb00000, 0x000000008bb00000|100%| E|CS|TAMS 0x000000008ba00000, 0x000000008ba00000| Complete 
| 187|0x000000008bb00000, 0x000000008bc00000, 0x000000008bc00000|100%| E|CS|TAMS 0x000000008bb00000, 0x000000008bb00000| Complete 
| 188|0x000000008bc00000, 0x000000008bd00000, 0x000000008bd00000|100%| E|CS|TAMS 0x000000008bc00000, 0x000000008bc00000| Complete 
| 189|0x000000008bd00000, 0x000000008be00000, 0x000000008be00000|100%| E|CS|TAMS 0x000000008bd00000, 0x000000008bd00000| Complete 
| 190|0x000000008be00000, 0x000000008bf00000, 0x000000008bf00000|100%| E|CS|TAMS 0x000000008be00000, 0x000000008be00000| Complete 
| 191|0x000000008bf00000, 0x000000008c000000, 0x000000008c000000|100%| E|CS|TAMS 0x000000008bf00000, 0x000000008bf00000| Complete 
| 192|0x000000008c000000, 0x000000008c100000, 0x000000008c100000|100%| E|CS|TAMS 0x000000008c000000, 0x000000008c000000| Complete 
| 193|0x000000008c100000, 0x000000008c200000, 0x000000008c200000|100%| E|CS|TAMS 0x000000008c100000, 0x000000008c100000| Complete 
| 194|0x000000008c200000, 0x000000008c300000, 0x000000008c300000|100%| E|CS|TAMS 0x000000008c200000, 0x000000008c200000| Complete 
| 195|0x000000008c300000, 0x000000008c400000, 0x000000008c400000|100%| E|CS|TAMS 0x000000008c300000, 0x000000008c300000| Complete 
| 196|0x000000008c400000, 0x000000008c500000, 0x000000008c500000|100%| E|CS|TAMS 0x000000008c400000, 0x000000008c400000| Complete 
| 197|0x000000008c500000, 0x000000008c600000, 0x000000008c600000|100%| E|CS|TAMS 0x000000008c500000, 0x000000008c500000| Complete 
| 198|0x000000008c600000, 0x000000008c700000, 0x000000008c700000|100%| E|CS|TAMS 0x000000008c600000, 0x000000008c600000| Complete 
| 199|0x000000008c700000, 0x000000008c800000, 0x000000008c800000|100%| E|CS|TAMS 0x000000008c700000, 0x000000008c700000| Complete 
| 200|0x000000008c800000, 0x000000008c900000, 0x000000008c900000|100%| E|CS|TAMS 0x000000008c800000, 0x000000008c800000| Complete 
| 201|0x000000008c900000, 0x000000008ca00000, 0x000000008ca00000|100%| E|CS|TAMS 0x000000008c900000, 0x000000008c900000| Complete 
| 202|0x000000008ca00000, 0x000000008cb00000, 0x000000008cb00000|100%| E|CS|TAMS 0x000000008ca00000, 0x000000008ca00000| Complete 
| 203|0x000000008cb00000, 0x000000008cc00000, 0x000000008cc00000|100%| E|CS|TAMS 0x000000008cb00000, 0x000000008cb00000| Complete 
| 204|0x000000008cc00000, 0x000000008cd00000, 0x000000008cd00000|100%| E|CS|TAMS 0x000000008cc00000, 0x000000008cc00000| Complete 
| 205|0x000000008cd00000, 0x000000008ce00000, 0x000000008ce00000|100%| E|CS|TAMS 0x000000008cd00000, 0x000000008cd00000| Complete 
| 206|0x000000008ce00000, 0x000000008cf00000, 0x000000008cf00000|100%| E|CS|TAMS 0x000000008ce00000, 0x000000008ce00000| Complete 
| 207|0x000000008cf00000, 0x000000008d000000, 0x000000008d000000|100%| E|CS|TAMS 0x000000008cf00000, 0x000000008cf00000| Complete 
| 208|0x000000008d000000, 0x000000008d100000, 0x000000008d100000|100%| E|CS|TAMS 0x000000008d000000, 0x000000008d000000| Complete 
| 209|0x000000008d100000, 0x000000008d1d4e68, 0x000000008d200000| 83%| S|CS|TAMS 0x000000008d100000, 0x000000008d100000| Complete 
| 210|0x000000008d200000, 0x000000008d300000, 0x000000008d300000|100%| S|CS|TAMS 0x000000008d200000, 0x000000008d200000| Complete 
| 211|0x000000008d300000, 0x000000008d400000, 0x000000008d400000|100%| S|CS|TAMS 0x000000008d300000, 0x000000008d300000| Complete 
| 212|0x000000008d400000, 0x000000008d500000, 0x000000008d500000|100%| S|CS|TAMS 0x000000008d400000, 0x000000008d400000| Complete 
| 213|0x000000008d500000, 0x000000008d600000, 0x000000008d600000|100%| S|CS|TAMS 0x000000008d500000, 0x000000008d500000| Complete 
| 214|0x000000008d600000, 0x000000008d700000, 0x000000008d700000|100%| S|CS|TAMS 0x000000008d600000, 0x000000008d600000| Complete 
| 215|0x000000008d700000, 0x000000008d800000, 0x000000008d800000|100%| S|CS|TAMS 0x000000008d700000, 0x000000008d700000| Complete 
| 216|0x000000008d800000, 0x000000008d900000, 0x000000008d900000|100%| S|CS|TAMS 0x000000008d800000, 0x000000008d800000| Complete 
| 217|0x000000008d900000, 0x000000008da00000, 0x000000008da00000|100%| S|CS|TAMS 0x000000008d900000, 0x000000008d900000| Complete 
| 218|0x000000008da00000, 0x000000008db00000, 0x000000008db00000|100%| S|CS|TAMS 0x000000008da00000, 0x000000008da00000| Complete 
| 219|0x000000008db00000, 0x000000008dc00000, 0x000000008dc00000|100%| S|CS|TAMS 0x000000008db00000, 0x000000008db00000| Complete 
| 220|0x000000008dc00000, 0x000000008dd00000, 0x000000008dd00000|100%| S|CS|TAMS 0x000000008dc00000, 0x000000008dc00000| Complete 
| 221|0x000000008dd00000, 0x000000008de00000, 0x000000008de00000|100%| E|CS|TAMS 0x000000008dd00000, 0x000000008dd00000| Complete 
| 222|0x000000008de00000, 0x000000008df00000, 0x000000008df00000|100%| E|CS|TAMS 0x000000008de00000, 0x000000008de00000| Complete 
| 223|0x000000008df00000, 0x000000008e000000, 0x000000008e000000|100%| E|CS|TAMS 0x000000008df00000, 0x000000008df00000| Complete 
| 224|0x000000008e000000, 0x000000008e100000, 0x000000008e100000|100%| E|CS|TAMS 0x000000008e000000, 0x000000008e000000| Complete 
| 225|0x000000008e100000, 0x000000008e200000, 0x000000008e200000|100%| E|CS|TAMS 0x000000008e100000, 0x000000008e100000| Complete 
| 226|0x000000008e200000, 0x000000008e300000, 0x000000008e300000|100%| E|CS|TAMS 0x000000008e200000, 0x000000008e200000| Complete 
| 227|0x000000008e300000, 0x000000008e400000, 0x000000008e400000|100%| E|CS|TAMS 0x000000008e300000, 0x000000008e300000| Complete 
| 228|0x000000008e400000, 0x000000008e500000, 0x000000008e500000|100%| E|CS|TAMS 0x000000008e400000, 0x000000008e400000| Complete 
| 229|0x000000008e500000, 0x000000008e600000, 0x000000008e600000|100%| E|CS|TAMS 0x000000008e500000, 0x000000008e500000| Complete 
| 230|0x000000008e600000, 0x000000008e700000, 0x000000008e700000|100%| E|CS|TAMS 0x000000008e600000, 0x000000008e600000| Complete 
| 231|0x000000008e700000, 0x000000008e800000, 0x000000008e800000|100%| E|CS|TAMS 0x000000008e700000, 0x000000008e700000| Complete 
| 232|0x000000008e800000, 0x000000008e900000, 0x000000008e900000|100%| E|CS|TAMS 0x000000008e800000, 0x000000008e800000| Complete 
| 233|0x000000008e900000, 0x000000008ea00000, 0x000000008ea00000|100%| E|CS|TAMS 0x000000008e900000, 0x000000008e900000| Complete 
| 234|0x000000008ea00000, 0x000000008eb00000, 0x000000008eb00000|100%| E|CS|TAMS 0x000000008ea00000, 0x000000008ea00000| Complete 
| 235|0x000000008eb00000, 0x000000008ec00000, 0x000000008ec00000|100%| E|CS|TAMS 0x000000008eb00000, 0x000000008eb00000| Complete 
| 236|0x000000008ec00000, 0x000000008ed00000, 0x000000008ed00000|100%| E|CS|TAMS 0x000000008ec00000, 0x000000008ec00000| Complete 
| 237|0x000000008ed00000, 0x000000008ee00000, 0x000000008ee00000|100%| E|CS|TAMS 0x000000008ed00000, 0x000000008ed00000| Complete 
| 238|0x000000008ee00000, 0x000000008ef00000, 0x000000008ef00000|100%| E|CS|TAMS 0x000000008ee00000, 0x000000008ee00000| Complete 
| 239|0x000000008ef00000, 0x000000008f000000, 0x000000008f000000|100%| E|CS|TAMS 0x000000008ef00000, 0x000000008ef00000| Complete 
| 240|0x000000008f000000, 0x000000008f100000, 0x000000008f100000|100%| E|CS|TAMS 0x000000008f000000, 0x000000008f000000| Complete 
| 241|0x000000008f100000, 0x000000008f200000, 0x000000008f200000|100%| E|  |TAMS 0x000000008f100000, 0x000000008f100000| Complete 
| 242|0x000000008f200000, 0x000000008f300000, 0x000000008f300000|100%| E|CS|TAMS 0x000000008f200000, 0x000000008f200000| Complete 
| 243|0x000000008f300000, 0x000000008f400000, 0x000000008f400000|100%| E|CS|TAMS 0x000000008f300000, 0x000000008f300000| Complete 
| 244|0x000000008f400000, 0x000000008f500000, 0x000000008f500000|100%| E|CS|TAMS 0x000000008f400000, 0x000000008f400000| Complete 
| 245|0x000000008f500000, 0x000000008f600000, 0x000000008f600000|100%| E|CS|TAMS 0x000000008f500000, 0x000000008f500000| Complete 
| 246|0x000000008f600000, 0x000000008f700000, 0x000000008f700000|100%| E|CS|TAMS 0x000000008f600000, 0x000000008f600000| Complete 
| 247|0x000000008f700000, 0x000000008f800000, 0x000000008f800000|100%| E|CS|TAMS 0x000000008f700000, 0x000000008f700000| Complete 
| 248|0x000000008f800000, 0x000000008f900000, 0x000000008f900000|100%| E|CS|TAMS 0x000000008f800000, 0x000000008f800000| Complete 
| 249|0x000000008f900000, 0x000000008fa00000, 0x000000008fa00000|100%| E|CS|TAMS 0x000000008f900000, 0x000000008f900000| Complete 
| 250|0x000000008fa00000, 0x000000008fb00000, 0x000000008fb00000|100%| E|CS|TAMS 0x000000008fa00000, 0x000000008fa00000| Complete 
| 251|0x000000008fb00000, 0x000000008fc00000, 0x000000008fc00000|100%| E|CS|TAMS 0x000000008fb00000, 0x000000008fb00000| Complete 
| 252|0x000000008fc00000, 0x000000008fd00000, 0x000000008fd00000|100%| E|CS|TAMS 0x000000008fc00000, 0x000000008fc00000| Complete 
| 253|0x000000008fd00000, 0x000000008fe00000, 0x000000008fe00000|100%| E|CS|TAMS 0x000000008fd00000, 0x000000008fd00000| Complete 
| 254|0x000000008fe00000, 0x000000008ff00000, 0x000000008ff00000|100%| E|CS|TAMS 0x000000008fe00000, 0x000000008fe00000| Complete 
| 255|0x000000008ff00000, 0x0000000090000000, 0x0000000090000000|100%| E|CS|TAMS 0x000000008ff00000, 0x000000008ff00000| Complete 

Card table byte_map: [0x0000023a5fe10000,0x0000023a60210000] _byte_map_base: 0x0000023a5fa10000

Marking Bits (Prev, Next): (CMBitMap*) 0x0000023a4ca08fa0, (CMBitMap*) 0x0000023a4ca08f68
 Prev Bits: [0x0000023a62610000, 0x0000023a64610000)
 Next Bits: [0x0000023a60610000, 0x0000023a62610000)

Polling page: 0x0000023a4a6d0000

Metaspace:

Usage:
  Non-class:     55.72 MB capacity,    54.80 MB ( 98%) used,   770.59 KB (  1%) free+waste,   165.88 KB ( <1%) overhead. 
      Class:      8.54 MB capacity,     7.98 MB ( 93%) used,   492.43 KB (  6%) free+waste,    77.75 KB ( <1%) overhead. 
       Both:     64.25 MB capacity,    62.78 MB ( 98%) used,     1.23 MB (  2%) free+waste,   243.63 KB ( <1%) overhead. 

Virtual space:
  Non-class space:       56.00 MB reserved,      55.87 MB (>99%) committed 
      Class space:        1.00 GB reserved,       8.63 MB ( <1%) committed 
             Both:        1.05 GB reserved,      64.50 MB (  6%) committed 

Chunk freelists:
   Non-Class:  31.00 KB
       Class:  28.00 KB
        Both:  59.00 KB

MaxMetaspaceSize: 17179869184.00 GB
CompressedClassSpaceSize: 1.00 GB

CodeHeap 'non-profiled nmethods': size=120000Kb used=3766Kb max_used=3766Kb free=116233Kb
 bounds [0x0000023a57f90000, 0x0000023a58340000, 0x0000023a5f4c0000]
CodeHeap 'profiled nmethods': size=120000Kb used=13528Kb max_used=13528Kb free=106471Kb
 bounds [0x0000023a50a60000, 0x0000023a517a0000, 0x0000023a57f90000]
CodeHeap 'non-nmethods': size=5760Kb used=2262Kb max_used=2302Kb free=3497Kb
 bounds [0x0000023a504c0000, 0x0000023a50730000, 0x0000023a50a60000]
 total_blobs=7302 nmethods=6450 adapters=763
 compilation: enabled
              stopped_count=0, restarted_count=0
 full_count=0

Compilation events (20 events):
Event: 9.096 Thread 0x0000023a67b70800 nmethod 6414 0x0000023a51771910 code [0x0000023a51771ac0, 0x0000023a51771c08]
Event: 9.096 Thread 0x0000023a67b70800 6410       3       java.util.regex.Pattern$GroupHead::<init> (10 bytes)
Event: 9.097 Thread 0x0000023a67b70800 nmethod 6410 0x0000023a51771d10 code [0x0000023a51771ee0, 0x0000023a51772118]
Event: 9.097 Thread 0x0000023a67b70800 6412       3       java.util.regex.Pattern::group0 (1102 bytes)
Event: 9.101 Thread 0x0000023a67b70800 nmethod 6412 0x0000023a51772210 code [0x0000023a51772b80, 0x0000023a51778938]
Event: 9.101 Thread 0x0000023a67b70800 6417       1       com.android.tools.build.jetifier.core.pom.PomDependency::getGroupId (5 bytes)
Event: 9.101 Thread 0x0000023a67b70800 nmethod 6417 0x0000023a58338190 code [0x0000023a58338340, 0x0000023a583383f8]
Event: 9.101 Thread 0x0000023a67b70800 6418       1       com.android.tools.build.jetifier.core.pom.PomDependency::getArtifactId (5 bytes)
Event: 9.101 Thread 0x0000023a67b70800 nmethod 6418 0x0000023a58338490 code [0x0000023a58338640, 0x0000023a583386f8]
Event: 9.101 Thread 0x0000023a67b70800 6419       1       com.android.tools.build.jetifier.core.pom.PomDependency::getVersion (5 bytes)
Event: 9.101 Thread 0x0000023a67b70800 nmethod 6419 0x0000023a58338790 code [0x0000023a58338940, 0x0000023a583389f8]
Event: 9.101 Thread 0x0000023a67b70800 6415       3       kotlin.text.StringsKt__StringsJVMKt::replace (202 bytes)
Event: 9.103 Thread 0x0000023a67b70800 nmethod 6415 0x0000023a5177a910 code [0x0000023a5177adc0, 0x0000023a5177ccb8]
Event: 9.103 Thread 0x0000023a67b70800 6420       3       kotlin.jvm.internal.Intrinsics::checkExpressionValueIsNotNull (38 bytes)
Event: 9.103 Thread 0x0000023a67b70800 nmethod 6420 0x0000023a5177da90 code [0x0000023a5177dd40, 0x0000023a5177e7f8]
Event: 9.103 Thread 0x0000023a67b70800 6428       3       kotlin.TuplesKt::to (10 bytes)
Event: 9.104 Thread 0x0000023a67b70800 nmethod 6428 0x0000023a5177ec10 code [0x0000023a5177ede0, 0x0000023a5177f098]
Event: 9.104 Thread 0x0000023a67b70800 6424       3       kotlin.text.StringsKt__StringsKt::indexOf$default (26 bytes)
Event: 9.104 Thread 0x0000023a67b70800 nmethod 6424 0x0000023a5177f190 code [0x0000023a5177f340, 0x0000023a5177f4c8]
Event: 9.104 Thread 0x0000023a67b70800 6425       3       kotlin.text.StringsKt__StringsKt::indexOf (58 bytes)

GC Heap History (16 events):
Event: 0.769 GC heap before
{Heap before GC invocations=0 (full 0):
 garbage-first heap   total 262144K, used 29696K [0x0000000080000000, 0x0000000100000000)
  region size 1024K, 24 young (24576K), 0 survivors (0K)
 Metaspace       used 10116K, capacity 10403K, committed 10624K, reserved 1058816K
  class space    used 1059K, capacity 1106K, committed 1152K, reserved 1048576K
}
Event: 0.773 GC heap after
{Heap after GC invocations=1 (full 0):
 garbage-first heap   total 262144K, used 9337K [0x0000000080000000, 0x0000000100000000)
  region size 1024K, 3 young (3072K), 3 survivors (3072K)
 Metaspace       used 10116K, capacity 10403K, committed 10624K, reserved 1058816K
  class space    used 1059K, capacity 1106K, committed 1152K, reserved 1048576K
}
Event: 2.527 GC heap before
{Heap before GC invocations=1 (full 0):
 garbage-first heap   total 262144K, used 109689K [0x0000000080000000, 0x0000000100000000)
  region size 1024K, 102 young (104448K), 3 survivors (3072K)
 Metaspace       used 20644K, capacity 21116K, committed 21296K, reserved 1069056K
  class space    used 2535K, capacity 2660K, committed 2688K, reserved 1048576K
}
Event: 2.534 GC heap after
{Heap after GC invocations=2 (full 0):
 garbage-first heap   total 262144K, used 17169K [0x0000000080000000, 0x0000000100000000)
  region size 1024K, 11 young (11264K), 11 survivors (11264K)
 Metaspace       used 20644K, capacity 21116K, committed 21296K, reserved 1069056K
  class space    used 2535K, capacity 2660K, committed 2688K, reserved 1048576K
}
Event: 2.641 GC heap before
{Heap before GC invocations=3 (full 0):
 garbage-first heap   total 262144K, used 30481K [0x0000000080000000, 0x0000000100000000)
  region size 1024K, 24 young (24576K), 11 survivors (11264K)
 Metaspace       used 22156K, capacity 22697K, committed 22960K, reserved 1069056K
  class space    used 2797K, capacity 2980K, committed 3072K, reserved 1048576K
}
Event: 2.646 GC heap after
{Heap after GC invocations=4 (full 0):
 garbage-first heap   total 262144K, used 18074K [0x0000000080000000, 0x0000000100000000)
  region size 1024K, 1 young (1024K), 1 survivors (1024K)
 Metaspace       used 22156K, capacity 22697K, committed 22960K, reserved 1069056K
  class space    used 2797K, capacity 2980K, committed 3072K, reserved 1048576K
}
Event: 3.413 GC heap before
{Heap before GC invocations=4 (full 0):
 garbage-first heap   total 262144K, used 98970K [0x0000000080000000, 0x0000000100000000)
  region size 1024K, 80 young (81920K), 1 survivors (1024K)
 Metaspace       used 29726K, capacity 30443K, committed 30512K, reserved 1075200K
  class space    used 3984K, capacity 4205K, committed 4224K, reserved 1048576K
}
Event: 3.416 GC heap after
{Heap after GC invocations=5 (full 0):
 garbage-first heap   total 262144K, used 20358K [0x0000000080000000, 0x0000000100000000)
  region size 1024K, 4 young (4096K), 4 survivors (4096K)
 Metaspace       used 29726K, capacity 30443K, committed 30512K, reserved 1075200K
  class space    used 3984K, capacity 4205K, committed 4224K, reserved 1048576K
}
Event: 3.742 GC heap before
{Heap before GC invocations=5 (full 0):
 garbage-first heap   total 262144K, used 38790K [0x0000000080000000, 0x0000000100000000)
  region size 1024K, 23 young (23552K), 4 survivors (4096K)
 Metaspace       used 34871K, capacity 35659K, committed 35708K, reserved 1081344K
  class space    used 4542K, capacity 4861K, committed 4864K, reserved 1048576K
}
Event: 3.750 GC heap after
{Heap after GC invocations=6 (full 0):
 garbage-first heap   total 262144K, used 22867K [0x0000000080000000, 0x0000000100000000)
  region size 1024K, 6 young (6144K), 6 survivors (6144K)
 Metaspace       used 34871K, capacity 35659K, committed 35708K, reserved 1081344K
  class space    used 4542K, capacity 4861K, committed 4864K, reserved 1048576K
}
Event: 4.875 GC heap before
{Heap before GC invocations=7 (full 0):
 garbage-first heap   total 262144K, used 147795K [0x0000000080000000, 0x0000000100000000)
  region size 1024K, 125 young (128000K), 6 survivors (6144K)
 Metaspace       used 45041K, capacity 46032K, committed 46332K, reserved 1089536K
  class space    used 5789K, capacity 6171K, committed 6272K, reserved 1048576K
}
Event: 4.882 GC heap after
{Heap after GC invocations=8 (full 0):
 garbage-first heap   total 262144K, used 29808K [0x0000000080000000, 0x0000000100000000)
  region size 1024K, 13 young (13312K), 13 survivors (13312K)
 Metaspace       used 45041K, capacity 46032K, committed 46332K, reserved 1089536K
  class space    used 5789K, capacity 6171K, committed 6272K, reserved 1048576K
}
Event: 8.175 GC heap before
{Heap before GC invocations=8 (full 0):
 garbage-first heap   total 262144K, used 163952K [0x0000000080000000, 0x0000000100000000)
  region size 1024K, 140 young (143360K), 13 survivors (13312K)
 Metaspace       used 52992K, capacity 54382K, committed 54652K, reserved 1097728K
  class space    used 6755K, capacity 7298K, committed 7424K, reserved 1048576K
}
Event: 8.183 GC heap after
{Heap after GC invocations=9 (full 0):
 garbage-first heap   total 262144K, used 43724K [0x0000000080000000, 0x0000000100000000)
  region size 1024K, 18 young (18432K), 18 survivors (18432K)
 Metaspace       used 52992K, capacity 54382K, committed 54652K, reserved 1097728K
  class space    used 6755K, capacity 7298K, committed 7424K, reserved 1048576K
}
Event: 8.559 GC heap before
{Heap before GC invocations=9 (full 0):
 garbage-first heap   total 262144K, used 78540K [0x0000000080000000, 0x0000000100000000)
  region size 1024K, 53 young (54272K), 18 survivors (18432K)
 Metaspace       used 58471K, capacity 59815K, committed 59900K, reserved 1101824K
  class space    used 7445K, capacity 7996K, committed 8064K, reserved 1048576K
}
Event: 8.572 GC heap after
{Heap after GC invocations=10 (full 0):
 garbage-first heap   total 262144K, used 46215K [0x0000000080000000, 0x0000000100000000)
  region size 1024K, 12 young (12288K), 12 survivors (12288K)
 Metaspace       used 58471K, capacity 59815K, committed 59900K, reserved 1101824K
  class space    used 7445K, capacity 7996K, committed 8064K, reserved 1048576K
}

Deoptimization events (20 events):
Event: 8.773 Thread 0x0000023a68194000 Uncommon trap: trap_request=0xffffff4d fr.pc=0x0000023a58272c9c relative=0x000000000000207c
Event: 8.773 Thread 0x0000023a68194000 Uncommon trap: reason=unstable_if action=reinterpret pc=0x0000023a58272c9c method=java.util.regex.Pattern.has(I)Z @ 6 c2
Event: 8.773 Thread 0x0000023a68194000 DEOPT PACKING pc=0x0000023a58272c9c sp=0x000000abd6df7180
Event: 8.773 Thread 0x0000023a68194000 DEOPT UNPACKING pc=0x0000023a504e662f sp=0x000000abd6df7100 mode 2
Event: 8.845 Thread 0x0000023a68194000 Uncommon trap: trap_request=0xffffff4d fr.pc=0x0000023a58293324 relative=0x0000000000000a84
Event: 8.845 Thread 0x0000023a68194000 Uncommon trap: reason=unstable_if action=reinterpret pc=0x0000023a58293324 method=java.util.concurrent.ConcurrentHashMap.addCount(JI)V @ 110 c2
Event: 8.845 Thread 0x0000023a68194000 DEOPT PACKING pc=0x0000023a58293324 sp=0x000000abd6df7a70
Event: 8.845 Thread 0x0000023a68194000 DEOPT UNPACKING pc=0x0000023a504e662f sp=0x000000abd6df7938 mode 2
Event: 9.020 Thread 0x0000023a68194000 Uncommon trap: trap_request=0xffffffc6 fr.pc=0x0000023a57fe2544 relative=0x00000000000028e4
Event: 9.020 Thread 0x0000023a68194000 Uncommon trap: reason=bimorphic_or_optimized_type_check action=maybe_recompile pc=0x0000023a57fe2544 method=java.util.HashMap.putVal(ILjava/lang/Object;Ljava/lang/Object;ZZ)Ljava/lang/Object; @ 203 c2
Event: 9.020 Thread 0x0000023a68194000 DEOPT PACKING pc=0x0000023a57fe2544 sp=0x000000abd6df7ba0
Event: 9.020 Thread 0x0000023a68194000 DEOPT UNPACKING pc=0x0000023a504e662f sp=0x000000abd6df7a78 mode 2
Event: 9.021 Thread 0x0000023a68194000 Uncommon trap: trap_request=0xffffff4d fr.pc=0x0000023a581cbb9c relative=0x000000000000033c
Event: 9.021 Thread 0x0000023a68194000 Uncommon trap: reason=unstable_if action=reinterpret pc=0x0000023a581cbb9c method=org.gradle.internal.reflect.PropertyAccessorType.of(Ljava/lang/reflect/Method;)Lorg/gradle/internal/reflect/PropertyAccessorType; @ 56 c2
Event: 9.021 Thread 0x0000023a68194000 DEOPT PACKING pc=0x0000023a581cbb9c sp=0x000000abd6df78d0
Event: 9.021 Thread 0x0000023a68194000 DEOPT UNPACKING pc=0x0000023a504e662f sp=0x000000abd6df7890 mode 2
Event: 9.053 Thread 0x0000023a68194000 Uncommon trap: trap_request=0xffffff4d fr.pc=0x0000023a582878d4 relative=0x00000000000000f4
Event: 9.053 Thread 0x0000023a68194000 Uncommon trap: reason=unstable_if action=reinterpret pc=0x0000023a582878d4 method=java.util.concurrent.ConcurrentHashMap.addCount(JI)V @ 110 c2
Event: 9.053 Thread 0x0000023a68194000 DEOPT PACKING pc=0x0000023a582878d4 sp=0x000000abd6df6ef0
Event: 9.053 Thread 0x0000023a68194000 DEOPT UNPACKING pc=0x0000023a504e662f sp=0x000000abd6df6e28 mode 2

Classes redefined (0 events):
No events

Internal exceptions (20 events):
Event: 7.829 Thread 0x0000023a6a041800 Exception <a 'java/lang/NoSuchMethodError'{0x000000008a3ad840}: <clinit>> (0x000000008a3ad840) thrown at [./src/hotspot/share/prims/jni.cpp, line 1362]
Event: 7.830 Thread 0x0000023a6a041800 Exception <a 'java/lang/NoSuchMethodError'{0x000000008a3b7df8}: <clinit>> (0x000000008a3b7df8) thrown at [./src/hotspot/share/prims/jni.cpp, line 1362]
Event: 7.831 Thread 0x0000023a6a041800 Exception <a 'java/lang/NoSuchMethodError'{0x000000008a3cb748}: <clinit>> (0x000000008a3cb748) thrown at [./src/hotspot/share/prims/jni.cpp, line 1362]
Event: 7.858 Thread 0x0000023a68194000 Exception <a 'java/lang/ClassNotFoundException'{0x000000008a25ecc8}: build_f290iwp3dxwto514caxyaujtrBeanInfo> (0x000000008a25ecc8) thrown at [./src/hotspot/share/classfile/systemDictionary.cpp, line 231]
Event: 7.858 Thread 0x0000023a68194000 Exception <a 'java/lang/ClassNotFoundException'{0x000000008a269c80}: build_f290iwp3dxwto514caxyaujtrCustomizer> (0x000000008a269c80) thrown at [./src/hotspot/share/classfile/systemDictionary.cpp, line 231]
Event: 7.872 Thread 0x0000023a68194000 Exception <a 'java/lang/ClassNotFoundException'{0x000000008a1edf18}: org/gradle/api/internal/plugins/DefaultObjectConfigurationActionBeanInfo> (0x000000008a1edf18) thrown at [./src/hotspot/share/classfile/systemDictionary.cpp, line 231]
Event: 7.873 Thread 0x0000023a68194000 Exception <a 'java/lang/ClassNotFoundException'{0x000000008a023498}: org/gradle/api/internal/plugins/DefaultObjectConfigurationActionCustomizer> (0x000000008a023498) thrown at [./src/hotspot/share/classfile/systemDictionary.cpp, line 231]
Event: 7.972 Thread 0x0000023a68194000 Exception <a 'java/lang/NoSuchMethodError'{0x0000000089674b98}: 'java.lang.Object java.lang.invoke.DirectMethodHandle$Holder.invokeStatic(java.lang.Object, java.lang.Object, java.lang.Object, java.lang.Object, int)'> (0x0000000089674b98) thrown at [./src/hotspot/share/interpreter/linkResolver.cpp, line 773]
Event: 7.972 Thread 0x0000023a68194000 Exception <a 'java/lang/NoSuchMethodError'{0x0000000089679590}: 'java.lang.Object java.lang.invoke.DirectMethodHandle$Holder.invokeSpecial(java.lang.Object, java.lang.Object, java.lang.Object, java.lang.Object, java.lang.Object, int)'> (0x0000000089679590) thrown at [./src/hotspot/share/interpreter/linkResolver.cpp, line 773]
Event: 7.972 Thread 0x0000023a68194000 Exception <a 'java/lang/NoSuchMethodError'{0x000000008967dbd0}: 'java.lang.Object java.lang.invoke.Invokers$Holder.linkToTargetMethod(java.lang.Object, java.lang.Object, java.lang.Object, int, java.lang.Object)'> (0x000000008967dbd0) thrown at [./src/hotspot/share/interpreter/linkResolver.cpp, line 773]
Event: 8.119 Thread 0x0000023a68194000 Exception <a 'java/lang/NoSuchMethodError'{0x000000008879ebc8}: 'java.lang.Object java.lang.invoke.DirectMethodHandle$Holder.invokeSpecial(java.lang.Object, java.lang.Object, int, int, java.lang.Object, java.lang.Object, java.lang.Object)'> (0x000000008879ebc8) thrown at [./src/hotspot/share/interpreter/linkResolver.cpp, line 773]
Event: 8.119 Thread 0x0000023a68194000 Exception <a 'java/lang/NoSuchMethodError'{0x00000000887a3148}: 'java.lang.Object java.lang.invoke.DelegatingMethodHandle$Holder.reinvoke_L(java.lang.Object, int, int, java.lang.Object, java.lang.Object, java.lang.Object)'> (0x00000000887a3148) thrown at [./src/hotspot/share/interpreter/linkResolver.cpp, line 773]
Event: 8.260 Thread 0x0000023a68194000 Exception <a 'java/lang/NoSuchMethodError'{0x000000008f932a50}: 'int java.lang.invoke.DirectMethodHandle$Holder.invokeInterface(java.lang.Object, java.lang.Object, java.lang.Object, java.lang.Object)'> (0x000000008f932a50) thrown at [./src/hotspot/share/interpreter/linkResolver.cpp, line 773]
Event: 8.425 Thread 0x0000023a68194000 Exception <a 'java/lang/NoSuchMethodError'{0x000000008e9286f0}: 'void java.lang.invoke.DirectMethodHandle$Holder.invokeInterface(java.lang.Object, java.lang.Object, java.lang.Object, java.lang.Object)'> (0x000000008e9286f0) thrown at [./src/hotspot/share/interpreter/linkResolver.cpp, line 773]
Event: 8.513 Thread 0x0000023a68194000 Exception <a 'java/lang/IncompatibleClassChangeError'{0x000000008e1c5bb0}: Found class java.lang.Object, but interface was expected> (0x000000008e1c5bb0) thrown at [./src/hotspot/share/interpreter/linkResolver.cpp, line 839]
Event: 8.546 Thread 0x0000023a68194000 Implicit null exception at 0x0000023a581a0e54 to 0x0000023a581a1038
Event: 8.626 Thread 0x0000023a68194000 Implicit null exception at 0x0000023a580d948b to 0x0000023a580d9564
Event: 8.655 Thread 0x0000023a68194000 Implicit null exception at 0x0000023a5810deac to 0x0000023a5810e05a
Event: 8.737 Thread 0x0000023a68194000 Exception <a 'sun/nio/fs/WindowsException'{0x000000008ec75de0}> (0x000000008ec75de0) thrown at [./src/hotspot/share/prims/jni.cpp, line 615]
Event: 8.738 Thread 0x0000023a68194000 Exception <a 'sun/nio/fs/WindowsException'{0x000000008ec77800}> (0x000000008ec77800) thrown at [./src/hotspot/share/prims/jni.cpp, line 615]

Events (20 events):
Event: 9.097 loading class com/android/tools/build/jetifier/core/PackageMap$PackageRule
Event: 9.097 loading class com/android/tools/build/jetifier/core/PackageMap$PackageRule done
Event: 9.098 loading class com/android/tools/build/jetifier/core/PackageMap
Event: 9.098 loading class com/android/tools/build/jetifier/core/PackageMap done
Event: 9.098 loading class com/android/tools/build/jetifier/core/PackageMap$Companion
Event: 9.098 loading class com/android/tools/build/jetifier/core/PackageMap$Companion done
Event: 9.099 loading class com/android/tools/build/jetifier/core/pom/PomRewriteRule
Event: 9.099 loading class com/android/tools/build/jetifier/core/pom/PomRewriteRule done
Event: 9.099 loading class com/android/tools/build/jetifier/core/pom/PomRewriteRule$Companion
Event: 9.099 loading class com/android/tools/build/jetifier/core/pom/PomRewriteRule$Companion done
Event: 9.100 loading class com/android/tools/build/jetifier/core/pom/DependencyVersionsMap
Event: 9.100 loading class com/android/tools/build/jetifier/core/pom/DependencyVersionsMap done
Event: 9.100 loading class com/android/tools/build/jetifier/core/pom/DependencyVersionsMap$Companion
Event: 9.100 loading class com/android/tools/build/jetifier/core/pom/DependencyVersionsMap$Companion done
Event: 9.100 loading class kotlin/collections/EmptyMap
Event: 9.100 loading class kotlin/collections/EmptyMap done
Event: 9.101 loading class com/android/tools/build/jetifier/core/type/JavaType
Event: 9.101 loading class com/android/tools/build/jetifier/core/type/JavaType done
Event: 9.101 loading class com/android/tools/build/jetifier/core/type/JavaType$Companion
Event: 9.101 loading class com/android/tools/build/jetifier/core/type/JavaType$Companion done


Dynamic libraries:
0x00007ff6cec00000 - 0x00007ff6cec0a000 	D:\AnZhuang\AndroidStudio\jre\bin\java.exe
0x00007fffcf430000 - 0x00007fffcf625000 	C:\WINDOWS\SYSTEM32\ntdll.dll
0x00007fffcf2b0000 - 0x00007fffcf36e000 	C:\WINDOWS\System32\KERNEL32.DLL
0x00007fffccf70000 - 0x00007fffcd238000 	C:\WINDOWS\System32\KERNELBASE.dll
0x00007fffca100000 - 0x00007fffca190000 	C:\WINDOWS\SYSTEM32\apphelp.dll
0x00007fffccde0000 - 0x00007fffccee0000 	C:\WINDOWS\System32\ucrtbase.dll
0x00007fffa34c0000 - 0x00007fffa34d7000 	D:\AnZhuang\AndroidStudio\jre\bin\VCRUNTIME140.dll
0x00007fffa2c70000 - 0x00007fffa2c89000 	D:\AnZhuang\AndroidStudio\jre\bin\jli.dll
0x00007fffce2b0000 - 0x00007fffce450000 	C:\WINDOWS\System32\USER32.dll
0x00007fffcd2f0000 - 0x00007fffcd312000 	C:\WINDOWS\System32\win32u.dll
0x00007fffcd630000 - 0x00007fffcd65b000 	C:\WINDOWS\System32\GDI32.dll
0x00007fffcd320000 - 0x00007fffcd42d000 	C:\WINDOWS\System32\gdi32full.dll
0x00007fffccb40000 - 0x00007fffccbdd000 	C:\WINDOWS\System32\msvcp_win.dll
0x00007fffb2070000 - 0x00007fffb230a000 	C:\WINDOWS\WinSxS\amd64_microsoft.windows.common-controls_6595b64144ccf1df_6.0.19041.1110_none_60b5254171f9507e\COMCTL32.dll
0x00007fffcdff0000 - 0x00007fffce08e000 	C:\WINDOWS\System32\msvcrt.dll
0x00007fffcdba0000 - 0x00007fffcdbd0000 	C:\WINDOWS\System32\IMM32.DLL
0x00007fff88100000 - 0x00007fff8819d000 	D:\AnZhuang\AndroidStudio\jre\bin\msvcp140.dll
0x00007fff693d0000 - 0x00007fff69ea5000 	D:\AnZhuang\AndroidStudio\jre\bin\server\jvm.dll
0x00007fffcdec0000 - 0x00007fffcdf6e000 	C:\WINDOWS\System32\ADVAPI32.dll
0x00007fffce450000 - 0x00007fffce4ec000 	C:\WINDOWS\System32\sechost.dll
0x00007fffce5a0000 - 0x00007fffce6c5000 	C:\WINDOWS\System32\RPCRT4.dll
0x00007fffcdb90000 - 0x00007fffcdb98000 	C:\WINDOWS\System32\PSAPI.DLL
0x00007fffc0e50000 - 0x00007fffc0e77000 	C:\WINDOWS\SYSTEM32\WINMM.dll
0x00007fffc3fd0000 - 0x00007fffc3fda000 	C:\WINDOWS\SYSTEM32\VERSION.dll
0x00007fff8bcd0000 - 0x00007fff8bcd9000 	C:\WINDOWS\SYSTEM32\WSOCK32.dll
0x00007fffcdf70000 - 0x00007fffcdfdb000 	C:\WINDOWS\System32\WS2_32.dll
0x00007fffcb3c0000 - 0x00007fffcb3d2000 	C:\WINDOWS\SYSTEM32\kernel.appcore.dll
0x00007fffb2800000 - 0x00007fffb2811000 	D:\AnZhuang\AndroidStudio\jre\bin\verify.dll
0x00007fffca930000 - 0x00007fffcab14000 	C:\WINDOWS\SYSTEM32\DBGHELP.DLL
0x00007fffb2020000 - 0x00007fffb204c000 	C:\WINDOWS\SYSTEM32\dbgcore.DLL
0x00007fffccee0000 - 0x00007fffccf62000 	C:\WINDOWS\System32\bcryptPrimitives.dll
0x00007fffb2750000 - 0x00007fffb2779000 	D:\AnZhuang\AndroidStudio\jre\bin\java.dll
0x00007fffc7a10000 - 0x00007fffc7a1b000 	D:\AnZhuang\AndroidStudio\jre\bin\jimage.dll
0x00007fffb27e0000 - 0x00007fffb27f8000 	D:\AnZhuang\AndroidStudio\jre\bin\zip.dll
0x00007fffcea30000 - 0x00007fffcf174000 	C:\WINDOWS\System32\SHELL32.dll
0x00007fffcac10000 - 0x00007fffcb3a4000 	C:\WINDOWS\SYSTEM32\windows.storage.dll
0x00007fffce6d0000 - 0x00007fffcea25000 	C:\WINDOWS\System32\combase.dll
0x00007fffcc4c0000 - 0x00007fffcc4ee000 	C:\WINDOWS\SYSTEM32\Wldp.dll
0x00007fffce4f0000 - 0x00007fffce59d000 	C:\WINDOWS\System32\SHCORE.dll
0x00007fffcdc60000 - 0x00007fffcdcb5000 	C:\WINDOWS\System32\shlwapi.dll
0x00007fffcca80000 - 0x00007fffcca9f000 	C:\WINDOWS\SYSTEM32\profapi.dll
0x00007fffae3b0000 - 0x00007fffae3ca000 	D:\AnZhuang\AndroidStudio\jre\bin\net.dll
0x00007fffc11a0000 - 0x00007fffc12ac000 	C:\WINDOWS\SYSTEM32\WINHTTP.dll
0x00007fffcc220000 - 0x00007fffcc28a000 	C:\WINDOWS\system32\mswsock.dll
0x00007fffabfb0000 - 0x00007fffabfc4000 	D:\AnZhuang\AndroidStudio\jre\bin\nio.dll
0x00007fffb2820000 - 0x00007fffb2847000 	D:\AnZhuang\AndroidStudio\gradle-7.2\native\e1d6ef7f7dcc3fd88c89a11ec53ec762bb8ba0a96d01ffa2cd45eb1d1d8dd5c5\windows-amd64\native-platform.dll
0x00007fff80b30000 - 0x00007fff80c74000 	D:\AnZhuang\AndroidStudio\gradle-7.2\native\5664cfc778a61ccfe75a443a1ab52a65af34e5dc3c78e0209fed803814484fcb\windows-amd64\native-platform-file-events.dll
0x00007fffbe610000 - 0x00007fffbe61a000 	D:\AnZhuang\AndroidStudio\jre\bin\management.dll
0x00007fffbe240000 - 0x00007fffbe24d000 	D:\AnZhuang\AndroidStudio\jre\bin\management_ext.dll
0x00007fffcc410000 - 0x00007fffcc428000 	C:\WINDOWS\SYSTEM32\CRYPTSP.dll
0x00007fffcbba0000 - 0x00007fffcbbd4000 	C:\WINDOWS\system32\rsaenh.dll
0x00007fffccbe0000 - 0x00007fffccc07000 	C:\WINDOWS\System32\bcrypt.dll
0x00007fffcca40000 - 0x00007fffcca6e000 	C:\WINDOWS\SYSTEM32\USERENV.dll
0x00007fffcc430000 - 0x00007fffcc43c000 	C:\WINDOWS\SYSTEM32\CRYPTBASE.dll
0x00007fffcbf10000 - 0x00007fffcbf4b000 	C:\WINDOWS\SYSTEM32\IPHLPAPI.DLL
0x00007fffcdfe0000 - 0x00007fffcdfe8000 	C:\WINDOWS\System32\NSI.dll
0x00007fffc44a0000 - 0x00007fffc44b7000 	C:\WINDOWS\SYSTEM32\dhcpcsvc6.DLL
0x00007fffc3fe0000 - 0x00007fffc3ffd000 	C:\WINDOWS\SYSTEM32\dhcpcsvc.DLL
0x00007fffcbf50000 - 0x00007fffcc01b000 	C:\WINDOWS\SYSTEM32\DNSAPI.dll

dbghelp: loaded successfully - version: 4.0.5 - missing functions: none
symbol engine: initialized successfully - sym options: 0x614 - pdb path: .;D:\AnZhuang\AndroidStudio\jre\bin;C:\WINDOWS\SYSTEM32;C:\WINDOWS\WinSxS\amd64_microsoft.windows.common-controls_6595b64144ccf1df_6.0.19041.1110_none_60b5254171f9507e;D:\AnZhuang\AndroidStudio\jre\bin\server;D:\AnZhuang\AndroidStudio\gradle-7.2\native\e1d6ef7f7dcc3fd88c89a11ec53ec762bb8ba0a96d01ffa2cd45eb1d1d8dd5c5\windows-amd64;D:\AnZhuang\AndroidStudio\gradle-7.2\native\5664cfc778a61ccfe75a443a1ab52a65af34e5dc3c78e0209fed803814484fcb\windows-amd64

VM Arguments:
jvm_args: --add-opens=java.base/java.util=ALL-UNNAMED --add-opens=java.base/java.lang=ALL-UNNAMED --add-opens=java.base/java.lang.invoke=ALL-UNNAMED --add-opens=java.base/java.util=ALL-UNNAMED --add-opens=java.prefs/java.util.prefs=ALL-UNNAMED --add-opens=java.prefs/java.util.prefs=ALL-UNNAMED --add-opens=java.base/java.nio.charset=ALL-UNNAMED --add-opens=java.base/java.net=ALL-UNNAMED --add-opens=java.base/java.util.concurrent.atomic=ALL-UNNAMED -Xmx2048m -Dfile.encoding=UTF-8 -Duser.country=CN -Duser.language=zh -Duser.variant 
java_command: org.gradle.launcher.daemon.bootstrap.GradleDaemon 7.2
java_class_path (initial): D:\AnZhuang\AndroidStudio\gradle-7.2\wrapper\dists\gradle-7.2-bin\2dnblmf4td7x66yl1d74lt32g\gradle-7.2\lib\gradle-launcher-7.2.jar
Launcher Type: SUN_STANDARD

[Global flags]
     intx CICompilerCount                          = 4                                         {product} {ergonomic}
     uint ConcGCThreads                            = 3                                         {product} {ergonomic}
     uint G1ConcRefinementThreads                  = 10                                        {product} {ergonomic}
   size_t G1HeapRegionSize                         = 1048576                                   {product} {ergonomic}
    uintx GCDrainStackTargetSize                   = 64                                        {product} {ergonomic}
   size_t InitialHeapSize                          = 268435456                                 {product} {ergonomic}
   size_t MarkStackSize                            = 4194304                                   {product} {ergonomic}
   size_t MaxHeapSize                              = 2147483648                                {product} {command line}
   size_t MaxNewSize                               = 1287651328                                {product} {ergonomic}
   size_t MinHeapDeltaBytes                        = 1048576                                   {product} {ergonomic}
    uintx NonNMethodCodeHeapSize                   = 5836300                                {pd product} {ergonomic}
    uintx NonProfiledCodeHeapSize                  = 122910970                              {pd product} {ergonomic}
    uintx ProfiledCodeHeapSize                     = 122910970                              {pd product} {ergonomic}
    uintx ReservedCodeCacheSize                    = 251658240                              {pd product} {ergonomic}
     bool SegmentedCodeCache                       = true                                      {product} {ergonomic}
     bool UseCompressedClassPointers               = true                                 {lp64_product} {ergonomic}
     bool UseCompressedOops                        = true                                 {lp64_product} {ergonomic}
     bool UseG1GC                                  = true                                      {product} {ergonomic}
     bool UseLargePagesIndividualAllocation        = false                                  {pd product} {ergonomic}

Logging:
Log output configuration:
 #0: stdout all=warning uptime,level,tags
 #1: stderr all=off uptime,level,tags

Environment Variables:
JAVA_HOME=D:\AnZhuang\Java\jdk
CLASSPATH=.;D:\AnZhuang\Java\jdk\lib\dt.jar;D:\AnZhuang\Java\jdk\lib\tools.jar
PATH=C:\Program Files\Common Files\Oracle\Java\javapath;D:\AnZhuang\Android-SDK\platform-tools;D:\AnZhuang\Java\jdk\bin;D:\AnZhuang\Java\jdk\jre\bin;D:\AnZhuang\rose\common;C:\Program Files\NVIDIA Corporation\NVIDIA NvDLISR;C:\Program Files (x86)\Microsoft SQL Server\90\Tools\binn\;D:\AnZhuang\;D:\AnZhuang\WinSCP\;C:\Program Files (x86)\NVIDIA Corporation\PhysX\Common;C:\WINDOWS\system32;C:\WINDOWS;C:\WINDOWS\System32\Wbem;C:\WINDOWS\System32\WindowsPowerShell\v1.0\;C:\WINDOWS\System32\OpenSSH\;D:\AnZhuang\LateX\texlive\2021\bin\win32;C:\Program Files\Microsoft SQL Server\130\Tools\Binn\;D:\AnZhuang\Matlab\runtime\win64;D:\AnZhuang\Matlab\bin;D:\AnZhuang\Matlab\polyspace\bin;C:\Program Files\MySQL\MySQL Shell 8.0\bin\;C:\Users\LoongPong\AppData\Local\Microsoft\WindowsApps;D:\AnZhuang\PyCham\PyCharm Community Edition 2021.1.2\bin;C:\Program Files\Java\jre1.8.0_291;Microsoft VS Code\bin;D:\AnZhuang\bangizip\;D:\AnZhuang\Microsoft VS Code\bin
USERNAME=PongLoong
OS=Windows_NT
PROCESSOR_IDENTIFIER=Intel64 Family 6 Model 158 Stepping 10, GenuineIntel



---------------  S Y S T E M  ---------------

OS: Windows 10 , 64 bit Build 19041 (10.0.19041.1503)
OS uptime: 1 days 8:39 hours

CPU:total 12 (initial active 12) (6 cores per cpu, 2 threads per core) family 6 model 158 stepping 10 microcode 0xb4, cmov, cx8, fxsr, mmx, sse, sse2, sse3, ssse3, sse4.1, sse4.2, popcnt, avx, avx2, aes, clmul, erms, 3dnowpref, lzcnt, ht, tsc, tscinvbit, bmi1, bmi2, adx, fma

Memory: 4k page, system-wide physical 16257M (3386M free)
TotalPageFile size 16257M (AvailPageFile size 2M)
current process WorkingSet (physical memory assigned to process): 412M, peak: 413M
current process commit charge ("private bytes"): 519M, peak: 522M

vm_info: OpenJDK 64-Bit Server VM (11.0.11+9-b60-7590822) for windows-amd64 JRE (11.0.11+9-b60-7590822), built on Jul 29 2021 21:43:44 by "builder" with MS VC++ 14.0 (VS2015)

END.
