#
# There is insufficient memory for the Java Runtime Environment to continue.
# Native memory allocation (malloc) failed to allocate 755536 bytes for Chunk::new
# Possible reasons:
#   The system is out of physical RAM or swap space
#   The process is running with CompressedOops enabled, and the Java Heap may be blocking the growth of the native heap
# Possible solutions:
#   Reduce memory load on the system
#   Increase physical memory or swap space
#   Check if swap backing store is full
#   Decrease Java heap size (-Xmx/-Xms)
#   Decrease number of Java threads
#   Decrease Java thread stack sizes (-Xss)
#   Set larger code cache with -XX:ReservedCodeCacheSize=
#   JVM is running with Unscaled Compressed Oops mode in which the Java heap is
#     placed in the first 4GB address space. The Java Heap base address is the
#     maximum limit for the native heap growth. Please use -XX:HeapBaseMinAddress
#     to set the Java Heap base and to place the Java Heap above 4GB virtual address.
# This output file may be truncated or incomplete.
#
#  Out of Memory Error (./src/hotspot/share/memory/arena.cpp:197), pid=19564, tid=15152
#
# JRE version: OpenJDK Runtime Environment (11.0.11+9) (build 11.0.11+9-b60-7590822)
# Java VM: OpenJDK 64-Bit Server VM (11.0.11+9-b60-7590822, mixed mode, tiered, compressed oops, g1 gc, windows-amd64)
# No core dump will be written. Minidumps are not enabled by default on client versions of Windows
#

---------------  S U M M A R Y ------------

Command Line: --add-opens=java.base/java.util=ALL-UNNAMED --add-opens=java.base/java.lang=ALL-UNNAMED --add-opens=java.base/java.lang.invoke=ALL-UNNAMED --add-opens=java.base/java.util=ALL-UNNAMED --add-opens=java.prefs/java.util.prefs=ALL-UNNAMED --add-opens=java.prefs/java.util.prefs=ALL-UNNAMED --add-opens=java.base/java.nio.charset=ALL-UNNAMED --add-opens=java.base/java.net=ALL-UNNAMED --add-opens=java.base/java.util.concurrent.atomic=ALL-UNNAMED -Xmx2048m -Dfile.encoding=UTF-8 -Duser.country=CN -Duser.language=zh -Duser.variant org.gradle.launcher.daemon.bootstrap.GradleDaemon 7.2

Host: Intel(R) Core(TM) i7-8750H CPU @ 2.20GHz, 12 cores, 15G,  Windows 10 , 64 bit Build 19041 (10.0.19041.1503)
Time: Tue Mar 22 16:48:47 2022 中国标准时间 elapsed time: 2.636504 seconds (0d 0h 0m 2s)

---------------  T H R E A D  ---------------

Current thread (0x000002a686ed4000):  JavaThread "C2 CompilerThread1" daemon [_thread_in_native, id=15152, stack(0x000000c947f00000,0x000000c948000000)]


Current CompileTask:
C2:   2636 2252       4       java.net.URLClassLoader$1::run (5 bytes)

Stack: [0x000000c947f00000,0x000000c948000000]
Native frames: (J=compiled Java code, j=interpreted, Vv=VM code, C=native code)
V  [jvm.dll+0x5f214a]
V  [jvm.dll+0x726fb5]
V  [jvm.dll+0x7285cd]
V  [jvm.dll+0x728c83]
V  [jvm.dll+0x243278]
V  [jvm.dll+0xbc53c]
V  [jvm.dll+0xbca3c]
V  [jvm.dll+0x2b5c34]
V  [jvm.dll+0x508488]
V  [jvm.dll+0x1fd826]
V  [jvm.dll+0x1fb35f]
V  [jvm.dll+0x183d6c]
V  [jvm.dll+0x209a57]
V  [jvm.dll+0x2082a1]
V  [jvm.dll+0x6ef58f]
V  [jvm.dll+0x6e80b5]
V  [jvm.dll+0x5f1036]
C  [ucrtbase.dll+0x21bb2]
C  [KERNEL32.DLL+0x17034]
C  [ntdll.dll+0x52651]


---------------  P R O C E S S  ---------------

Threads class SMR info:
_java_thread_list=0x000002a686a9b7b0, length=29, elements={
0x000002a6e82c7800, 0x000002a6834f2800, 0x000002a6834f6000, 0x000002a683569800,
0x000002a68356a000, 0x000002a68356d000, 0x000002a68356e000, 0x000002a683573800,
0x000002a683576800, 0x000002a6836ef000, 0x000002a685cf4800, 0x000002a68650e000,
0x000002a6856ad000, 0x000002a6839ae800, 0x000002a684b14800, 0x000002a686686800,
0x000002a684e4a000, 0x000002a685902000, 0x000002a683828000, 0x000002a68619f800,
0x000002a68619e000, 0x000002a68619d000, 0x000002a6861a2000, 0x000002a686ed4000,
0x000002a68619c000, 0x000002a68619e800, 0x000002a6861a0800, 0x000002a6861a1000,
0x000002a6861a3000
}

Java Threads: ( => current thread )
  0x000002a6e82c7800 JavaThread "main" [_thread_blocked, id=10156, stack(0x000000c945600000,0x000000c945700000)]
  0x000002a6834f2800 JavaThread "Reference Handler" daemon [_thread_blocked, id=18604, stack(0x000000c945d00000,0x000000c945e00000)]
  0x000002a6834f6000 JavaThread "Finalizer" daemon [_thread_blocked, id=2256, stack(0x000000c945e00000,0x000000c945f00000)]
  0x000002a683569800 JavaThread "Signal Dispatcher" daemon [_thread_blocked, id=23036, stack(0x000000c945f00000,0x000000c946000000)]
  0x000002a68356a000 JavaThread "Attach Listener" daemon [_thread_blocked, id=17616, stack(0x000000c946000000,0x000000c946100000)]
  0x000002a68356d000 JavaThread "Service Thread" daemon [_thread_blocked, id=3284, stack(0x000000c946100000,0x000000c946200000)]
  0x000002a68356e000 JavaThread "C2 CompilerThread0" daemon [_thread_in_native, id=23728, stack(0x000000c946200000,0x000000c946300000)]
  0x000002a683573800 JavaThread "C1 CompilerThread0" daemon [_thread_in_native, id=22556, stack(0x000000c946300000,0x000000c946400000)]
  0x000002a683576800 JavaThread "Sweeper thread" daemon [_thread_blocked, id=15840, stack(0x000000c946400000,0x000000c946500000)]
  0x000002a6836ef000 JavaThread "Common-Cleaner" daemon [_thread_blocked, id=22088, stack(0x000000c946500000,0x000000c946600000)]
  0x000002a685cf4800 JavaThread "Daemon health stats" [_thread_blocked, id=8732, stack(0x000000c946e00000,0x000000c946f00000)]
  0x000002a68650e000 JavaThread "Incoming local TCP Connector on port 2171" [_thread_in_native, id=6900, stack(0x000000c946700000,0x000000c946800000)]
  0x000002a6856ad000 JavaThread "Daemon periodic checks" [_thread_blocked, id=25316, stack(0x000000c946800000,0x000000c946900000)]
  0x000002a6839ae800 JavaThread "Daemon" [_thread_blocked, id=19624, stack(0x000000c946f00000,0x000000c947000000)]
  0x000002a684b14800 JavaThread "Handler for socket connection from /127.0.0.1:2171 to /127.0.0.1:2172" [_thread_in_native, id=22080, stack(0x000000c947000000,0x000000c947100000)]
  0x000002a686686800 JavaThread "Cancel handler" [_thread_blocked, id=5892, stack(0x000000c947100000,0x000000c947200000)]
  0x000002a684e4a000 JavaThread "Daemon worker" [_thread_in_Java, id=16164, stack(0x000000c947200000,0x000000c947300000)]
  0x000002a685902000 JavaThread "Asynchronous log dispatcher for DefaultDaemonConnection: socket connection from /127.0.0.1:2171 to /127.0.0.1:2172" [_thread_blocked, id=15604, stack(0x000000c947300000,0x000000c947400000)]
  0x000002a683828000 JavaThread "Stdin handler" [_thread_blocked, id=27272, stack(0x000000c947400000,0x000000c947500000)]
  0x000002a68619f800 JavaThread "Daemon client event forwarder" [_thread_blocked, id=3456, stack(0x000000c947500000,0x000000c947600000)]
  0x000002a68619e000 JavaThread "Cache worker for journal cache (D:\AnZhuang\AndroidStudio\gradle-7.2\caches\journal-1)" [_thread_blocked, id=18648, stack(0x000000c947600000,0x000000c947700000)]
  0x000002a68619d000 JavaThread "File lock request listener" [_thread_in_native, id=12188, stack(0x000000c947700000,0x000000c947800000)]
  0x000002a6861a2000 JavaThread "Cache worker for file hash cache (D:\AnZhuang\AndroidStudio\gradle-7.2\caches\7.2\fileHashes)" [_thread_blocked, id=3476, stack(0x000000c947800000,0x000000c947900000)]
=>0x000002a686ed4000 JavaThread "C2 CompilerThread1" daemon [_thread_in_native, id=15152, stack(0x000000c947f00000,0x000000c948000000)]
  0x000002a68619c000 JavaThread "Cache worker for file hash cache (D:\1EDU\6THREE2\Android\experimen\class-work\ControlLine\.gradle\7.2\fileHashes)" [_thread_blocked, id=27464, stack(0x000000c948000000,0x000000c948100000)]
  0x000002a68619e800 JavaThread "File watcher server" daemon [_thread_in_native, id=17916, stack(0x000000c948100000,0x000000c948200000)]
  0x000002a6861a0800 JavaThread "File watcher consumer" daemon [_thread_blocked, id=27332, stack(0x000000c948200000,0x000000c948300000)]
  0x000002a6861a1000 JavaThread "Cache worker for checksums cache (D:\1EDU\6THREE2\Android\experimen\class-work\ControlLine\.gradle\checksums)" [_thread_blocked, id=21920, stack(0x000000c948300000,0x000000c948400000)]
  0x000002a6861a3000 JavaThread "Cache worker for cache directory md-supplier (D:\AnZhuang\AndroidStudio\gradle-7.2\caches\7.2\md-supplier)" [_thread_blocked, id=1752, stack(0x000000c948400000,0x000000c948500000)]

Other Threads:
  0x000002a6834f0800 VMThread "VM Thread" [stack: 0x000000c945c00000,0x000000c945d00000] [id=18984]
  0x000002a683717000 WatcherThread [stack: 0x000000c946600000,0x000000c946700000] [id=4256]
  0x000002a6e82e1800 GCTaskThread "GC Thread#0" [stack: 0x000000c945700000,0x000000c945800000] [id=13012]
  0x000002a684759800 GCTaskThread "GC Thread#1" [stack: 0x000000c946900000,0x000000c946a00000] [id=8348]
  0x000002a684675000 GCTaskThread "GC Thread#2" [stack: 0x000000c946a00000,0x000000c946b00000] [id=18688]
  0x000002a684988000 GCTaskThread "GC Thread#3" [stack: 0x000000c946b00000,0x000000c946c00000] [id=10952]
  0x000002a684683000 GCTaskThread "GC Thread#4" [stack: 0x000000c946c00000,0x000000c946d00000] [id=24892]
  0x000002a684683800 GCTaskThread "GC Thread#5" [stack: 0x000000c946d00000,0x000000c946e00000] [id=18080]
  0x000002a6855da800 GCTaskThread "GC Thread#6" [stack: 0x000000c947900000,0x000000c947a00000] [id=10032]
  0x000002a685789800 GCTaskThread "GC Thread#7" [stack: 0x000000c947a00000,0x000000c947b00000] [id=10496]
  0x000002a684dfc800 GCTaskThread "GC Thread#8" [stack: 0x000000c947b00000,0x000000c947c00000] [id=14792]
  0x000002a684a82000 GCTaskThread "GC Thread#9" [stack: 0x000000c947c00000,0x000000c947d00000] [id=27428]
  0x000002a6e8314800 ConcurrentGCThread "G1 Main Marker" [stack: 0x000000c945800000,0x000000c945900000] [id=3156]
  0x000002a6e8315800 ConcurrentGCThread "G1 Conc#0" [stack: 0x000000c945900000,0x000000c945a00000] [id=21132]
  0x000002a684d27000 ConcurrentGCThread "G1 Conc#1" [stack: 0x000000c947d00000,0x000000c947e00000] [id=24676]
  0x000002a684a4a000 ConcurrentGCThread "G1 Conc#2" [stack: 0x000000c947e00000,0x000000c947f00000] [id=5756]
  0x000002a6e839e000 ConcurrentGCThread "G1 Refine#0" [stack: 0x000000c945a00000,0x000000c945b00000] [id=16888]
  0x000002a682b3e800 ConcurrentGCThread "G1 Young RemSet Sampling" [stack: 0x000000c945b00000,0x000000c945c00000] [id=7968]

Threads with active compile tasks:
C2 CompilerThread0   2654 2253   !   4       java.net.URLClassLoader$1::run (63 bytes)
C1 CompilerThread0   2654 2277       3       org.gradle.internal.reflect.MethodSet::shouldReplace (45 bytes)
C2 CompilerThread1   2654 2252       4       java.net.URLClassLoader$1::run (5 bytes)

VM state:not at safepoint (normal execution)

VM Mutex/Monitor currently owned by a thread: None

Heap address: 0x0000000080000000, size: 2048 MB, Compressed Oops mode: 32-bit
Narrow klass base: 0x0000000000000000, Narrow klass shift: 3
Compressed class space size: 1073741824 Address: 0x0000000100000000

Heap:
 garbage-first heap   total 262144K, used 52138K [0x0000000080000000, 0x0000000100000000)
  region size 1024K, 36 young (36864K), 2 survivors (2048K)
 Metaspace       used 27259K, capacity 27850K, committed 27904K, reserved 1073152K
  class space    used 3602K, capacity 3807K, committed 3840K, reserved 1048576K
Heap Regions: E=young(eden), S=young(survivor), O=old, HS=humongous(starts), HC=humongous(continues), CS=collection set, F=free, A=archive, TAMS=top-at-mark-start (previous, next)
|   0|0x0000000080000000, 0x0000000080100000, 0x0000000080100000|100%| O|  |TAMS 0x0000000080000000, 0x0000000080000000| Untracked 
|   1|0x0000000080100000, 0x0000000080200000, 0x0000000080200000|100%| O|  |TAMS 0x0000000080100000, 0x0000000080100000| Untracked 
|   2|0x0000000080200000, 0x0000000080300000, 0x0000000080300000|100%| O|  |TAMS 0x0000000080200000, 0x0000000080200000| Untracked 
|   3|0x0000000080300000, 0x0000000080400000, 0x0000000080400000|100%|HS|  |TAMS 0x0000000080400000, 0x0000000080300000| Complete 
|   4|0x0000000080400000, 0x0000000080500000, 0x0000000080500000|100%|HC|  |TAMS 0x0000000080500000, 0x0000000080400000| Complete 
|   5|0x0000000080500000, 0x0000000080600000, 0x0000000080600000|100%|HC|  |TAMS 0x0000000080600000, 0x0000000080500000| Complete 
|   6|0x0000000080600000, 0x0000000080700000, 0x0000000080700000|100%| O|  |TAMS 0x0000000080700000, 0x0000000080600000| Untracked 
|   7|0x0000000080700000, 0x0000000080800000, 0x0000000080800000|100%| O|  |TAMS 0x0000000080800000, 0x0000000080700000| Untracked 
|   8|0x0000000080800000, 0x0000000080900000, 0x0000000080900000|100%| O|  |TAMS 0x0000000080900000, 0x0000000080800000| Untracked 
|   9|0x0000000080900000, 0x0000000080a00000, 0x0000000080a00000|100%| O|  |TAMS 0x0000000080917600, 0x0000000080900000| Untracked 
|  10|0x0000000080a00000, 0x0000000080b00000, 0x0000000080b00000|100%| O|  |TAMS 0x0000000080a00000, 0x0000000080a00000| Untracked 
|  11|0x0000000080b00000, 0x0000000080c00000, 0x0000000080c00000|100%| O|  |TAMS 0x0000000080b00000, 0x0000000080b00000| Untracked 
|  12|0x0000000080c00000, 0x0000000080d00000, 0x0000000080d00000|100%| O|  |TAMS 0x0000000080c00000, 0x0000000080c00000| Untracked 
|  13|0x0000000080d00000, 0x0000000080e00000, 0x0000000080e00000|100%| O|  |TAMS 0x0000000080d00000, 0x0000000080d00000| Untracked 
|  14|0x0000000080e00000, 0x0000000080f00000, 0x0000000080f00000|100%| O|  |TAMS 0x0000000080e00000, 0x0000000080e00000| Untracked 
|  15|0x0000000080f00000, 0x0000000081000000, 0x0000000081000000|100%| O|  |TAMS 0x0000000080f00000, 0x0000000080f00000| Untracked 
|  16|0x0000000081000000, 0x0000000081029c00, 0x0000000081100000| 16%| O|  |TAMS 0x0000000081000000, 0x0000000081000000| Untracked 
|  17|0x0000000081100000, 0x0000000081100000, 0x0000000081200000|  0%| F|  |TAMS 0x0000000081100000, 0x0000000081100000| Untracked 
|  18|0x0000000081200000, 0x0000000081200000, 0x0000000081300000|  0%| F|  |TAMS 0x0000000081200000, 0x0000000081200000| Untracked 
|  19|0x0000000081300000, 0x0000000081300000, 0x0000000081400000|  0%| F|  |TAMS 0x0000000081300000, 0x0000000081300000| Untracked 
|  20|0x0000000081400000, 0x0000000081400000, 0x0000000081500000|  0%| F|  |TAMS 0x0000000081400000, 0x0000000081400000| Untracked 
|  21|0x0000000081500000, 0x0000000081500000, 0x0000000081600000|  0%| F|  |TAMS 0x0000000081500000, 0x0000000081500000| Untracked 
|  22|0x0000000081600000, 0x0000000081600000, 0x0000000081700000|  0%| F|  |TAMS 0x0000000081600000, 0x0000000081600000| Untracked 
|  23|0x0000000081700000, 0x0000000081700000, 0x0000000081800000|  0%| F|  |TAMS 0x0000000081700000, 0x0000000081700000| Untracked 
|  24|0x0000000081800000, 0x0000000081800000, 0x0000000081900000|  0%| F|  |TAMS 0x0000000081800000, 0x0000000081800000| Untracked 
|  25|0x0000000081900000, 0x0000000081900000, 0x0000000081a00000|  0%| F|  |TAMS 0x0000000081900000, 0x0000000081900000| Untracked 
|  26|0x0000000081a00000, 0x0000000081a00000, 0x0000000081b00000|  0%| F|  |TAMS 0x0000000081a00000, 0x0000000081a00000| Untracked 
|  27|0x0000000081b00000, 0x0000000081b00000, 0x0000000081c00000|  0%| F|  |TAMS 0x0000000081b00000, 0x0000000081b00000| Untracked 
|  28|0x0000000081c00000, 0x0000000081c00000, 0x0000000081d00000|  0%| F|  |TAMS 0x0000000081c00000, 0x0000000081c00000| Untracked 
|  29|0x0000000081d00000, 0x0000000081d00000, 0x0000000081e00000|  0%| F|  |TAMS 0x0000000081d00000, 0x0000000081d00000| Untracked 
|  30|0x0000000081e00000, 0x0000000081e00000, 0x0000000081f00000|  0%| F|  |TAMS 0x0000000081e00000, 0x0000000081e00000| Untracked 
|  31|0x0000000081f00000, 0x0000000081f00000, 0x0000000082000000|  0%| F|  |TAMS 0x0000000081f00000, 0x0000000081f00000| Untracked 
|  32|0x0000000082000000, 0x0000000082000000, 0x0000000082100000|  0%| F|  |TAMS 0x0000000082000000, 0x0000000082000000| Untracked 
|  33|0x0000000082100000, 0x0000000082100000, 0x0000000082200000|  0%| F|  |TAMS 0x0000000082100000, 0x0000000082100000| Untracked 
|  34|0x0000000082200000, 0x0000000082200000, 0x0000000082300000|  0%| F|  |TAMS 0x0000000082200000, 0x0000000082200000| Untracked 
|  35|0x0000000082300000, 0x0000000082300000, 0x0000000082400000|  0%| F|  |TAMS 0x0000000082300000, 0x0000000082300000| Untracked 
|  36|0x0000000082400000, 0x0000000082400000, 0x0000000082500000|  0%| F|  |TAMS 0x0000000082400000, 0x0000000082400000| Untracked 
|  37|0x0000000082500000, 0x0000000082500000, 0x0000000082600000|  0%| F|  |TAMS 0x0000000082500000, 0x0000000082500000| Untracked 
|  38|0x0000000082600000, 0x0000000082600000, 0x0000000082700000|  0%| F|  |TAMS 0x0000000082600000, 0x0000000082600000| Untracked 
|  39|0x0000000082700000, 0x0000000082700000, 0x0000000082800000|  0%| F|  |TAMS 0x0000000082700000, 0x0000000082700000| Untracked 
|  40|0x0000000082800000, 0x0000000082800000, 0x0000000082900000|  0%| F|  |TAMS 0x0000000082800000, 0x0000000082800000| Untracked 
|  41|0x0000000082900000, 0x0000000082900000, 0x0000000082a00000|  0%| F|  |TAMS 0x0000000082900000, 0x0000000082900000| Untracked 
|  42|0x0000000082a00000, 0x0000000082a00000, 0x0000000082b00000|  0%| F|  |TAMS 0x0000000082a00000, 0x0000000082a00000| Untracked 
|  43|0x0000000082b00000, 0x0000000082b00000, 0x0000000082c00000|  0%| F|  |TAMS 0x0000000082b00000, 0x0000000082b00000| Untracked 
|  44|0x0000000082c00000, 0x0000000082c00000, 0x0000000082d00000|  0%| F|  |TAMS 0x0000000082c00000, 0x0000000082c00000| Untracked 
|  45|0x0000000082d00000, 0x0000000082d00000, 0x0000000082e00000|  0%| F|  |TAMS 0x0000000082d00000, 0x0000000082d00000| Untracked 
|  46|0x0000000082e00000, 0x0000000082e00000, 0x0000000082f00000|  0%| F|  |TAMS 0x0000000082e00000, 0x0000000082e00000| Untracked 
|  47|0x0000000082f00000, 0x0000000082f00000, 0x0000000083000000|  0%| F|  |TAMS 0x0000000082f00000, 0x0000000082f00000| Untracked 
|  48|0x0000000083000000, 0x0000000083000000, 0x0000000083100000|  0%| F|  |TAMS 0x0000000083000000, 0x0000000083000000| Untracked 
|  49|0x0000000083100000, 0x0000000083100000, 0x0000000083200000|  0%| F|  |TAMS 0x0000000083100000, 0x0000000083100000| Untracked 
|  50|0x0000000083200000, 0x0000000083200000, 0x0000000083300000|  0%| F|  |TAMS 0x0000000083200000, 0x0000000083200000| Untracked 
|  51|0x0000000083300000, 0x0000000083300000, 0x0000000083400000|  0%| F|  |TAMS 0x0000000083300000, 0x0000000083300000| Untracked 
|  52|0x0000000083400000, 0x0000000083400000, 0x0000000083500000|  0%| F|  |TAMS 0x0000000083400000, 0x0000000083400000| Untracked 
|  53|0x0000000083500000, 0x0000000083500000, 0x0000000083600000|  0%| F|  |TAMS 0x0000000083500000, 0x0000000083500000| Untracked 
|  54|0x0000000083600000, 0x0000000083600000, 0x0000000083700000|  0%| F|  |TAMS 0x0000000083600000, 0x0000000083600000| Untracked 
|  55|0x0000000083700000, 0x0000000083700000, 0x0000000083800000|  0%| F|  |TAMS 0x0000000083700000, 0x0000000083700000| Untracked 
|  56|0x0000000083800000, 0x0000000083800000, 0x0000000083900000|  0%| F|  |TAMS 0x0000000083800000, 0x0000000083800000| Untracked 
|  57|0x0000000083900000, 0x0000000083900000, 0x0000000083a00000|  0%| F|  |TAMS 0x0000000083900000, 0x0000000083900000| Untracked 
|  58|0x0000000083a00000, 0x0000000083a00000, 0x0000000083b00000|  0%| F|  |TAMS 0x0000000083a00000, 0x0000000083a00000| Untracked 
|  59|0x0000000083b00000, 0x0000000083b00000, 0x0000000083c00000|  0%| F|  |TAMS 0x0000000083b00000, 0x0000000083b00000| Untracked 
|  60|0x0000000083c00000, 0x0000000083c00000, 0x0000000083d00000|  0%| F|  |TAMS 0x0000000083c00000, 0x0000000083c00000| Untracked 
|  61|0x0000000083d00000, 0x0000000083d00000, 0x0000000083e00000|  0%| F|  |TAMS 0x0000000083d00000, 0x0000000083d00000| Untracked 
|  62|0x0000000083e00000, 0x0000000083e00000, 0x0000000083f00000|  0%| F|  |TAMS 0x0000000083e00000, 0x0000000083e00000| Untracked 
|  63|0x0000000083f00000, 0x0000000083f00000, 0x0000000084000000|  0%| F|  |TAMS 0x0000000083f00000, 0x0000000083f00000| Untracked 
|  64|0x0000000084000000, 0x0000000084000000, 0x0000000084100000|  0%| F|  |TAMS 0x0000000084000000, 0x0000000084000000| Untracked 
|  65|0x0000000084100000, 0x0000000084100000, 0x0000000084200000|  0%| F|  |TAMS 0x0000000084100000, 0x0000000084100000| Untracked 
|  66|0x0000000084200000, 0x0000000084200000, 0x0000000084300000|  0%| F|  |TAMS 0x0000000084200000, 0x0000000084200000| Untracked 
|  67|0x0000000084300000, 0x0000000084300000, 0x0000000084400000|  0%| F|  |TAMS 0x0000000084300000, 0x0000000084300000| Untracked 
|  68|0x0000000084400000, 0x0000000084400000, 0x0000000084500000|  0%| F|  |TAMS 0x0000000084400000, 0x0000000084400000| Untracked 
|  69|0x0000000084500000, 0x0000000084500000, 0x0000000084600000|  0%| F|  |TAMS 0x0000000084500000, 0x0000000084500000| Untracked 
|  70|0x0000000084600000, 0x0000000084600000, 0x0000000084700000|  0%| F|  |TAMS 0x0000000084600000, 0x0000000084600000| Untracked 
|  71|0x0000000084700000, 0x0000000084700000, 0x0000000084800000|  0%| F|  |TAMS 0x0000000084700000, 0x0000000084700000| Untracked 
|  72|0x0000000084800000, 0x0000000084800000, 0x0000000084900000|  0%| F|  |TAMS 0x0000000084800000, 0x0000000084800000| Untracked 
|  73|0x0000000084900000, 0x0000000084900000, 0x0000000084a00000|  0%| F|  |TAMS 0x0000000084900000, 0x0000000084900000| Untracked 
|  74|0x0000000084a00000, 0x0000000084a00000, 0x0000000084b00000|  0%| F|  |TAMS 0x0000000084a00000, 0x0000000084a00000| Untracked 
|  75|0x0000000084b00000, 0x0000000084b00000, 0x0000000084c00000|  0%| F|  |TAMS 0x0000000084b00000, 0x0000000084b00000| Untracked 
|  76|0x0000000084c00000, 0x0000000084c00000, 0x0000000084d00000|  0%| F|  |TAMS 0x0000000084c00000, 0x0000000084c00000| Untracked 
|  77|0x0000000084d00000, 0x0000000084d00000, 0x0000000084e00000|  0%| F|  |TAMS 0x0000000084d00000, 0x0000000084d00000| Untracked 
|  78|0x0000000084e00000, 0x0000000084e00000, 0x0000000084f00000|  0%| F|  |TAMS 0x0000000084e00000, 0x0000000084e00000| Untracked 
|  79|0x0000000084f00000, 0x0000000084f00000, 0x0000000085000000|  0%| F|  |TAMS 0x0000000084f00000, 0x0000000084f00000| Untracked 
|  80|0x0000000085000000, 0x0000000085000000, 0x0000000085100000|  0%| F|  |TAMS 0x0000000085000000, 0x0000000085000000| Untracked 
|  81|0x0000000085100000, 0x0000000085100000, 0x0000000085200000|  0%| F|  |TAMS 0x0000000085100000, 0x0000000085100000| Untracked 
|  82|0x0000000085200000, 0x0000000085200000, 0x0000000085300000|  0%| F|  |TAMS 0x0000000085200000, 0x0000000085200000| Untracked 
|  83|0x0000000085300000, 0x0000000085300000, 0x0000000085400000|  0%| F|  |TAMS 0x0000000085300000, 0x0000000085300000| Untracked 
|  84|0x0000000085400000, 0x0000000085400000, 0x0000000085500000|  0%| F|  |TAMS 0x0000000085400000, 0x0000000085400000| Untracked 
|  85|0x0000000085500000, 0x0000000085500000, 0x0000000085600000|  0%| F|  |TAMS 0x0000000085500000, 0x0000000085500000| Untracked 
|  86|0x0000000085600000, 0x0000000085600000, 0x0000000085700000|  0%| F|  |TAMS 0x0000000085600000, 0x0000000085600000| Untracked 
|  87|0x0000000085700000, 0x0000000085700000, 0x0000000085800000|  0%| F|  |TAMS 0x0000000085700000, 0x0000000085700000| Untracked 
|  88|0x0000000085800000, 0x0000000085800000, 0x0000000085900000|  0%| F|  |TAMS 0x0000000085800000, 0x0000000085800000| Untracked 
|  89|0x0000000085900000, 0x0000000085900000, 0x0000000085a00000|  0%| F|  |TAMS 0x0000000085900000, 0x0000000085900000| Untracked 
|  90|0x0000000085a00000, 0x0000000085a00000, 0x0000000085b00000|  0%| F|  |TAMS 0x0000000085a00000, 0x0000000085a00000| Untracked 
|  91|0x0000000085b00000, 0x0000000085b00000, 0x0000000085c00000|  0%| F|  |TAMS 0x0000000085b00000, 0x0000000085b00000| Untracked 
|  92|0x0000000085c00000, 0x0000000085c00000, 0x0000000085d00000|  0%| F|  |TAMS 0x0000000085c00000, 0x0000000085c00000| Untracked 
|  93|0x0000000085d00000, 0x0000000085d00000, 0x0000000085e00000|  0%| F|  |TAMS 0x0000000085d00000, 0x0000000085d00000| Untracked 
|  94|0x0000000085e00000, 0x0000000085e00000, 0x0000000085f00000|  0%| F|  |TAMS 0x0000000085e00000, 0x0000000085e00000| Untracked 
|  95|0x0000000085f00000, 0x0000000085f00000, 0x0000000086000000|  0%| F|  |TAMS 0x0000000085f00000, 0x0000000085f00000| Untracked 
|  96|0x0000000086000000, 0x0000000086000000, 0x0000000086100000|  0%| F|  |TAMS 0x0000000086000000, 0x0000000086000000| Untracked 
|  97|0x0000000086100000, 0x0000000086100000, 0x0000000086200000|  0%| F|  |TAMS 0x0000000086100000, 0x0000000086100000| Untracked 
|  98|0x0000000086200000, 0x0000000086200000, 0x0000000086300000|  0%| F|  |TAMS 0x0000000086200000, 0x0000000086200000| Untracked 
|  99|0x0000000086300000, 0x0000000086300000, 0x0000000086400000|  0%| F|  |TAMS 0x0000000086300000, 0x0000000086300000| Untracked 
| 100|0x0000000086400000, 0x0000000086400000, 0x0000000086500000|  0%| F|  |TAMS 0x0000000086400000, 0x0000000086400000| Untracked 
| 101|0x0000000086500000, 0x0000000086500000, 0x0000000086600000|  0%| F|  |TAMS 0x0000000086500000, 0x0000000086500000| Untracked 
| 102|0x0000000086600000, 0x0000000086600000, 0x0000000086700000|  0%| F|  |TAMS 0x0000000086600000, 0x0000000086600000| Untracked 
| 103|0x0000000086700000, 0x0000000086700000, 0x0000000086800000|  0%| F|  |TAMS 0x0000000086700000, 0x0000000086700000| Untracked 
| 104|0x0000000086800000, 0x0000000086800000, 0x0000000086900000|  0%| F|  |TAMS 0x0000000086800000, 0x0000000086800000| Untracked 
| 105|0x0000000086900000, 0x0000000086900000, 0x0000000086a00000|  0%| F|  |TAMS 0x0000000086900000, 0x0000000086900000| Untracked 
| 106|0x0000000086a00000, 0x0000000086a00000, 0x0000000086b00000|  0%| F|  |TAMS 0x0000000086a00000, 0x0000000086a00000| Untracked 
| 107|0x0000000086b00000, 0x0000000086b00000, 0x0000000086c00000|  0%| F|  |TAMS 0x0000000086b00000, 0x0000000086b00000| Untracked 
| 108|0x0000000086c00000, 0x0000000086c00000, 0x0000000086d00000|  0%| F|  |TAMS 0x0000000086c00000, 0x0000000086c00000| Untracked 
| 109|0x0000000086d00000, 0x0000000086d00000, 0x0000000086e00000|  0%| F|  |TAMS 0x0000000086d00000, 0x0000000086d00000| Untracked 
| 110|0x0000000086e00000, 0x0000000086e00000, 0x0000000086f00000|  0%| F|  |TAMS 0x0000000086e00000, 0x0000000086e00000| Untracked 
| 111|0x0000000086f00000, 0x0000000086f00000, 0x0000000087000000|  0%| F|  |TAMS 0x0000000086f00000, 0x0000000086f00000| Untracked 
| 112|0x0000000087000000, 0x0000000087000000, 0x0000000087100000|  0%| F|  |TAMS 0x0000000087000000, 0x0000000087000000| Untracked 
| 113|0x0000000087100000, 0x0000000087100000, 0x0000000087200000|  0%| F|  |TAMS 0x0000000087100000, 0x0000000087100000| Untracked 
| 114|0x0000000087200000, 0x0000000087200000, 0x0000000087300000|  0%| F|  |TAMS 0x0000000087200000, 0x0000000087200000| Untracked 
| 115|0x0000000087300000, 0x0000000087300000, 0x0000000087400000|  0%| F|  |TAMS 0x0000000087300000, 0x0000000087300000| Untracked 
| 116|0x0000000087400000, 0x0000000087400000, 0x0000000087500000|  0%| F|  |TAMS 0x0000000087400000, 0x0000000087400000| Untracked 
| 117|0x0000000087500000, 0x0000000087500000, 0x0000000087600000|  0%| F|  |TAMS 0x0000000087500000, 0x0000000087500000| Untracked 
| 118|0x0000000087600000, 0x0000000087600000, 0x0000000087700000|  0%| F|  |TAMS 0x0000000087600000, 0x0000000087600000| Untracked 
| 119|0x0000000087700000, 0x0000000087700000, 0x0000000087800000|  0%| F|  |TAMS 0x0000000087700000, 0x0000000087700000| Untracked 
| 120|0x0000000087800000, 0x0000000087800000, 0x0000000087900000|  0%| F|  |TAMS 0x0000000087800000, 0x0000000087800000| Untracked 
| 121|0x0000000087900000, 0x0000000087900000, 0x0000000087a00000|  0%| F|  |TAMS 0x0000000087900000, 0x0000000087900000| Untracked 
| 122|0x0000000087a00000, 0x0000000087a00000, 0x0000000087b00000|  0%| F|  |TAMS 0x0000000087a00000, 0x0000000087a00000| Untracked 
| 123|0x0000000087b00000, 0x0000000087b00000, 0x0000000087c00000|  0%| F|  |TAMS 0x0000000087b00000, 0x0000000087b00000| Untracked 
| 124|0x0000000087c00000, 0x0000000087c00000, 0x0000000087d00000|  0%| F|  |TAMS 0x0000000087c00000, 0x0000000087c00000| Untracked 
| 125|0x0000000087d00000, 0x0000000087d00000, 0x0000000087e00000|  0%| F|  |TAMS 0x0000000087d00000, 0x0000000087d00000| Untracked 
| 126|0x0000000087e00000, 0x0000000087e00000, 0x0000000087f00000|  0%| F|  |TAMS 0x0000000087e00000, 0x0000000087e00000| Untracked 
| 127|0x0000000087f00000, 0x0000000087f00000, 0x0000000088000000|  0%| F|  |TAMS 0x0000000087f00000, 0x0000000087f00000| Untracked 
| 128|0x0000000088000000, 0x0000000088000000, 0x0000000088100000|  0%| F|  |TAMS 0x0000000088000000, 0x0000000088000000| Untracked 
| 129|0x0000000088100000, 0x0000000088100000, 0x0000000088200000|  0%| F|  |TAMS 0x0000000088100000, 0x0000000088100000| Untracked 
| 130|0x0000000088200000, 0x0000000088200000, 0x0000000088300000|  0%| F|  |TAMS 0x0000000088200000, 0x0000000088200000| Untracked 
| 131|0x0000000088300000, 0x0000000088300000, 0x0000000088400000|  0%| F|  |TAMS 0x0000000088300000, 0x0000000088300000| Untracked 
| 132|0x0000000088400000, 0x0000000088400000, 0x0000000088500000|  0%| F|  |TAMS 0x0000000088400000, 0x0000000088400000| Untracked 
| 133|0x0000000088500000, 0x0000000088500000, 0x0000000088600000|  0%| F|  |TAMS 0x0000000088500000, 0x0000000088500000| Untracked 
| 134|0x0000000088600000, 0x0000000088600000, 0x0000000088700000|  0%| F|  |TAMS 0x0000000088600000, 0x0000000088600000| Untracked 
| 135|0x0000000088700000, 0x0000000088700000, 0x0000000088800000|  0%| F|  |TAMS 0x0000000088700000, 0x0000000088700000| Untracked 
| 136|0x0000000088800000, 0x0000000088800000, 0x0000000088900000|  0%| F|  |TAMS 0x0000000088800000, 0x0000000088800000| Untracked 
| 137|0x0000000088900000, 0x0000000088900000, 0x0000000088a00000|  0%| F|  |TAMS 0x0000000088900000, 0x0000000088900000| Untracked 
| 138|0x0000000088a00000, 0x0000000088a00000, 0x0000000088b00000|  0%| F|  |TAMS 0x0000000088a00000, 0x0000000088a00000| Untracked 
| 139|0x0000000088b00000, 0x0000000088b00000, 0x0000000088c00000|  0%| F|  |TAMS 0x0000000088b00000, 0x0000000088b00000| Untracked 
| 140|0x0000000088c00000, 0x0000000088c00000, 0x0000000088d00000|  0%| F|  |TAMS 0x0000000088c00000, 0x0000000088c00000| Untracked 
| 141|0x0000000088d00000, 0x0000000088d00000, 0x0000000088e00000|  0%| F|  |TAMS 0x0000000088d00000, 0x0000000088d00000| Untracked 
| 142|0x0000000088e00000, 0x0000000088e00000, 0x0000000088f00000|  0%| F|  |TAMS 0x0000000088e00000, 0x0000000088e00000| Untracked 
| 143|0x0000000088f00000, 0x0000000088f00000, 0x0000000089000000|  0%| F|  |TAMS 0x0000000088f00000, 0x0000000088f00000| Untracked 
| 144|0x0000000089000000, 0x0000000089000000, 0x0000000089100000|  0%| F|  |TAMS 0x0000000089000000, 0x0000000089000000| Untracked 
| 145|0x0000000089100000, 0x0000000089100000, 0x0000000089200000|  0%| F|  |TAMS 0x0000000089100000, 0x0000000089100000| Untracked 
| 146|0x0000000089200000, 0x0000000089200000, 0x0000000089300000|  0%| F|  |TAMS 0x0000000089200000, 0x0000000089200000| Untracked 
| 147|0x0000000089300000, 0x0000000089300000, 0x0000000089400000|  0%| F|  |TAMS 0x0000000089300000, 0x0000000089300000| Untracked 
| 148|0x0000000089400000, 0x0000000089400000, 0x0000000089500000|  0%| F|  |TAMS 0x0000000089400000, 0x0000000089400000| Untracked 
| 149|0x0000000089500000, 0x0000000089500000, 0x0000000089600000|  0%| F|  |TAMS 0x0000000089500000, 0x0000000089500000| Untracked 
| 150|0x0000000089600000, 0x0000000089600000, 0x0000000089700000|  0%| F|  |TAMS 0x0000000089600000, 0x0000000089600000| Untracked 
| 151|0x0000000089700000, 0x0000000089700000, 0x0000000089800000|  0%| F|  |TAMS 0x0000000089700000, 0x0000000089700000| Untracked 
| 152|0x0000000089800000, 0x0000000089800000, 0x0000000089900000|  0%| F|  |TAMS 0x0000000089800000, 0x0000000089800000| Untracked 
| 153|0x0000000089900000, 0x0000000089900000, 0x0000000089a00000|  0%| F|  |TAMS 0x0000000089900000, 0x0000000089900000| Untracked 
| 154|0x0000000089a00000, 0x0000000089a00000, 0x0000000089b00000|  0%| F|  |TAMS 0x0000000089a00000, 0x0000000089a00000| Untracked 
| 155|0x0000000089b00000, 0x0000000089b00000, 0x0000000089c00000|  0%| F|  |TAMS 0x0000000089b00000, 0x0000000089b00000| Untracked 
| 156|0x0000000089c00000, 0x0000000089c00000, 0x0000000089d00000|  0%| F|  |TAMS 0x0000000089c00000, 0x0000000089c00000| Untracked 
| 157|0x0000000089d00000, 0x0000000089d00000, 0x0000000089e00000|  0%| F|  |TAMS 0x0000000089d00000, 0x0000000089d00000| Untracked 
| 158|0x0000000089e00000, 0x0000000089e00000, 0x0000000089f00000|  0%| F|  |TAMS 0x0000000089e00000, 0x0000000089e00000| Untracked 
| 159|0x0000000089f00000, 0x0000000089f00000, 0x000000008a000000|  0%| F|  |TAMS 0x0000000089f00000, 0x0000000089f00000| Untracked 
| 160|0x000000008a000000, 0x000000008a000000, 0x000000008a100000|  0%| F|  |TAMS 0x000000008a000000, 0x000000008a000000| Untracked 
| 161|0x000000008a100000, 0x000000008a100000, 0x000000008a200000|  0%| F|  |TAMS 0x000000008a100000, 0x000000008a100000| Untracked 
| 162|0x000000008a200000, 0x000000008a200000, 0x000000008a300000|  0%| F|  |TAMS 0x000000008a200000, 0x000000008a200000| Untracked 
| 163|0x000000008a300000, 0x000000008a300000, 0x000000008a400000|  0%| F|  |TAMS 0x000000008a300000, 0x000000008a300000| Untracked 
| 164|0x000000008a400000, 0x000000008a400000, 0x000000008a500000|  0%| F|  |TAMS 0x000000008a400000, 0x000000008a400000| Untracked 
| 165|0x000000008a500000, 0x000000008a500000, 0x000000008a600000|  0%| F|  |TAMS 0x000000008a500000, 0x000000008a500000| Untracked 
| 166|0x000000008a600000, 0x000000008a600000, 0x000000008a700000|  0%| F|  |TAMS 0x000000008a600000, 0x000000008a600000| Untracked 
| 167|0x000000008a700000, 0x000000008a700000, 0x000000008a800000|  0%| F|  |TAMS 0x000000008a700000, 0x000000008a700000| Untracked 
| 168|0x000000008a800000, 0x000000008a800000, 0x000000008a900000|  0%| F|  |TAMS 0x000000008a800000, 0x000000008a800000| Untracked 
| 169|0x000000008a900000, 0x000000008a900000, 0x000000008aa00000|  0%| F|  |TAMS 0x000000008a900000, 0x000000008a900000| Untracked 
| 170|0x000000008aa00000, 0x000000008aa00000, 0x000000008ab00000|  0%| F|  |TAMS 0x000000008aa00000, 0x000000008aa00000| Untracked 
| 171|0x000000008ab00000, 0x000000008ab00000, 0x000000008ac00000|  0%| F|  |TAMS 0x000000008ab00000, 0x000000008ab00000| Untracked 
| 172|0x000000008ac00000, 0x000000008ac00000, 0x000000008ad00000|  0%| F|  |TAMS 0x000000008ac00000, 0x000000008ac00000| Untracked 
| 173|0x000000008ad00000, 0x000000008ad00000, 0x000000008ae00000|  0%| F|  |TAMS 0x000000008ad00000, 0x000000008ad00000| Untracked 
| 174|0x000000008ae00000, 0x000000008ae00000, 0x000000008af00000|  0%| F|  |TAMS 0x000000008ae00000, 0x000000008ae00000| Untracked 
| 175|0x000000008af00000, 0x000000008af00000, 0x000000008b000000|  0%| F|  |TAMS 0x000000008af00000, 0x000000008af00000| Untracked 
| 176|0x000000008b000000, 0x000000008b000000, 0x000000008b100000|  0%| F|  |TAMS 0x000000008b000000, 0x000000008b000000| Untracked 
| 177|0x000000008b100000, 0x000000008b100000, 0x000000008b200000|  0%| F|  |TAMS 0x000000008b100000, 0x000000008b100000| Untracked 
| 178|0x000000008b200000, 0x000000008b200000, 0x000000008b300000|  0%| F|  |TAMS 0x000000008b200000, 0x000000008b200000| Untracked 
| 179|0x000000008b300000, 0x000000008b300000, 0x000000008b400000|  0%| F|  |TAMS 0x000000008b300000, 0x000000008b300000| Untracked 
| 180|0x000000008b400000, 0x000000008b400000, 0x000000008b500000|  0%| F|  |TAMS 0x000000008b400000, 0x000000008b400000| Untracked 
| 181|0x000000008b500000, 0x000000008b500000, 0x000000008b600000|  0%| F|  |TAMS 0x000000008b500000, 0x000000008b500000| Untracked 
| 182|0x000000008b600000, 0x000000008b600000, 0x000000008b700000|  0%| F|  |TAMS 0x000000008b600000, 0x000000008b600000| Untracked 
| 183|0x000000008b700000, 0x000000008b700000, 0x000000008b800000|  0%| F|  |TAMS 0x000000008b700000, 0x000000008b700000| Untracked 
| 184|0x000000008b800000, 0x000000008b800000, 0x000000008b900000|  0%| F|  |TAMS 0x000000008b800000, 0x000000008b800000| Untracked 
| 185|0x000000008b900000, 0x000000008b900000, 0x000000008ba00000|  0%| F|  |TAMS 0x000000008b900000, 0x000000008b900000| Untracked 
| 186|0x000000008ba00000, 0x000000008ba00000, 0x000000008bb00000|  0%| F|  |TAMS 0x000000008ba00000, 0x000000008ba00000| Untracked 
| 187|0x000000008bb00000, 0x000000008bb00000, 0x000000008bc00000|  0%| F|  |TAMS 0x000000008bb00000, 0x000000008bb00000| Untracked 
| 188|0x000000008bc00000, 0x000000008bc00000, 0x000000008bd00000|  0%| F|  |TAMS 0x000000008bc00000, 0x000000008bc00000| Untracked 
| 189|0x000000008bd00000, 0x000000008bd00000, 0x000000008be00000|  0%| F|  |TAMS 0x000000008bd00000, 0x000000008bd00000| Untracked 
| 190|0x000000008be00000, 0x000000008be00000, 0x000000008bf00000|  0%| F|  |TAMS 0x000000008be00000, 0x000000008be00000| Untracked 
| 191|0x000000008bf00000, 0x000000008bf00000, 0x000000008c000000|  0%| F|  |TAMS 0x000000008bf00000, 0x000000008bf00000| Untracked 
| 192|0x000000008c000000, 0x000000008c000000, 0x000000008c100000|  0%| F|  |TAMS 0x000000008c000000, 0x000000008c000000| Untracked 
| 193|0x000000008c100000, 0x000000008c100000, 0x000000008c200000|  0%| F|  |TAMS 0x000000008c100000, 0x000000008c100000| Untracked 
| 194|0x000000008c200000, 0x000000008c200000, 0x000000008c300000|  0%| F|  |TAMS 0x000000008c200000, 0x000000008c200000| Untracked 
| 195|0x000000008c300000, 0x000000008c300000, 0x000000008c400000|  0%| F|  |TAMS 0x000000008c300000, 0x000000008c300000| Untracked 
| 196|0x000000008c400000, 0x000000008c400000, 0x000000008c500000|  0%| F|  |TAMS 0x000000008c400000, 0x000000008c400000| Untracked 
| 197|0x000000008c500000, 0x000000008c500000, 0x000000008c600000|  0%| F|  |TAMS 0x000000008c500000, 0x000000008c500000| Untracked 
| 198|0x000000008c600000, 0x000000008c600000, 0x000000008c700000|  0%| F|  |TAMS 0x000000008c600000, 0x000000008c600000| Untracked 
| 199|0x000000008c700000, 0x000000008c700000, 0x000000008c800000|  0%| F|  |TAMS 0x000000008c700000, 0x000000008c700000| Untracked 
| 200|0x000000008c800000, 0x000000008c800000, 0x000000008c900000|  0%| F|  |TAMS 0x000000008c800000, 0x000000008c800000| Untracked 
| 201|0x000000008c900000, 0x000000008c900000, 0x000000008ca00000|  0%| F|  |TAMS 0x000000008c900000, 0x000000008c900000| Untracked 
| 202|0x000000008ca00000, 0x000000008ca00000, 0x000000008cb00000|  0%| F|  |TAMS 0x000000008ca00000, 0x000000008ca00000| Untracked 
| 203|0x000000008cb00000, 0x000000008cb00000, 0x000000008cc00000|  0%| F|  |TAMS 0x000000008cb00000, 0x000000008cb00000| Untracked 
| 204|0x000000008cc00000, 0x000000008cc00000, 0x000000008cd00000|  0%| F|  |TAMS 0x000000008cc00000, 0x000000008cc00000| Untracked 
| 205|0x000000008cd00000, 0x000000008cd00000, 0x000000008ce00000|  0%| F|  |TAMS 0x000000008cd00000, 0x000000008cd00000| Untracked 
| 206|0x000000008ce00000, 0x000000008ce00000, 0x000000008cf00000|  0%| F|  |TAMS 0x000000008ce00000, 0x000000008ce00000| Untracked 
| 207|0x000000008cf00000, 0x000000008cf00000, 0x000000008d000000|  0%| F|  |TAMS 0x000000008cf00000, 0x000000008cf00000| Untracked 
| 208|0x000000008d000000, 0x000000008d000000, 0x000000008d100000|  0%| F|  |TAMS 0x000000008d000000, 0x000000008d000000| Untracked 
| 209|0x000000008d100000, 0x000000008d100000, 0x000000008d200000|  0%| F|  |TAMS 0x000000008d100000, 0x000000008d100000| Untracked 
| 210|0x000000008d200000, 0x000000008d200000, 0x000000008d300000|  0%| F|  |TAMS 0x000000008d200000, 0x000000008d200000| Untracked 
| 211|0x000000008d300000, 0x000000008d300000, 0x000000008d400000|  0%| F|  |TAMS 0x000000008d300000, 0x000000008d300000| Untracked 
| 212|0x000000008d400000, 0x000000008d400000, 0x000000008d500000|  0%| F|  |TAMS 0x000000008d400000, 0x000000008d400000| Untracked 
| 213|0x000000008d500000, 0x000000008d500000, 0x000000008d600000|  0%| F|  |TAMS 0x000000008d500000, 0x000000008d500000| Untracked 
| 214|0x000000008d600000, 0x000000008d600000, 0x000000008d700000|  0%| F|  |TAMS 0x000000008d600000, 0x000000008d600000| Untracked 
| 215|0x000000008d700000, 0x000000008d700000, 0x000000008d800000|  0%| F|  |TAMS 0x000000008d700000, 0x000000008d700000| Untracked 
| 216|0x000000008d800000, 0x000000008d800000, 0x000000008d900000|  0%| F|  |TAMS 0x000000008d800000, 0x000000008d800000| Untracked 
| 217|0x000000008d900000, 0x000000008d900000, 0x000000008da00000|  0%| F|  |TAMS 0x000000008d900000, 0x000000008d900000| Untracked 
| 218|0x000000008da00000, 0x000000008da00000, 0x000000008db00000|  0%| F|  |TAMS 0x000000008da00000, 0x000000008da00000| Untracked 
| 219|0x000000008db00000, 0x000000008dbc0d00, 0x000000008dc00000| 75%| S|CS|TAMS 0x000000008db00000, 0x000000008db00000| Complete 
| 220|0x000000008dc00000, 0x000000008dd00000, 0x000000008dd00000|100%| S|CS|TAMS 0x000000008dc00000, 0x000000008dc00000| Complete 
| 221|0x000000008dd00000, 0x000000008dd00000, 0x000000008de00000|  0%| F|  |TAMS 0x000000008dd00000, 0x000000008dd00000| Untracked 
| 222|0x000000008de00000, 0x000000008df00000, 0x000000008df00000|100%| E|  |TAMS 0x000000008de00000, 0x000000008de00000| Complete 
| 223|0x000000008df00000, 0x000000008e000000, 0x000000008e000000|100%| E|CS|TAMS 0x000000008df00000, 0x000000008df00000| Complete 
| 224|0x000000008e000000, 0x000000008e100000, 0x000000008e100000|100%| E|CS|TAMS 0x000000008e000000, 0x000000008e000000| Complete 
| 225|0x000000008e100000, 0x000000008e200000, 0x000000008e200000|100%| E|CS|TAMS 0x000000008e100000, 0x000000008e100000| Complete 
| 226|0x000000008e200000, 0x000000008e300000, 0x000000008e300000|100%| E|CS|TAMS 0x000000008e200000, 0x000000008e200000| Complete 
| 227|0x000000008e300000, 0x000000008e400000, 0x000000008e400000|100%| E|CS|TAMS 0x000000008e300000, 0x000000008e300000| Complete 
| 228|0x000000008e400000, 0x000000008e500000, 0x000000008e500000|100%| E|CS|TAMS 0x000000008e400000, 0x000000008e400000| Complete 
| 229|0x000000008e500000, 0x000000008e600000, 0x000000008e600000|100%| E|CS|TAMS 0x000000008e500000, 0x000000008e500000| Complete 
| 230|0x000000008e600000, 0x000000008e700000, 0x000000008e700000|100%| E|CS|TAMS 0x000000008e600000, 0x000000008e600000| Complete 
| 231|0x000000008e700000, 0x000000008e800000, 0x000000008e800000|100%| E|CS|TAMS 0x000000008e700000, 0x000000008e700000| Complete 
| 232|0x000000008e800000, 0x000000008e900000, 0x000000008e900000|100%| E|CS|TAMS 0x000000008e800000, 0x000000008e800000| Complete 
| 233|0x000000008e900000, 0x000000008ea00000, 0x000000008ea00000|100%| E|CS|TAMS 0x000000008e900000, 0x000000008e900000| Complete 
| 234|0x000000008ea00000, 0x000000008eb00000, 0x000000008eb00000|100%| E|CS|TAMS 0x000000008ea00000, 0x000000008ea00000| Complete 
| 235|0x000000008eb00000, 0x000000008ec00000, 0x000000008ec00000|100%| E|CS|TAMS 0x000000008eb00000, 0x000000008eb00000| Complete 
| 236|0x000000008ec00000, 0x000000008ed00000, 0x000000008ed00000|100%| E|CS|TAMS 0x000000008ec00000, 0x000000008ec00000| Complete 
| 237|0x000000008ed00000, 0x000000008ee00000, 0x000000008ee00000|100%| E|CS|TAMS 0x000000008ed00000, 0x000000008ed00000| Complete 
| 238|0x000000008ee00000, 0x000000008ef00000, 0x000000008ef00000|100%| E|CS|TAMS 0x000000008ee00000, 0x000000008ee00000| Complete 
| 239|0x000000008ef00000, 0x000000008f000000, 0x000000008f000000|100%| E|CS|TAMS 0x000000008ef00000, 0x000000008ef00000| Complete 
| 240|0x000000008f000000, 0x000000008f100000, 0x000000008f100000|100%| E|CS|TAMS 0x000000008f000000, 0x000000008f000000| Complete 
| 241|0x000000008f100000, 0x000000008f200000, 0x000000008f200000|100%| E|CS|TAMS 0x000000008f100000, 0x000000008f100000| Complete 
| 242|0x000000008f200000, 0x000000008f300000, 0x000000008f300000|100%| E|CS|TAMS 0x000000008f200000, 0x000000008f200000| Complete 
| 243|0x000000008f300000, 0x000000008f400000, 0x000000008f400000|100%| E|CS|TAMS 0x000000008f300000, 0x000000008f300000| Complete 
| 244|0x000000008f400000, 0x000000008f500000, 0x000000008f500000|100%| E|CS|TAMS 0x000000008f400000, 0x000000008f400000| Complete 
| 245|0x000000008f500000, 0x000000008f600000, 0x000000008f600000|100%| E|CS|TAMS 0x000000008f500000, 0x000000008f500000| Complete 
| 246|0x000000008f600000, 0x000000008f700000, 0x000000008f700000|100%| E|CS|TAMS 0x000000008f600000, 0x000000008f600000| Complete 
| 247|0x000000008f700000, 0x000000008f800000, 0x000000008f800000|100%| E|CS|TAMS 0x000000008f700000, 0x000000008f700000| Complete 
| 248|0x000000008f800000, 0x000000008f900000, 0x000000008f900000|100%| E|CS|TAMS 0x000000008f800000, 0x000000008f800000| Complete 
| 249|0x000000008f900000, 0x000000008fa00000, 0x000000008fa00000|100%| E|CS|TAMS 0x000000008f900000, 0x000000008f900000| Complete 
| 250|0x000000008fa00000, 0x000000008fb00000, 0x000000008fb00000|100%| E|CS|TAMS 0x000000008fa00000, 0x000000008fa00000| Complete 
| 251|0x000000008fb00000, 0x000000008fc00000, 0x000000008fc00000|100%| E|CS|TAMS 0x000000008fb00000, 0x000000008fb00000| Complete 
| 252|0x000000008fc00000, 0x000000008fd00000, 0x000000008fd00000|100%| E|CS|TAMS 0x000000008fc00000, 0x000000008fc00000| Complete 
| 253|0x000000008fd00000, 0x000000008fe00000, 0x000000008fe00000|100%| E|CS|TAMS 0x000000008fd00000, 0x000000008fd00000| Complete 
| 254|0x000000008fe00000, 0x000000008ff00000, 0x000000008ff00000|100%| E|CS|TAMS 0x000000008fe00000, 0x000000008fe00000| Complete 
| 255|0x000000008ff00000, 0x0000000090000000, 0x0000000090000000|100%| E|CS|TAMS 0x000000008ff00000, 0x000000008ff00000| Complete 

Card table byte_map: [0x000002a6fb710000,0x000002a6fbb10000] _byte_map_base: 0x000002a6fb310000

Marking Bits (Prev, Next): (CMBitMap*) 0x000002a6e830b920, (CMBitMap*) 0x000002a6e830b8e8
 Prev Bits: [0x000002a6fdf10000, 0x000002a6fff10000)
 Next Bits: [0x000002a6fbf10000, 0x000002a6fdf10000)

Polling page: 0x000002a6e6240000

Metaspace:

Usage:
  Non-class:     23.60 MB capacity,    23.21 MB ( 98%) used,   347.33 KB (  1%) free+waste,    53.06 KB ( <1%) overhead. 
      Class:      3.75 MB capacity,     3.53 MB ( 94%) used,   194.25 KB (  5%) free+waste,    26.69 KB ( <1%) overhead. 
       Both:     27.35 MB capacity,    26.75 MB ( 98%) used,   541.58 KB (  2%) free+waste,    79.75 KB ( <1%) overhead. 

Virtual space:
  Non-class space:       28.00 MB reserved,      23.75 MB ( 85%) committed 
      Class space:        1.00 GB reserved,       3.75 MB ( <1%) committed 
             Both:        1.03 GB reserved,      27.50 MB (  3%) committed 

Chunk freelists:
   Non-Class:  21.00 KB
       Class:  1.00 KB
        Both:  22.00 KB

MaxMetaspaceSize: 17179869184.00 GB
CompressedClassSpaceSize: 1.00 GB

CodeHeap 'non-profiled nmethods': size=120000Kb used=1182Kb max_used=1182Kb free=118817Kb
 bounds [0x000002a6f3890000, 0x000002a6f3b00000, 0x000002a6fadc0000]
CodeHeap 'profiled nmethods': size=120000Kb used=4779Kb max_used=4779Kb free=115220Kb
 bounds [0x000002a6ec360000, 0x000002a6ec810000, 0x000002a6f3890000]
CodeHeap 'non-nmethods': size=5760Kb used=1163Kb max_used=1195Kb free=4596Kb
 bounds [0x000002a6ebdc0000, 0x000002a6ec030000, 0x000002a6ec360000]
 total_blobs=2782 nmethods=2277 adapters=416
 compilation: enabled
              stopped_count=0, restarted_count=0
 full_count=0

Compilation events (20 events):
Event: 2.572 Thread 0x000002a683573800 nmethod 2247 0x000002a6ec7fcc10 code [0x000002a6ec7fce60, 0x000002a6ec7fd968]
Event: 2.573 Thread 0x000002a683573800 2250       3       jdk.internal.misc.Unsafe::weakCompareAndSetInt (11 bytes)
Event: 2.573 Thread 0x000002a683573800 nmethod 2250 0x000002a6ec7fdd10 code [0x000002a6ec7fdec0, 0x000002a6ec7fdfd8]
Event: 2.573 Thread 0x000002a683573800 2251       3       jdk.internal.misc.Unsafe::getAndAddInt (27 bytes)
Event: 2.573 Thread 0x000002a683573800 nmethod 2251 0x000002a6ec7fe090 code [0x000002a6ec7fe240, 0x000002a6ec7fe478]
Event: 2.576 Thread 0x000002a68356e000 2253   !   4       java.net.URLClassLoader$1::run (63 bytes)
Event: 2.580 Thread 0x000002a686ed4000 nmethod 2245 0x000002a6f39b6110 code [0x000002a6f39b6300, 0x000002a6f39b6cc8]
Event: 2.580 Thread 0x000002a686ed4000 2252       4       java.net.URLClassLoader$1::run (5 bytes)
Event: 2.600 Thread 0x000002a683573800 2254       3       com.google.common.cache.LongAdder::<init> (5 bytes)
Event: 2.600 Thread 0x000002a683573800 nmethod 2254 0x000002a6ec7fe590 code [0x000002a6ec7fe760, 0x000002a6ec7fe978]
Event: 2.600 Thread 0x000002a683573800 2255       3       com.google.common.cache.Striped64::<init> (5 bytes)
Event: 2.600 Thread 0x000002a683573800 nmethod 2255 0x000002a6ec7fea90 code [0x000002a6ec7fec40, 0x000002a6ec7fedf8]
Event: 2.600 Thread 0x000002a683573800 2256       3       com.google.common.cache.LocalCache::expiresAfterAccess (15 bytes)
Event: 2.600 Thread 0x000002a683573800 nmethod 2256 0x000002a6ec7fef10 code [0x000002a6ec7ff0c0, 0x000002a6ec7ff238]
Event: 2.621 Thread 0x000002a683573800 2259       3       sun.reflect.annotation.AnnotationInvocationHandler::invoke (178 bytes)
Event: 2.622 Thread 0x000002a683573800 nmethod 2259 0x000002a6ec7ff310 code [0x000002a6ec7ff620, 0x000002a6ec800688]
Event: 2.622 Thread 0x000002a683573800 2261       3       java.lang.reflect.ProxyGenerator::getParameterDescriptors (47 bytes)
Event: 2.622 Thread 0x000002a683573800 nmethod 2261 0x000002a6ec800c10 code [0x000002a6ec800ea0, 0x000002a6ec801868]
Event: 2.622 Thread 0x000002a683573800 2260       1       org.gradle.internal.event.DefaultListenerManager::access$100 (5 bytes)
Event: 2.622 Thread 0x000002a683573800 nmethod 2260 0x000002a6f39b7210 code [0x000002a6f39b73c0, 0x000002a6f39b7458]

GC Heap History (6 events):
Event: 0.502 GC heap before
{Heap before GC invocations=0 (full 0):
 garbage-first heap   total 262144K, used 29696K [0x0000000080000000, 0x0000000100000000)
  region size 1024K, 24 young (24576K), 0 survivors (0K)
 Metaspace       used 10153K, capacity 10403K, committed 10624K, reserved 1058816K
  class space    used 1060K, capacity 1106K, committed 1152K, reserved 1048576K
}
Event: 0.505 GC heap after
{Heap after GC invocations=1 (full 0):
 garbage-first heap   total 262144K, used 9309K [0x0000000080000000, 0x0000000100000000)
  region size 1024K, 3 young (3072K), 3 survivors (3072K)
 Metaspace       used 10153K, capacity 10403K, committed 10624K, reserved 1058816K
  class space    used 1060K, capacity 1106K, committed 1152K, reserved 1048576K
}
Event: 2.058 GC heap before
{Heap before GC invocations=1 (full 0):
 garbage-first heap   total 262144K, used 109661K [0x0000000080000000, 0x0000000100000000)
  region size 1024K, 102 young (104448K), 3 survivors (3072K)
 Metaspace       used 20686K, capacity 21093K, committed 21248K, reserved 1067008K
  class space    used 2545K, capacity 2695K, committed 2816K, reserved 1048576K
}
Event: 2.067 GC heap after
{Heap after GC invocations=2 (full 0):
 garbage-first heap   total 262144K, used 16956K [0x0000000080000000, 0x0000000100000000)
  region size 1024K, 11 young (11264K), 11 survivors (11264K)
 Metaspace       used 20686K, capacity 21093K, committed 21248K, reserved 1067008K
  class space    used 2545K, capacity 2695K, committed 2816K, reserved 1048576K
}
Event: 2.341 GC heap before
{Heap before GC invocations=3 (full 0):
 garbage-first heap   total 262144K, used 52796K [0x0000000080000000, 0x0000000100000000)
  region size 1024K, 46 young (47104K), 11 survivors (11264K)
 Metaspace       used 24163K, capacity 24751K, committed 24832K, reserved 1071104K
  class space    used 3104K, capacity 3302K, committed 3328K, reserved 1048576K
}
Event: 2.346 GC heap after
{Heap after GC invocations=4 (full 0):
 garbage-first heap   total 262144K, used 18346K [0x0000000080000000, 0x0000000100000000)
  region size 1024K, 2 young (2048K), 2 survivors (2048K)
 Metaspace       used 24163K, capacity 24751K, committed 24832K, reserved 1071104K
  class space    used 3104K, capacity 3302K, committed 3328K, reserved 1048576K
}

Deoptimization events (20 events):
Event: 2.300 Thread 0x000002a684e4a000 DEOPT PACKING pc=0x000002a6ec73d255 sp=0x000000c9472fa090
Event: 2.300 Thread 0x000002a684e4a000 DEOPT UNPACKING pc=0x000002a6ebde6dde sp=0x000000c9472f95b0 mode 0
Event: 2.459 Thread 0x000002a684e4a000 Uncommon trap: trap_request=0xffffff7e fr.pc=0x000002a6f399fb1c relative=0x000000000000015c
Event: 2.459 Thread 0x000002a684e4a000 Uncommon trap: reason=predicate action=maybe_recompile pc=0x000002a6f399fb1c method=com.google.common.base.CharMatcher.indexIn(Ljava/lang/CharSequence;I)I @ 19 c2
Event: 2.459 Thread 0x000002a684e4a000 DEOPT PACKING pc=0x000002a6f399fb1c sp=0x000000c9472fb3b0
Event: 2.459 Thread 0x000002a684e4a000 DEOPT UNPACKING pc=0x000002a6ebde662f sp=0x000000c9472fb340 mode 2
Event: 2.465 Thread 0x000002a684e4a000 Uncommon trap: trap_request=0xffffff4d fr.pc=0x000002a6f393ebb4 relative=0x0000000000001374
Event: 2.465 Thread 0x000002a684e4a000 Uncommon trap: reason=unstable_if action=reinterpret pc=0x000002a6f393ebb4 method=java.util.concurrent.ConcurrentHashMap.putVal(Ljava/lang/Object;Ljava/lang/Object;Z)Ljava/lang/Object; @ 231 c2
Event: 2.465 Thread 0x000002a684e4a000 DEOPT PACKING pc=0x000002a6f393ebb4 sp=0x000000c9472fc480
Event: 2.465 Thread 0x000002a684e4a000 DEOPT UNPACKING pc=0x000002a6ebde662f sp=0x000000c9472fc400 mode 2
Event: 2.478 Thread 0x000002a684e4a000 Uncommon trap: trap_request=0xffffffde fr.pc=0x000002a6f399d8dc relative=0x000000000000031c
Event: 2.478 Thread 0x000002a684e4a000 Uncommon trap: reason=class_check action=maybe_recompile pc=0x000002a6f399d8dc method=java.util.Collections$SetFromMap.remove(Ljava/lang/Object;)Z @ 5 c2
Event: 2.478 Thread 0x000002a684e4a000 DEOPT PACKING pc=0x000002a6f399d8dc sp=0x000000c9472fc470
Event: 2.478 Thread 0x000002a684e4a000 DEOPT UNPACKING pc=0x000002a6ebde662f sp=0x000000c9472fc458 mode 2
Event: 2.478 Thread 0x000002a684e4a000 Uncommon trap: trap_request=0xffffffde fr.pc=0x000002a6f399d8dc relative=0x000000000000031c
Event: 2.478 Thread 0x000002a684e4a000 Uncommon trap: reason=class_check action=maybe_recompile pc=0x000002a6f399d8dc method=java.util.Collections$SetFromMap.remove(Ljava/lang/Object;)Z @ 5 c2
Event: 2.478 Thread 0x000002a684e4a000 DEOPT PACKING pc=0x000002a6f399d8dc sp=0x000000c9472fc400
Event: 2.478 Thread 0x000002a684e4a000 DEOPT UNPACKING pc=0x000002a6ebde662f sp=0x000000c9472fc3e8 mode 2
Event: 2.628 Thread 0x000002a684e4a000 DEOPT PACKING pc=0x000002a6ec6b349b sp=0x000000c9472f93f0
Event: 2.628 Thread 0x000002a684e4a000 DEOPT UNPACKING pc=0x000002a6ebde6dde sp=0x000000c9472f8860 mode 0

Classes redefined (0 events):
No events

Internal exceptions (20 events):
Event: 2.080 Thread 0x000002a684e4a000 Exception <a 'java/lang/NoSuchMethodError'{0x000000008fe0c748}: 'int java.lang.invoke.DirectMethodHandle$Holder.invokeSpecialIFC(java.lang.Object, java.lang.Object, java.lang.Object, java.lang.Object)'> (0x000000008fe0c748) thrown at [./src/hotspot/share/interpreter/linkResolver.cpp, line 773]
Event: 2.081 Thread 0x000002a684e4a000 Exception <a 'java/lang/NoSuchMethodError'{0x000000008fe1a730}: 'java.lang.Object java.lang.invoke.DirectMethodHandle$Holder.invokeInterface(java.lang.Object, java.lang.Object, java.lang.Object)'> (0x000000008fe1a730) thrown at [./src/hotspot/share/interpreter/linkResolver.cpp, line 773]
Event: 2.081 Thread 0x000002a684e4a000 Exception <a 'java/lang/IncompatibleClassChangeError'{0x000000008fe1dc08}: Found class java.lang.Object, but interface was expected> (0x000000008fe1dc08) thrown at [./src/hotspot/share/interpreter/linkResolver.cpp, line 839]
Event: 2.102 Thread 0x000002a684e4a000 Exception <a 'java/lang/NoSuchMethodError'{0x000000008fc1d638}: 'void java.lang.invoke.DirectMethodHandle$Holder.invokeStatic(java.lang.Object, java.lang.Object, java.lang.Object, java.lang.Object, java.lang.Object)'> (0x000000008fc1d638) thrown at [./src/hotspot/share/interpreter/linkResolver.cpp, line 773]
Event: 2.154 Thread 0x000002a684e4a000 Exception <a 'java/lang/NoSuchMethodError'{0x000000008f5804e0}: 'java.lang.Object java.lang.invoke.DirectMethodHandle$Holder.invokeSpecial(java.lang.Object, java.lang.Object, java.lang.Object, java.lang.Object, java.lang.Object, java.lang.Object, java.lang.Object, java.lang.Object, java.lang.Object)'> (0x000000008f5804e0) thrown at [./src/hotspot/share/interpreter/linkResolver.cpp, line 773]
Event: 2.197 Thread 0x000002a684e4a000 Exception <a 'java/lang/NoSuchMethodError'{0x000000008eb09a80}: 'java.lang.Object java.lang.invoke.DirectMethodHandle$Holder.invokeVirtual(java.lang.Object, java.lang.Object, java.lang.Object, java.lang.Object)'> (0x000000008eb09a80) thrown at [./src/hotspot/share/interpreter/linkResolver.cpp, line 773]
Event: 2.266 Thread 0x000002a684e4a000 Exception <a 'java/lang/NoSuchMethodError'{0x000000008e5b50d0}: 'void java.lang.invoke.DirectMethodHandle$Holder.invokeSpecial(java.lang.Object, java.lang.Object, java.lang.Object, java.lang.Object, java.lang.Object, java.lang.Object)'> (0x000000008e5b50d0) thrown at [./src/hotspot/share/interpreter/linkResolver.cpp, line 773]
Event: 2.275 Thread 0x000002a684e4a000 Exception <a 'java/lang/NoSuchMethodError'{0x000000008e424ad8}: 'void java.lang.invoke.DirectMethodHandle$Holder.invokeSpecial(java.lang.Object, java.lang.Object, java.lang.Object, java.lang.Object, java.lang.Object, java.lang.Object, java.lang.Object)'> (0x000000008e424ad8) thrown at [./src/hotspot/share/interpreter/linkResolver.cpp, line 773]
Event: 2.275 Thread 0x000002a684e4a000 Exception <a 'java/lang/NoSuchMethodError'{0x000000008e42cfc8}: 'java.lang.Object java.lang.invoke.Invokers$Holder.linkToTargetMethod(java.lang.Object, java.lang.Object, java.lang.Object, java.lang.Object, java.lang.Object, java.lang.Object)'> (0x000000008e42cfc8) thrown at [./src/hotspot/share/interpreter/linkResolver.cpp, line 773]
Event: 2.358 Thread 0x000002a684e4a000 Exception <a 'java/lang/NoSuchMethodError'{0x000000008fe9cfa0}: 'int java.lang.invoke.DirectMethodHandle$Holder.invokeStaticInit(java.lang.Object, java.lang.Object, java.lang.Object)'> (0x000000008fe9cfa0) thrown at [./src/hotspot/share/interpreter/linkResolver.cpp, line 773]
Event: 2.413 Thread 0x000002a684e4a000 Exception <a 'java/lang/NoSuchMethodError'{0x000000008f9d1f50}: 'void java.lang.invoke.DirectMethodHandle$Holder.invokeStaticInit(java.lang.Object, java.lang.Object)'> (0x000000008f9d1f50) thrown at [./src/hotspot/share/interpreter/linkResolver.cpp, line 773]
Event: 2.473 Thread 0x000002a684e4a000 Exception <a 'java/lang/NoSuchMethodError'{0x000000008f361648}: 'void java.lang.invoke.DirectMethodHandle$Holder.invokeStatic(java.lang.Object, java.lang.Object, java.lang.Object, java.lang.Object)'> (0x000000008f361648) thrown at [./src/hotspot/share/interpreter/linkResolver.cpp, line 773]
Event: 2.474 Thread 0x000002a684e4a000 Exception <a 'java/lang/NoSuchMethodError'{0x000000008f375158}: 'int java.lang.invoke.DirectMethodHandle$Holder.invokeInterface(java.lang.Object, java.lang.Object)'> (0x000000008f375158) thrown at [./src/hotspot/share/interpreter/linkResolver.cpp, line 773]
Event: 2.558 Thread 0x000002a684e4a000 Exception <a 'java/lang/NoSuchMethodError'{0x000000008e9efa98}: 'java.lang.Object java.lang.invoke.DirectMethodHandle$Holder.invokeSpecialIFC(java.lang.Object, java.lang.Object, java.lang.Object, java.lang.Object)'> (0x000000008e9efa98) thrown at [./src/hotspot/share/interpreter/linkResolver.cpp, line 773]
Event: 2.563 Thread 0x000002a684e4a000 Exception <a 'java/lang/NoSuchMethodError'{0x000000008e8cb938}: 'java.lang.Object java.lang.invoke.DirectMethodHandle$Holder.invokeSpecial(java.lang.Object, java.lang.Object, java.lang.Object, java.lang.Object, java.lang.Object, java.lang.Object, java.lang.Object, java.lang.Object, java.lang.Object, java.lang.Object, java.lang.Object, java.lang.Object, java.lang.Object)'> (0x000000008e8cb938) thrown at [./src/hotspot/share/interpreter/linkResolver.cpp, line 773]
Event: 2.563 Thread 0x000002a684e4a000 Exception <a 'java/lang/NoSuchMethodError'{0x000000008e8dc798}: 'java.lang.Object java.lang.invoke.DirectMethodHandle$Holder.invokeSpecial(java.lang.Object, java.lang.Object, java.lang.Object, java.lang.Object, java.lang.Object, java.lang.Object, java.lang.Object, java.lang.Object, java.lang.Object, java.lang.Object, java.lang.Object, java.lang.Object)'> (0x000000008e8dc798) thrown at [./src/hotspot/share/interpreter/linkResolver.cpp, line 773]
Event: 2.564 Thread 0x000002a684e4a000 Exception <a 'java/lang/NoSuchMethodError'{0x000000008e8e18c0}: 'java.lang.Object java.lang.invoke.Invokers$Holder.linkToTargetMethod(java.lang.Object, java.lang.Object, java.lang.Object, java.lang.Object, java.lang.Object, java.lang.Object, java.lang.Object, java.lang.Object, java.lang.Object, java.lang.Object, java.lang.Object)'> (0x000000008e8e18c0) thrown at [./src/hotspot/share/interpreter/linkResolver.cpp, line 773]
Event: 2.572 Thread 0x000002a684e4a000 Exception <a 'java/lang/NoSuchMethodError'{0x000000008e622e08}: 'java.lang.Object java.lang.invoke.DirectMethodHandle$Holder.invokeSpecial(java.lang.Object, java.lang.Object, java.lang.Object, java.lang.Object, java.lang.Object, java.lang.Object, java.lang.Object, java.lang.Object, java.lang.Object, java.lang.Object, java.lang.Object, java.lang.Object, java.lang.Object, java.lang.Object)'> (0x000000008e622e08) thrown at [./src/hotspot/share/interpreter/linkResolver.cpp, line 773]
Event: 2.573 Thread 0x000002a684e4a000 Exception <a 'java/lang/NoSuchMethodError'{0x000000008e637590}: 'java.lang.Object java.lang.invoke.Invokers$Holder.linkToTargetMethod(java.lang.Object, java.lang.Object, java.lang.Object, java.lang.Object, java.lang.Object, java.lang.Object, java.lang.Object, java.lang.Object, java.lang.Object, java.lang.Object, java.lang.Object, java.lang.Object)'> (0x000000008e637590) thrown at [./src/hotspot/share/interpreter/linkResolver.cpp, line 773]
Event: 2.577 Thread 0x000002a684e4a000 Exception <a 'java/lang/NoSuchMethodError'{0x000000008e6c9c30}: 'java.lang.Object java.lang.invoke.DirectMethodHandle$Holder.invokeStaticInit(java.lang.Object, java.lang.Object, java.lang.Object, java.lang.Object)'> (0x000000008e6c9c30) thrown at [./src/hotspot/share/interpreter/linkResolver.cpp, line 773]

Events (20 events):
Event: 2.630 loading class org/gradle/api/internal/DefaultCollectionCallbackActionDecorator
Event: 2.630 loading class org/gradle/api/internal/DefaultCollectionCallbackActionDecorator done
Event: 2.631 loading class org/gradle/api/internal/provider/DefaultValueSourceProviderFactory
Event: 2.631 loading class org/gradle/api/internal/provider/DefaultValueSourceProviderFactory done
Event: 2.631 loading class org/gradle/api/internal/provider/ValueSourceProviderFactory$Listener$ObtainedValue
Event: 2.631 loading class org/gradle/api/internal/provider/ValueSourceProviderFactory$Listener$ObtainedValue done
Event: 2.632 loading class org/gradle/internal/isolated/IsolationScheme
Event: 2.632 loading class org/gradle/internal/isolated/IsolationScheme done
Event: 2.633 loading class org/gradle/api/provider/ValueSource
Event: 2.633 loading class org/gradle/api/provider/ValueSource done
Event: 2.633 loading class org/gradle/api/provider/ValueSourceParameters
Event: 2.633 loading class org/gradle/api/provider/ValueSourceParameters done
Event: 2.633 loading class org/gradle/api/provider/ValueSourceParameters$None
Event: 2.633 loading class org/gradle/api/provider/ValueSourceParameters$None done
Event: 2.634 loading class org/gradle/api/internal/provider/ValueSourceProviderFactory$Listener
Event: 2.634 loading class org/gradle/api/internal/provider/ValueSourceProviderFactory$Listener done
Event: 2.634 loading class org/gradle/api/internal/provider/DefaultProviderFactory
Event: 2.634 loading class org/gradle/api/internal/provider/DefaultProviderFactory done
Event: 2.635 loading class org/gradle/api/file/FileContents
Event: 2.635 loading class org/gradle/api/file/FileContents done


Dynamic libraries:
0x00007ff6cec00000 - 0x00007ff6cec0a000 	D:\AnZhuang\AndroidStudio\jre\bin\java.exe
0x00007fffcf430000 - 0x00007fffcf625000 	C:\WINDOWS\SYSTEM32\ntdll.dll
0x00007fffcf2b0000 - 0x00007fffcf36e000 	C:\WINDOWS\System32\KERNEL32.DLL
0x00007fffccf70000 - 0x00007fffcd238000 	C:\WINDOWS\System32\KERNELBASE.dll
0x00007fffca100000 - 0x00007fffca190000 	C:\WINDOWS\SYSTEM32\apphelp.dll
0x00007fffccde0000 - 0x00007fffccee0000 	C:\WINDOWS\System32\ucrtbase.dll
0x00007fffbe5f0000 - 0x00007fffbe607000 	D:\AnZhuang\AndroidStudio\jre\bin\VCRUNTIME140.dll
0x00007fffb2830000 - 0x00007fffb2849000 	D:\AnZhuang\AndroidStudio\jre\bin\jli.dll
0x00007fffce2b0000 - 0x00007fffce450000 	C:\WINDOWS\System32\USER32.dll
0x00007fffcd2f0000 - 0x00007fffcd312000 	C:\WINDOWS\System32\win32u.dll
0x00007fffcd630000 - 0x00007fffcd65b000 	C:\WINDOWS\System32\GDI32.dll
0x00007fffb2070000 - 0x00007fffb230a000 	C:\WINDOWS\WinSxS\amd64_microsoft.windows.common-controls_6595b64144ccf1df_6.0.19041.1110_none_60b5254171f9507e\COMCTL32.dll
0x00007fffcd320000 - 0x00007fffcd42d000 	C:\WINDOWS\System32\gdi32full.dll
0x00007fffcdff0000 - 0x00007fffce08e000 	C:\WINDOWS\System32\msvcrt.dll
0x00007fffccb40000 - 0x00007fffccbdd000 	C:\WINDOWS\System32\msvcp_win.dll
0x00007fffcdba0000 - 0x00007fffcdbd0000 	C:\WINDOWS\System32\IMM32.DLL
0x00007fffa18b0000 - 0x00007fffa194d000 	D:\AnZhuang\AndroidStudio\jre\bin\msvcp140.dll
0x00007fff693d0000 - 0x00007fff69ea5000 	D:\AnZhuang\AndroidStudio\jre\bin\server\jvm.dll
0x00007fffcdec0000 - 0x00007fffcdf6e000 	C:\WINDOWS\System32\ADVAPI32.dll
0x00007fffce450000 - 0x00007fffce4ec000 	C:\WINDOWS\System32\sechost.dll
0x00007fffce5a0000 - 0x00007fffce6c5000 	C:\WINDOWS\System32\RPCRT4.dll
0x00007fffcdb90000 - 0x00007fffcdb98000 	C:\WINDOWS\System32\PSAPI.DLL
0x00007fff8bcd0000 - 0x00007fff8bcd9000 	C:\WINDOWS\SYSTEM32\WSOCK32.dll
0x00007fffc3fd0000 - 0x00007fffc3fda000 	C:\WINDOWS\SYSTEM32\VERSION.dll
0x00007fffc0e50000 - 0x00007fffc0e77000 	C:\WINDOWS\SYSTEM32\WINMM.dll
0x00007fffcdf70000 - 0x00007fffcdfdb000 	C:\WINDOWS\System32\WS2_32.dll
0x00007fffcb3c0000 - 0x00007fffcb3d2000 	C:\WINDOWS\SYSTEM32\kernel.appcore.dll
0x00007fffbe620000 - 0x00007fffbe631000 	D:\AnZhuang\AndroidStudio\jre\bin\verify.dll
0x00007fffca930000 - 0x00007fffcab14000 	C:\WINDOWS\SYSTEM32\DBGHELP.DLL
0x00007fffb2020000 - 0x00007fffb204c000 	C:\WINDOWS\SYSTEM32\dbgcore.DLL
0x00007fffccee0000 - 0x00007fffccf62000 	C:\WINDOWS\System32\bcryptPrimitives.dll
0x00007fffb2750000 - 0x00007fffb2779000 	D:\AnZhuang\AndroidStudio\jre\bin\java.dll
0x00007fffc7a10000 - 0x00007fffc7a1b000 	D:\AnZhuang\AndroidStudio\jre\bin\jimage.dll
0x00007fffb27e0000 - 0x00007fffb27f8000 	D:\AnZhuang\AndroidStudio\jre\bin\zip.dll
0x00007fffcea30000 - 0x00007fffcf174000 	C:\WINDOWS\System32\SHELL32.dll
0x00007fffcac10000 - 0x00007fffcb3a4000 	C:\WINDOWS\SYSTEM32\windows.storage.dll
0x00007fffce6d0000 - 0x00007fffcea25000 	C:\WINDOWS\System32\combase.dll
0x00007fffcc4c0000 - 0x00007fffcc4ee000 	C:\WINDOWS\SYSTEM32\Wldp.dll
0x00007fffce4f0000 - 0x00007fffce59d000 	C:\WINDOWS\System32\SHCORE.dll
0x00007fffcdc60000 - 0x00007fffcdcb5000 	C:\WINDOWS\System32\shlwapi.dll
0x00007fffcca80000 - 0x00007fffcca9f000 	C:\WINDOWS\SYSTEM32\profapi.dll
0x00007fffb1e50000 - 0x00007fffb1e6a000 	D:\AnZhuang\AndroidStudio\jre\bin\net.dll
0x00007fffc11a0000 - 0x00007fffc12ac000 	C:\WINDOWS\SYSTEM32\WINHTTP.dll
0x00007fffcc220000 - 0x00007fffcc28a000 	C:\WINDOWS\system32\mswsock.dll
0x00007fffae3b0000 - 0x00007fffae3c4000 	D:\AnZhuang\AndroidStudio\jre\bin\nio.dll
0x00007fffa3b60000 - 0x00007fffa3b87000 	D:\AnZhuang\AndroidStudio\gradle-7.2\native\e1d6ef7f7dcc3fd88c89a11ec53ec762bb8ba0a96d01ffa2cd45eb1d1d8dd5c5\windows-amd64\native-platform.dll
0x00007fff8a520000 - 0x00007fff8a664000 	D:\AnZhuang\AndroidStudio\gradle-7.2\native\5664cfc778a61ccfe75a443a1ab52a65af34e5dc3c78e0209fed803814484fcb\windows-amd64\native-platform-file-events.dll
0x00007fffbe610000 - 0x00007fffbe61a000 	D:\AnZhuang\AndroidStudio\jre\bin\management.dll
0x00007fffbe240000 - 0x00007fffbe24d000 	D:\AnZhuang\AndroidStudio\jre\bin\management_ext.dll
0x00007fffcc410000 - 0x00007fffcc428000 	C:\WINDOWS\SYSTEM32\CRYPTSP.dll
0x00007fffcbba0000 - 0x00007fffcbbd4000 	C:\WINDOWS\system32\rsaenh.dll
0x00007fffccbe0000 - 0x00007fffccc07000 	C:\WINDOWS\System32\bcrypt.dll
0x00007fffcca40000 - 0x00007fffcca6e000 	C:\WINDOWS\SYSTEM32\USERENV.dll
0x00007fffcc430000 - 0x00007fffcc43c000 	C:\WINDOWS\SYSTEM32\CRYPTBASE.dll
0x00007fffcbf10000 - 0x00007fffcbf4b000 	C:\WINDOWS\SYSTEM32\IPHLPAPI.DLL
0x00007fffcdfe0000 - 0x00007fffcdfe8000 	C:\WINDOWS\System32\NSI.dll
0x00007fffc44a0000 - 0x00007fffc44b7000 	C:\WINDOWS\SYSTEM32\dhcpcsvc6.DLL
0x00007fffc3fe0000 - 0x00007fffc3ffd000 	C:\WINDOWS\SYSTEM32\dhcpcsvc.DLL
0x00007fffcbf50000 - 0x00007fffcc01b000 	C:\WINDOWS\SYSTEM32\DNSAPI.dll

dbghelp: loaded successfully - version: 4.0.5 - missing functions: none
symbol engine: initialized successfully - sym options: 0x614 - pdb path: .;D:\AnZhuang\AndroidStudio\jre\bin;C:\WINDOWS\SYSTEM32;C:\WINDOWS\WinSxS\amd64_microsoft.windows.common-controls_6595b64144ccf1df_6.0.19041.1110_none_60b5254171f9507e;D:\AnZhuang\AndroidStudio\jre\bin\server;D:\AnZhuang\AndroidStudio\gradle-7.2\native\e1d6ef7f7dcc3fd88c89a11ec53ec762bb8ba0a96d01ffa2cd45eb1d1d8dd5c5\windows-amd64;D:\AnZhuang\AndroidStudio\gradle-7.2\native\5664cfc778a61ccfe75a443a1ab52a65af34e5dc3c78e0209fed803814484fcb\windows-amd64

VM Arguments:
jvm_args: --add-opens=java.base/java.util=ALL-UNNAMED --add-opens=java.base/java.lang=ALL-UNNAMED --add-opens=java.base/java.lang.invoke=ALL-UNNAMED --add-opens=java.base/java.util=ALL-UNNAMED --add-opens=java.prefs/java.util.prefs=ALL-UNNAMED --add-opens=java.prefs/java.util.prefs=ALL-UNNAMED --add-opens=java.base/java.nio.charset=ALL-UNNAMED --add-opens=java.base/java.net=ALL-UNNAMED --add-opens=java.base/java.util.concurrent.atomic=ALL-UNNAMED -Xmx2048m -Dfile.encoding=UTF-8 -Duser.country=CN -Duser.language=zh -Duser.variant 
java_command: org.gradle.launcher.daemon.bootstrap.GradleDaemon 7.2
java_class_path (initial): D:\AnZhuang\AndroidStudio\gradle-7.2\wrapper\dists\gradle-7.2-bin\2dnblmf4td7x66yl1d74lt32g\gradle-7.2\lib\gradle-launcher-7.2.jar
Launcher Type: SUN_STANDARD

[Global flags]
     intx CICompilerCount                          = 4                                         {product} {ergonomic}
     uint ConcGCThreads                            = 3                                         {product} {ergonomic}
     uint G1ConcRefinementThreads                  = 10                                        {product} {ergonomic}
   size_t G1HeapRegionSize                         = 1048576                                   {product} {ergonomic}
    uintx GCDrainStackTargetSize                   = 64                                        {product} {ergonomic}
   size_t InitialHeapSize                          = 268435456                                 {product} {ergonomic}
   size_t MarkStackSize                            = 4194304                                   {product} {ergonomic}
   size_t MaxHeapSize                              = 2147483648                                {product} {command line}
   size_t MaxNewSize                               = 1287651328                                {product} {ergonomic}
   size_t MinHeapDeltaBytes                        = 1048576                                   {product} {ergonomic}
    uintx NonNMethodCodeHeapSize                   = 5836300                                {pd product} {ergonomic}
    uintx NonProfiledCodeHeapSize                  = 122910970                              {pd product} {ergonomic}
    uintx ProfiledCodeHeapSize                     = 122910970                              {pd product} {ergonomic}
    uintx ReservedCodeCacheSize                    = 251658240                              {pd product} {ergonomic}
     bool SegmentedCodeCache                       = true                                      {product} {ergonomic}
     bool UseCompressedClassPointers               = true                                 {lp64_product} {ergonomic}
     bool UseCompressedOops                        = true                                 {lp64_product} {ergonomic}
     bool UseG1GC                                  = true                                      {product} {ergonomic}
     bool UseLargePagesIndividualAllocation        = false                                  {pd product} {ergonomic}

Logging:
Log output configuration:
 #0: stdout all=warning uptime,level,tags
 #1: stderr all=off uptime,level,tags

Environment Variables:
JAVA_HOME=D:\AnZhuang\Java\jdk
CLASSPATH=.;D:\AnZhuang\Java\jdk\lib\dt.jar;D:\AnZhuang\Java\jdk\lib\tools.jar
PATH=C:\Program Files\Common Files\Oracle\Java\javapath;D:\AnZhuang\Android-SDK\platform-tools;D:\AnZhuang\Java\jdk\bin;D:\AnZhuang\Java\jdk\jre\bin;D:\AnZhuang\rose\common;C:\Program Files\NVIDIA Corporation\NVIDIA NvDLISR;C:\Program Files (x86)\Microsoft SQL Server\90\Tools\binn\;D:\AnZhuang\;D:\AnZhuang\WinSCP\;C:\Program Files (x86)\NVIDIA Corporation\PhysX\Common;C:\WINDOWS\system32;C:\WINDOWS;C:\WINDOWS\System32\Wbem;C:\WINDOWS\System32\WindowsPowerShell\v1.0\;C:\WINDOWS\System32\OpenSSH\;D:\AnZhuang\LateX\texlive\2021\bin\win32;C:\Program Files\Microsoft SQL Server\130\Tools\Binn\;D:\AnZhuang\Matlab\runtime\win64;D:\AnZhuang\Matlab\bin;D:\AnZhuang\Matlab\polyspace\bin;C:\Program Files\MySQL\MySQL Shell 8.0\bin\;C:\Users\LoongPong\AppData\Local\Microsoft\WindowsApps;D:\AnZhuang\PyCham\PyCharm Community Edition 2021.1.2\bin;C:\Program Files\Java\jre1.8.0_291;Microsoft VS Code\bin;D:\AnZhuang\bangizip\;D:\AnZhuang\Microsoft VS Code\bin
USERNAME=PongLoong
OS=Windows_NT
PROCESSOR_IDENTIFIER=Intel64 Family 6 Model 158 Stepping 10, GenuineIntel



---------------  S Y S T E M  ---------------

OS: Windows 10 , 64 bit Build 19041 (10.0.19041.1503)
OS uptime: 1 days 8:38 hours

CPU:total 12 (initial active 12) (6 cores per cpu, 2 threads per core) family 6 model 158 stepping 10 microcode 0xb4, cmov, cx8, fxsr, mmx, sse, sse2, sse3, ssse3, sse4.1, sse4.2, popcnt, avx, avx2, aes, clmul, erms, 3dnowpref, lzcnt, ht, tsc, tscinvbit, bmi1, bmi2, adx, fma

Memory: 4k page, system-wide physical 16257M (3134M free)
TotalPageFile size 16257M (AvailPageFile size 3M)
current process WorkingSet (physical memory assigned to process): 256M, peak: 256M
current process commit charge ("private bytes"): 427M, peak: 427M

vm_info: OpenJDK 64-Bit Server VM (11.0.11+9-b60-7590822) for windows-amd64 JRE (11.0.11+9-b60-7590822), built on Jul 29 2021 21:43:44 by "builder" with MS VC++ 14.0 (VS2015)

END.
