#
# There is insufficient memory for the Java Runtime Environment to continue.
# Native memory allocation (malloc) failed to allocate 1587376 bytes for Chunk::new
# Possible reasons:
#   The system is out of physical RAM or swap space
#   The process is running with CompressedOops enabled, and the Java Heap may be blocking the growth of the native heap
# Possible solutions:
#   Reduce memory load on the system
#   Increase physical memory or swap space
#   Check if swap backing store is full
#   Decrease Java heap size (-Xmx/-Xms)
#   Decrease number of Java threads
#   Decrease Java thread stack sizes (-Xss)
#   Set larger code cache with -XX:ReservedCodeCacheSize=
#   JVM is running with Unscaled Compressed Oops mode in which the Java heap is
#     placed in the first 4GB address space. The Java Heap base address is the
#     maximum limit for the native heap growth. Please use -XX:HeapBaseMinAddress
#     to set the Java Heap base and to place the Java Heap above 4GB virtual address.
# This output file may be truncated or incomplete.
#
#  Out of Memory Error (./src/hotspot/share/memory/arena.cpp:197), pid=27292, tid=11984
#
# JRE version: OpenJDK Runtime Environment (11.0.11+9) (build 11.0.11+9-b60-7590822)
# Java VM: OpenJDK 64-Bit Server VM (11.0.11+9-b60-7590822, mixed mode, tiered, compressed oops, g1 gc, windows-amd64)
# No core dump will be written. Minidumps are not enabled by default on client versions of Windows
#

---------------  S U M M A R Y ------------

Command Line: --add-opens=java.base/java.util=ALL-UNNAMED --add-opens=java.base/java.lang=ALL-UNNAMED --add-opens=java.base/java.lang.invoke=ALL-UNNAMED --add-opens=java.base/java.util=ALL-UNNAMED --add-opens=java.prefs/java.util.prefs=ALL-UNNAMED --add-opens=java.prefs/java.util.prefs=ALL-UNNAMED --add-opens=java.base/java.nio.charset=ALL-UNNAMED --add-opens=java.base/java.net=ALL-UNNAMED --add-opens=java.base/java.util.concurrent.atomic=ALL-UNNAMED -Xmx2048m -Dfile.encoding=UTF-8 -Duser.country=CN -Duser.language=zh -Duser.variant org.gradle.launcher.daemon.bootstrap.GradleDaemon 7.2

Host: Intel(R) Core(TM) i7-8750H CPU @ 2.20GHz, 12 cores, 15G,  Windows 10 , 64 bit Build 19041 (10.0.19041.1503)
Time: Tue Mar 22 16:48:09 2022 中国标准时间 elapsed time: 2.323884 seconds (0d 0h 0m 2s)

---------------  T H R E A D  ---------------

Current thread (0x000001bf61f72000):  JavaThread "C2 CompilerThread0" daemon [_thread_in_native, id=11984, stack(0x0000004989500000,0x0000004989600000)]


Current CompileTask:
C2:   2323 1930   !   4       java.lang.ClassLoader::loadClass (122 bytes)

Stack: [0x0000004989500000,0x0000004989600000]
Native frames: (J=compiled Java code, j=interpreted, Vv=VM code, C=native code)
V  [jvm.dll+0x5f214a]
V  [jvm.dll+0x726fb5]
V  [jvm.dll+0x7285cd]
V  [jvm.dll+0x728c83]
V  [jvm.dll+0x243278]
V  [jvm.dll+0xbc53c]
V  [jvm.dll+0xbca3c]
V  [jvm.dll+0x353e7d]
V  [jvm.dll+0x19895c]
V  [jvm.dll+0x1fc2ee]
V  [jvm.dll+0x1fb3d4]
V  [jvm.dll+0x183d6c]
V  [jvm.dll+0x209a57]
V  [jvm.dll+0x2082a1]
V  [jvm.dll+0x6ef58f]
V  [jvm.dll+0x6e80b5]
V  [jvm.dll+0x5f1036]
C  [ucrtbase.dll+0x21bb2]
C  [KERNEL32.DLL+0x17034]
C  [ntdll.dll+0x52651]


---------------  P R O C E S S  ---------------

Threads class SMR info:
_java_thread_list=0x000001bf6292adf0, length=23, elements={
0x000001bf46de4800, 0x000001bf61f63000, 0x000001bf616c6800, 0x000001bf61f6d000,
0x000001bf61f6e000, 0x000001bf61f71000, 0x000001bf61f72000, 0x000001bf61fc4800,
0x000001bf61fd0800, 0x000001bf62136000, 0x000001bf650ba000, 0x000001bf64a19800,
0x000001bf6446c800, 0x000001bf62886000, 0x000001bf62241800, 0x000001bf62fdf800,
0x000001bf64297800, 0x000001bf6327b800, 0x000001bf64e86000, 0x000001bf63927000,
0x000001bf63924000, 0x000001bf63924800, 0x000001bf63925800
}

Java Threads: ( => current thread )
  0x000001bf46de4800 JavaThread "main" [_thread_blocked, id=25168, stack(0x0000004988900000,0x0000004988a00000)]
  0x000001bf61f63000 JavaThread "Reference Handler" daemon [_thread_blocked, id=21736, stack(0x0000004989000000,0x0000004989100000)]
  0x000001bf616c6800 JavaThread "Finalizer" daemon [_thread_blocked, id=17472, stack(0x0000004989100000,0x0000004989200000)]
  0x000001bf61f6d000 JavaThread "Signal Dispatcher" daemon [_thread_blocked, id=13616, stack(0x0000004989200000,0x0000004989300000)]
  0x000001bf61f6e000 JavaThread "Attach Listener" daemon [_thread_blocked, id=14804, stack(0x0000004989300000,0x0000004989400000)]
  0x000001bf61f71000 JavaThread "Service Thread" daemon [_thread_blocked, id=26496, stack(0x0000004989400000,0x0000004989500000)]
=>0x000001bf61f72000 JavaThread "C2 CompilerThread0" daemon [_thread_in_native, id=11984, stack(0x0000004989500000,0x0000004989600000)]
  0x000001bf61fc4800 JavaThread "C1 CompilerThread0" daemon [_thread_blocked, id=20520, stack(0x0000004989600000,0x0000004989700000)]
  0x000001bf61fd0800 JavaThread "Sweeper thread" daemon [_thread_blocked, id=18104, stack(0x0000004989700000,0x0000004989800000)]
  0x000001bf62136000 JavaThread "Common-Cleaner" daemon [_thread_blocked, id=5784, stack(0x0000004989800000,0x0000004989900000)]
  0x000001bf650ba000 JavaThread "Daemon health stats" [_thread_blocked, id=21528, stack(0x000000498a100000,0x000000498a200000)]
  0x000001bf64a19800 JavaThread "Incoming local TCP Connector on port 2144" [_thread_in_native, id=25812, stack(0x0000004989a00000,0x0000004989b00000)]
  0x000001bf6446c800 JavaThread "Daemon periodic checks" [_thread_blocked, id=14100, stack(0x0000004989b00000,0x0000004989c00000)]
  0x000001bf62886000 JavaThread "Daemon" [_thread_blocked, id=19572, stack(0x000000498a200000,0x000000498a300000)]
  0x000001bf62241800 JavaThread "Handler for socket connection from /127.0.0.1:2144 to /127.0.0.1:2145" [_thread_in_native, id=15488, stack(0x000000498a300000,0x000000498a400000)]
  0x000001bf62fdf800 JavaThread "Cancel handler" [_thread_blocked, id=17872, stack(0x000000498a400000,0x000000498a500000)]
  0x000001bf64297800 JavaThread "Daemon worker" [_thread_in_vm, id=27540, stack(0x000000498a500000,0x000000498a600000)]
  0x000001bf6327b800 JavaThread "Asynchronous log dispatcher for DefaultDaemonConnection: socket connection from /127.0.0.1:2144 to /127.0.0.1:2145" [_thread_blocked, id=9208, stack(0x000000498a600000,0x000000498a700000)]
  0x000001bf64e86000 JavaThread "Stdin handler" [_thread_blocked, id=26540, stack(0x000000498a700000,0x000000498a800000)]
  0x000001bf63927000 JavaThread "Daemon client event forwarder" [_thread_blocked, id=7072, stack(0x000000498a800000,0x000000498a900000)]
  0x000001bf63924000 JavaThread "Cache worker for journal cache (D:\AnZhuang\AndroidStudio\gradle-7.2\caches\journal-1)" [_thread_blocked, id=20560, stack(0x000000498a900000,0x000000498aa00000)]
  0x000001bf63924800 JavaThread "File lock request listener" [_thread_in_native, id=14132, stack(0x000000498aa00000,0x000000498ab00000)]
  0x000001bf63925800 JavaThread "Cache worker for file hash cache (D:\AnZhuang\AndroidStudio\gradle-7.2\caches\7.2\fileHashes)" [_thread_blocked, id=25072, stack(0x000000498ab00000,0x000000498ac00000)]

Other Threads:
  0x000001bf616bd800 VMThread "VM Thread" [stack: 0x0000004988f00000,0x0000004989000000] [id=26524]
  0x000001bf62139000 WatcherThread [stack: 0x0000004989900000,0x0000004989a00000] [id=16312]
  0x000001bf46e00800 GCTaskThread "GC Thread#0" [stack: 0x0000004988a00000,0x0000004988b00000] [id=23908]
  0x000001bf62cac800 GCTaskThread "GC Thread#1" [stack: 0x0000004989c00000,0x0000004989d00000] [id=26688]
  0x000001bf62cad000 GCTaskThread "GC Thread#2" [stack: 0x0000004989d00000,0x0000004989e00000] [id=24900]
  0x000001bf62eda000 GCTaskThread "GC Thread#3" [stack: 0x0000004989e00000,0x0000004989f00000] [id=25576]
  0x000001bf62edb000 GCTaskThread "GC Thread#4" [stack: 0x0000004989f00000,0x000000498a000000] [id=12756]
  0x000001bf62edb800 GCTaskThread "GC Thread#5" [stack: 0x000000498a000000,0x000000498a100000] [id=10656]
  0x000001bf64a7e000 GCTaskThread "GC Thread#6" [stack: 0x000000498ac00000,0x000000498ad00000] [id=8748]
  0x000001bf64060000 GCTaskThread "GC Thread#7" [stack: 0x000000498ad00000,0x000000498ae00000] [id=20840]
  0x000001bf64245000 GCTaskThread "GC Thread#8" [stack: 0x000000498ae00000,0x000000498af00000] [id=23148]
  0x000001bf65013000 GCTaskThread "GC Thread#9" [stack: 0x000000498af00000,0x000000498b000000] [id=4060]
  0x000001bf46e32800 ConcurrentGCThread "G1 Main Marker" [stack: 0x0000004988b00000,0x0000004988c00000] [id=16548]
  0x000001bf46e34000 ConcurrentGCThread "G1 Conc#0" [stack: 0x0000004988c00000,0x0000004988d00000] [id=21624]
  0x000001bf631ec000 ConcurrentGCThread "G1 Conc#1" [stack: 0x000000498b000000,0x000000498b100000] [id=26964]
  0x000001bf658e0800 ConcurrentGCThread "G1 Conc#2" [stack: 0x000000498b100000,0x000000498b200000] [id=18748]
  0x000001bf6158a800 ConcurrentGCThread "G1 Refine#0" [stack: 0x0000004988d00000,0x0000004988e00000] [id=27152]
  0x000001bf6158b800 ConcurrentGCThread "G1 Young RemSet Sampling" [stack: 0x0000004988e00000,0x0000004988f00000] [id=7180]

Threads with active compile tasks:
C2 CompilerThread0   2344 1930   !   4       java.lang.ClassLoader::loadClass (122 bytes)

VM state:not at safepoint (normal execution)

VM Mutex/Monitor currently owned by a thread: None

Heap address: 0x0000000080000000, size: 2048 MB, Compressed Oops mode: 32-bit
Narrow klass base: 0x0000000000000000, Narrow klass shift: 3
Compressed class space size: 1073741824 Address: 0x0000000100000000

Heap:
 garbage-first heap   total 262144K, used 25007K [0x0000000080000000, 0x0000000100000000)
  region size 1024K, 9 young (9216K), 1 survivors (1024K)
 Metaspace       used 22357K, capacity 22857K, committed 23216K, reserved 1069056K
  class space    used 2837K, capacity 3012K, committed 3072K, reserved 1048576K
Heap Regions: E=young(eden), S=young(survivor), O=old, HS=humongous(starts), HC=humongous(continues), CS=collection set, F=free, A=archive, TAMS=top-at-mark-start (previous, next)
|   0|0x0000000080000000, 0x0000000080100000, 0x0000000080100000|100%| O|  |TAMS 0x0000000080000000, 0x0000000080000000| Untracked 
|   1|0x0000000080100000, 0x0000000080200000, 0x0000000080200000|100%| O|  |TAMS 0x0000000080100000, 0x0000000080100000| Untracked 
|   2|0x0000000080200000, 0x0000000080300000, 0x0000000080300000|100%| O|  |TAMS 0x0000000080200000, 0x0000000080200000| Untracked 
|   3|0x0000000080300000, 0x0000000080400000, 0x0000000080400000|100%|HS|  |TAMS 0x0000000080400000, 0x0000000080300000| Complete 
|   4|0x0000000080400000, 0x0000000080500000, 0x0000000080500000|100%|HC|  |TAMS 0x0000000080500000, 0x0000000080400000| Complete 
|   5|0x0000000080500000, 0x0000000080600000, 0x0000000080600000|100%|HC|  |TAMS 0x0000000080600000, 0x0000000080500000| Complete 
|   6|0x0000000080600000, 0x0000000080700000, 0x0000000080700000|100%| O|  |TAMS 0x0000000080700000, 0x0000000080600000| Untracked 
|   7|0x0000000080700000, 0x0000000080800000, 0x0000000080800000|100%| O|  |TAMS 0x0000000080800000, 0x0000000080700000| Untracked 
|   8|0x0000000080800000, 0x0000000080900000, 0x0000000080900000|100%| O|  |TAMS 0x0000000080900000, 0x0000000080800000| Untracked 
|   9|0x0000000080900000, 0x0000000080a00000, 0x0000000080a00000|100%| O|  |TAMS 0x000000008094ae00, 0x0000000080900000| Untracked 
|  10|0x0000000080a00000, 0x0000000080b00000, 0x0000000080b00000|100%| O|  |TAMS 0x0000000080a00000, 0x0000000080a00000| Untracked 
|  11|0x0000000080b00000, 0x0000000080c00000, 0x0000000080c00000|100%| O|  |TAMS 0x0000000080b00000, 0x0000000080b00000| Untracked 
|  12|0x0000000080c00000, 0x0000000080d00000, 0x0000000080d00000|100%| O|  |TAMS 0x0000000080c00000, 0x0000000080c00000| Untracked 
|  13|0x0000000080d00000, 0x0000000080e00000, 0x0000000080e00000|100%| O|  |TAMS 0x0000000080d00000, 0x0000000080d00000| Untracked 
|  14|0x0000000080e00000, 0x0000000080f00000, 0x0000000080f00000|100%| O|  |TAMS 0x0000000080e00000, 0x0000000080e00000| Untracked 
|  15|0x0000000080f00000, 0x0000000081000000, 0x0000000081000000|100%| O|  |TAMS 0x0000000080f00000, 0x0000000080f00000| Untracked 
|  16|0x0000000081000000, 0x0000000081099a00, 0x0000000081100000| 60%| O|  |TAMS 0x0000000081000000, 0x0000000081000000| Untracked 
|  17|0x0000000081100000, 0x0000000081100000, 0x0000000081200000|  0%| F|  |TAMS 0x0000000081100000, 0x0000000081100000| Untracked 
|  18|0x0000000081200000, 0x0000000081200000, 0x0000000081300000|  0%| F|  |TAMS 0x0000000081200000, 0x0000000081200000| Untracked 
|  19|0x0000000081300000, 0x0000000081300000, 0x0000000081400000|  0%| F|  |TAMS 0x0000000081300000, 0x0000000081300000| Untracked 
|  20|0x0000000081400000, 0x0000000081400000, 0x0000000081500000|  0%| F|  |TAMS 0x0000000081400000, 0x0000000081400000| Untracked 
|  21|0x0000000081500000, 0x0000000081500000, 0x0000000081600000|  0%| F|  |TAMS 0x0000000081500000, 0x0000000081500000| Untracked 
|  22|0x0000000081600000, 0x0000000081600000, 0x0000000081700000|  0%| F|  |TAMS 0x0000000081600000, 0x0000000081600000| Untracked 
|  23|0x0000000081700000, 0x0000000081700000, 0x0000000081800000|  0%| F|  |TAMS 0x0000000081700000, 0x0000000081700000| Untracked 
|  24|0x0000000081800000, 0x0000000081800000, 0x0000000081900000|  0%| F|  |TAMS 0x0000000081800000, 0x0000000081800000| Untracked 
|  25|0x0000000081900000, 0x0000000081900000, 0x0000000081a00000|  0%| F|  |TAMS 0x0000000081900000, 0x0000000081900000| Untracked 
|  26|0x0000000081a00000, 0x0000000081a00000, 0x0000000081b00000|  0%| F|  |TAMS 0x0000000081a00000, 0x0000000081a00000| Untracked 
|  27|0x0000000081b00000, 0x0000000081b00000, 0x0000000081c00000|  0%| F|  |TAMS 0x0000000081b00000, 0x0000000081b00000| Untracked 
|  28|0x0000000081c00000, 0x0000000081c00000, 0x0000000081d00000|  0%| F|  |TAMS 0x0000000081c00000, 0x0000000081c00000| Untracked 
|  29|0x0000000081d00000, 0x0000000081d00000, 0x0000000081e00000|  0%| F|  |TAMS 0x0000000081d00000, 0x0000000081d00000| Untracked 
|  30|0x0000000081e00000, 0x0000000081e00000, 0x0000000081f00000|  0%| F|  |TAMS 0x0000000081e00000, 0x0000000081e00000| Untracked 
|  31|0x0000000081f00000, 0x0000000081f00000, 0x0000000082000000|  0%| F|  |TAMS 0x0000000081f00000, 0x0000000081f00000| Untracked 
|  32|0x0000000082000000, 0x0000000082000000, 0x0000000082100000|  0%| F|  |TAMS 0x0000000082000000, 0x0000000082000000| Untracked 
|  33|0x0000000082100000, 0x0000000082100000, 0x0000000082200000|  0%| F|  |TAMS 0x0000000082100000, 0x0000000082100000| Untracked 
|  34|0x0000000082200000, 0x0000000082200000, 0x0000000082300000|  0%| F|  |TAMS 0x0000000082200000, 0x0000000082200000| Untracked 
|  35|0x0000000082300000, 0x0000000082300000, 0x0000000082400000|  0%| F|  |TAMS 0x0000000082300000, 0x0000000082300000| Untracked 
|  36|0x0000000082400000, 0x0000000082400000, 0x0000000082500000|  0%| F|  |TAMS 0x0000000082400000, 0x0000000082400000| Untracked 
|  37|0x0000000082500000, 0x0000000082500000, 0x0000000082600000|  0%| F|  |TAMS 0x0000000082500000, 0x0000000082500000| Untracked 
|  38|0x0000000082600000, 0x0000000082600000, 0x0000000082700000|  0%| F|  |TAMS 0x0000000082600000, 0x0000000082600000| Untracked 
|  39|0x0000000082700000, 0x0000000082700000, 0x0000000082800000|  0%| F|  |TAMS 0x0000000082700000, 0x0000000082700000| Untracked 
|  40|0x0000000082800000, 0x0000000082800000, 0x0000000082900000|  0%| F|  |TAMS 0x0000000082800000, 0x0000000082800000| Untracked 
|  41|0x0000000082900000, 0x0000000082900000, 0x0000000082a00000|  0%| F|  |TAMS 0x0000000082900000, 0x0000000082900000| Untracked 
|  42|0x0000000082a00000, 0x0000000082a00000, 0x0000000082b00000|  0%| F|  |TAMS 0x0000000082a00000, 0x0000000082a00000| Untracked 
|  43|0x0000000082b00000, 0x0000000082b00000, 0x0000000082c00000|  0%| F|  |TAMS 0x0000000082b00000, 0x0000000082b00000| Untracked 
|  44|0x0000000082c00000, 0x0000000082c00000, 0x0000000082d00000|  0%| F|  |TAMS 0x0000000082c00000, 0x0000000082c00000| Untracked 
|  45|0x0000000082d00000, 0x0000000082d00000, 0x0000000082e00000|  0%| F|  |TAMS 0x0000000082d00000, 0x0000000082d00000| Untracked 
|  46|0x0000000082e00000, 0x0000000082e00000, 0x0000000082f00000|  0%| F|  |TAMS 0x0000000082e00000, 0x0000000082e00000| Untracked 
|  47|0x0000000082f00000, 0x0000000082f00000, 0x0000000083000000|  0%| F|  |TAMS 0x0000000082f00000, 0x0000000082f00000| Untracked 
|  48|0x0000000083000000, 0x0000000083000000, 0x0000000083100000|  0%| F|  |TAMS 0x0000000083000000, 0x0000000083000000| Untracked 
|  49|0x0000000083100000, 0x0000000083100000, 0x0000000083200000|  0%| F|  |TAMS 0x0000000083100000, 0x0000000083100000| Untracked 
|  50|0x0000000083200000, 0x0000000083200000, 0x0000000083300000|  0%| F|  |TAMS 0x0000000083200000, 0x0000000083200000| Untracked 
|  51|0x0000000083300000, 0x0000000083300000, 0x0000000083400000|  0%| F|  |TAMS 0x0000000083300000, 0x0000000083300000| Untracked 
|  52|0x0000000083400000, 0x0000000083400000, 0x0000000083500000|  0%| F|  |TAMS 0x0000000083400000, 0x0000000083400000| Untracked 
|  53|0x0000000083500000, 0x0000000083500000, 0x0000000083600000|  0%| F|  |TAMS 0x0000000083500000, 0x0000000083500000| Untracked 
|  54|0x0000000083600000, 0x0000000083600000, 0x0000000083700000|  0%| F|  |TAMS 0x0000000083600000, 0x0000000083600000| Untracked 
|  55|0x0000000083700000, 0x0000000083700000, 0x0000000083800000|  0%| F|  |TAMS 0x0000000083700000, 0x0000000083700000| Untracked 
|  56|0x0000000083800000, 0x0000000083800000, 0x0000000083900000|  0%| F|  |TAMS 0x0000000083800000, 0x0000000083800000| Untracked 
|  57|0x0000000083900000, 0x0000000083900000, 0x0000000083a00000|  0%| F|  |TAMS 0x0000000083900000, 0x0000000083900000| Untracked 
|  58|0x0000000083a00000, 0x0000000083a00000, 0x0000000083b00000|  0%| F|  |TAMS 0x0000000083a00000, 0x0000000083a00000| Untracked 
|  59|0x0000000083b00000, 0x0000000083b00000, 0x0000000083c00000|  0%| F|  |TAMS 0x0000000083b00000, 0x0000000083b00000| Untracked 
|  60|0x0000000083c00000, 0x0000000083c00000, 0x0000000083d00000|  0%| F|  |TAMS 0x0000000083c00000, 0x0000000083c00000| Untracked 
|  61|0x0000000083d00000, 0x0000000083d00000, 0x0000000083e00000|  0%| F|  |TAMS 0x0000000083d00000, 0x0000000083d00000| Untracked 
|  62|0x0000000083e00000, 0x0000000083e00000, 0x0000000083f00000|  0%| F|  |TAMS 0x0000000083e00000, 0x0000000083e00000| Untracked 
|  63|0x0000000083f00000, 0x0000000083f00000, 0x0000000084000000|  0%| F|  |TAMS 0x0000000083f00000, 0x0000000083f00000| Untracked 
|  64|0x0000000084000000, 0x0000000084000000, 0x0000000084100000|  0%| F|  |TAMS 0x0000000084000000, 0x0000000084000000| Untracked 
|  65|0x0000000084100000, 0x0000000084100000, 0x0000000084200000|  0%| F|  |TAMS 0x0000000084100000, 0x0000000084100000| Untracked 
|  66|0x0000000084200000, 0x0000000084200000, 0x0000000084300000|  0%| F|  |TAMS 0x0000000084200000, 0x0000000084200000| Untracked 
|  67|0x0000000084300000, 0x0000000084300000, 0x0000000084400000|  0%| F|  |TAMS 0x0000000084300000, 0x0000000084300000| Untracked 
|  68|0x0000000084400000, 0x0000000084400000, 0x0000000084500000|  0%| F|  |TAMS 0x0000000084400000, 0x0000000084400000| Untracked 
|  69|0x0000000084500000, 0x0000000084500000, 0x0000000084600000|  0%| F|  |TAMS 0x0000000084500000, 0x0000000084500000| Untracked 
|  70|0x0000000084600000, 0x0000000084600000, 0x0000000084700000|  0%| F|  |TAMS 0x0000000084600000, 0x0000000084600000| Untracked 
|  71|0x0000000084700000, 0x0000000084700000, 0x0000000084800000|  0%| F|  |TAMS 0x0000000084700000, 0x0000000084700000| Untracked 
|  72|0x0000000084800000, 0x0000000084800000, 0x0000000084900000|  0%| F|  |TAMS 0x0000000084800000, 0x0000000084800000| Untracked 
|  73|0x0000000084900000, 0x0000000084900000, 0x0000000084a00000|  0%| F|  |TAMS 0x0000000084900000, 0x0000000084900000| Untracked 
|  74|0x0000000084a00000, 0x0000000084a00000, 0x0000000084b00000|  0%| F|  |TAMS 0x0000000084a00000, 0x0000000084a00000| Untracked 
|  75|0x0000000084b00000, 0x0000000084b00000, 0x0000000084c00000|  0%| F|  |TAMS 0x0000000084b00000, 0x0000000084b00000| Untracked 
|  76|0x0000000084c00000, 0x0000000084c00000, 0x0000000084d00000|  0%| F|  |TAMS 0x0000000084c00000, 0x0000000084c00000| Untracked 
|  77|0x0000000084d00000, 0x0000000084d00000, 0x0000000084e00000|  0%| F|  |TAMS 0x0000000084d00000, 0x0000000084d00000| Untracked 
|  78|0x0000000084e00000, 0x0000000084e00000, 0x0000000084f00000|  0%| F|  |TAMS 0x0000000084e00000, 0x0000000084e00000| Untracked 
|  79|0x0000000084f00000, 0x0000000084f00000, 0x0000000085000000|  0%| F|  |TAMS 0x0000000084f00000, 0x0000000084f00000| Untracked 
|  80|0x0000000085000000, 0x0000000085000000, 0x0000000085100000|  0%| F|  |TAMS 0x0000000085000000, 0x0000000085000000| Untracked 
|  81|0x0000000085100000, 0x0000000085100000, 0x0000000085200000|  0%| F|  |TAMS 0x0000000085100000, 0x0000000085100000| Untracked 
|  82|0x0000000085200000, 0x0000000085200000, 0x0000000085300000|  0%| F|  |TAMS 0x0000000085200000, 0x0000000085200000| Untracked 
|  83|0x0000000085300000, 0x0000000085300000, 0x0000000085400000|  0%| F|  |TAMS 0x0000000085300000, 0x0000000085300000| Untracked 
|  84|0x0000000085400000, 0x0000000085400000, 0x0000000085500000|  0%| F|  |TAMS 0x0000000085400000, 0x0000000085400000| Untracked 
|  85|0x0000000085500000, 0x0000000085500000, 0x0000000085600000|  0%| F|  |TAMS 0x0000000085500000, 0x0000000085500000| Untracked 
|  86|0x0000000085600000, 0x0000000085600000, 0x0000000085700000|  0%| F|  |TAMS 0x0000000085600000, 0x0000000085600000| Untracked 
|  87|0x0000000085700000, 0x0000000085700000, 0x0000000085800000|  0%| F|  |TAMS 0x0000000085700000, 0x0000000085700000| Untracked 
|  88|0x0000000085800000, 0x0000000085800000, 0x0000000085900000|  0%| F|  |TAMS 0x0000000085800000, 0x0000000085800000| Untracked 
|  89|0x0000000085900000, 0x0000000085900000, 0x0000000085a00000|  0%| F|  |TAMS 0x0000000085900000, 0x0000000085900000| Untracked 
|  90|0x0000000085a00000, 0x0000000085a00000, 0x0000000085b00000|  0%| F|  |TAMS 0x0000000085a00000, 0x0000000085a00000| Untracked 
|  91|0x0000000085b00000, 0x0000000085b00000, 0x0000000085c00000|  0%| F|  |TAMS 0x0000000085b00000, 0x0000000085b00000| Untracked 
|  92|0x0000000085c00000, 0x0000000085c00000, 0x0000000085d00000|  0%| F|  |TAMS 0x0000000085c00000, 0x0000000085c00000| Untracked 
|  93|0x0000000085d00000, 0x0000000085d00000, 0x0000000085e00000|  0%| F|  |TAMS 0x0000000085d00000, 0x0000000085d00000| Untracked 
|  94|0x0000000085e00000, 0x0000000085e00000, 0x0000000085f00000|  0%| F|  |TAMS 0x0000000085e00000, 0x0000000085e00000| Untracked 
|  95|0x0000000085f00000, 0x0000000085f00000, 0x0000000086000000|  0%| F|  |TAMS 0x0000000085f00000, 0x0000000085f00000| Untracked 
|  96|0x0000000086000000, 0x0000000086000000, 0x0000000086100000|  0%| F|  |TAMS 0x0000000086000000, 0x0000000086000000| Untracked 
|  97|0x0000000086100000, 0x0000000086100000, 0x0000000086200000|  0%| F|  |TAMS 0x0000000086100000, 0x0000000086100000| Untracked 
|  98|0x0000000086200000, 0x0000000086200000, 0x0000000086300000|  0%| F|  |TAMS 0x0000000086200000, 0x0000000086200000| Untracked 
|  99|0x0000000086300000, 0x0000000086300000, 0x0000000086400000|  0%| F|  |TAMS 0x0000000086300000, 0x0000000086300000| Untracked 
| 100|0x0000000086400000, 0x0000000086400000, 0x0000000086500000|  0%| F|  |TAMS 0x0000000086400000, 0x0000000086400000| Untracked 
| 101|0x0000000086500000, 0x0000000086500000, 0x0000000086600000|  0%| F|  |TAMS 0x0000000086500000, 0x0000000086500000| Untracked 
| 102|0x0000000086600000, 0x0000000086600000, 0x0000000086700000|  0%| F|  |TAMS 0x0000000086600000, 0x0000000086600000| Untracked 
| 103|0x0000000086700000, 0x0000000086700000, 0x0000000086800000|  0%| F|  |TAMS 0x0000000086700000, 0x0000000086700000| Untracked 
| 104|0x0000000086800000, 0x0000000086800000, 0x0000000086900000|  0%| F|  |TAMS 0x0000000086800000, 0x0000000086800000| Untracked 
| 105|0x0000000086900000, 0x0000000086900000, 0x0000000086a00000|  0%| F|  |TAMS 0x0000000086900000, 0x0000000086900000| Untracked 
| 106|0x0000000086a00000, 0x0000000086a00000, 0x0000000086b00000|  0%| F|  |TAMS 0x0000000086a00000, 0x0000000086a00000| Untracked 
| 107|0x0000000086b00000, 0x0000000086b00000, 0x0000000086c00000|  0%| F|  |TAMS 0x0000000086b00000, 0x0000000086b00000| Untracked 
| 108|0x0000000086c00000, 0x0000000086c00000, 0x0000000086d00000|  0%| F|  |TAMS 0x0000000086c00000, 0x0000000086c00000| Untracked 
| 109|0x0000000086d00000, 0x0000000086d00000, 0x0000000086e00000|  0%| F|  |TAMS 0x0000000086d00000, 0x0000000086d00000| Untracked 
| 110|0x0000000086e00000, 0x0000000086e00000, 0x0000000086f00000|  0%| F|  |TAMS 0x0000000086e00000, 0x0000000086e00000| Untracked 
| 111|0x0000000086f00000, 0x0000000086f00000, 0x0000000087000000|  0%| F|  |TAMS 0x0000000086f00000, 0x0000000086f00000| Untracked 
| 112|0x0000000087000000, 0x0000000087000000, 0x0000000087100000|  0%| F|  |TAMS 0x0000000087000000, 0x0000000087000000| Untracked 
| 113|0x0000000087100000, 0x0000000087100000, 0x0000000087200000|  0%| F|  |TAMS 0x0000000087100000, 0x0000000087100000| Untracked 
| 114|0x0000000087200000, 0x0000000087200000, 0x0000000087300000|  0%| F|  |TAMS 0x0000000087200000, 0x0000000087200000| Untracked 
| 115|0x0000000087300000, 0x0000000087300000, 0x0000000087400000|  0%| F|  |TAMS 0x0000000087300000, 0x0000000087300000| Untracked 
| 116|0x0000000087400000, 0x0000000087400000, 0x0000000087500000|  0%| F|  |TAMS 0x0000000087400000, 0x0000000087400000| Untracked 
| 117|0x0000000087500000, 0x0000000087500000, 0x0000000087600000|  0%| F|  |TAMS 0x0000000087500000, 0x0000000087500000| Untracked 
| 118|0x0000000087600000, 0x0000000087600000, 0x0000000087700000|  0%| F|  |TAMS 0x0000000087600000, 0x0000000087600000| Untracked 
| 119|0x0000000087700000, 0x0000000087700000, 0x0000000087800000|  0%| F|  |TAMS 0x0000000087700000, 0x0000000087700000| Untracked 
| 120|0x0000000087800000, 0x0000000087800000, 0x0000000087900000|  0%| F|  |TAMS 0x0000000087800000, 0x0000000087800000| Untracked 
| 121|0x0000000087900000, 0x0000000087900000, 0x0000000087a00000|  0%| F|  |TAMS 0x0000000087900000, 0x0000000087900000| Untracked 
| 122|0x0000000087a00000, 0x0000000087a00000, 0x0000000087b00000|  0%| F|  |TAMS 0x0000000087a00000, 0x0000000087a00000| Untracked 
| 123|0x0000000087b00000, 0x0000000087b00000, 0x0000000087c00000|  0%| F|  |TAMS 0x0000000087b00000, 0x0000000087b00000| Untracked 
| 124|0x0000000087c00000, 0x0000000087c00000, 0x0000000087d00000|  0%| F|  |TAMS 0x0000000087c00000, 0x0000000087c00000| Untracked 
| 125|0x0000000087d00000, 0x0000000087d00000, 0x0000000087e00000|  0%| F|  |TAMS 0x0000000087d00000, 0x0000000087d00000| Untracked 
| 126|0x0000000087e00000, 0x0000000087e00000, 0x0000000087f00000|  0%| F|  |TAMS 0x0000000087e00000, 0x0000000087e00000| Untracked 
| 127|0x0000000087f00000, 0x0000000087f00000, 0x0000000088000000|  0%| F|  |TAMS 0x0000000087f00000, 0x0000000087f00000| Untracked 
| 128|0x0000000088000000, 0x0000000088000000, 0x0000000088100000|  0%| F|  |TAMS 0x0000000088000000, 0x0000000088000000| Untracked 
| 129|0x0000000088100000, 0x0000000088100000, 0x0000000088200000|  0%| F|  |TAMS 0x0000000088100000, 0x0000000088100000| Untracked 
| 130|0x0000000088200000, 0x0000000088200000, 0x0000000088300000|  0%| F|  |TAMS 0x0000000088200000, 0x0000000088200000| Untracked 
| 131|0x0000000088300000, 0x0000000088300000, 0x0000000088400000|  0%| F|  |TAMS 0x0000000088300000, 0x0000000088300000| Untracked 
| 132|0x0000000088400000, 0x0000000088400000, 0x0000000088500000|  0%| F|  |TAMS 0x0000000088400000, 0x0000000088400000| Untracked 
| 133|0x0000000088500000, 0x0000000088500000, 0x0000000088600000|  0%| F|  |TAMS 0x0000000088500000, 0x0000000088500000| Untracked 
| 134|0x0000000088600000, 0x0000000088600000, 0x0000000088700000|  0%| F|  |TAMS 0x0000000088600000, 0x0000000088600000| Untracked 
| 135|0x0000000088700000, 0x0000000088700000, 0x0000000088800000|  0%| F|  |TAMS 0x0000000088700000, 0x0000000088700000| Untracked 
| 136|0x0000000088800000, 0x0000000088800000, 0x0000000088900000|  0%| F|  |TAMS 0x0000000088800000, 0x0000000088800000| Untracked 
| 137|0x0000000088900000, 0x0000000088900000, 0x0000000088a00000|  0%| F|  |TAMS 0x0000000088900000, 0x0000000088900000| Untracked 
| 138|0x0000000088a00000, 0x0000000088a00000, 0x0000000088b00000|  0%| F|  |TAMS 0x0000000088a00000, 0x0000000088a00000| Untracked 
| 139|0x0000000088b00000, 0x0000000088b00000, 0x0000000088c00000|  0%| F|  |TAMS 0x0000000088b00000, 0x0000000088b00000| Untracked 
| 140|0x0000000088c00000, 0x0000000088c00000, 0x0000000088d00000|  0%| F|  |TAMS 0x0000000088c00000, 0x0000000088c00000| Untracked 
| 141|0x0000000088d00000, 0x0000000088d00000, 0x0000000088e00000|  0%| F|  |TAMS 0x0000000088d00000, 0x0000000088d00000| Untracked 
| 142|0x0000000088e00000, 0x0000000088e00000, 0x0000000088f00000|  0%| F|  |TAMS 0x0000000088e00000, 0x0000000088e00000| Untracked 
| 143|0x0000000088f00000, 0x0000000088f00000, 0x0000000089000000|  0%| F|  |TAMS 0x0000000088f00000, 0x0000000088f00000| Untracked 
| 144|0x0000000089000000, 0x0000000089000000, 0x0000000089100000|  0%| F|  |TAMS 0x0000000089000000, 0x0000000089000000| Untracked 
| 145|0x0000000089100000, 0x0000000089100000, 0x0000000089200000|  0%| F|  |TAMS 0x0000000089100000, 0x0000000089100000| Untracked 
| 146|0x0000000089200000, 0x0000000089200000, 0x0000000089300000|  0%| F|  |TAMS 0x0000000089200000, 0x0000000089200000| Untracked 
| 147|0x0000000089300000, 0x0000000089300000, 0x0000000089400000|  0%| F|  |TAMS 0x0000000089300000, 0x0000000089300000| Untracked 
| 148|0x0000000089400000, 0x0000000089400000, 0x0000000089500000|  0%| F|  |TAMS 0x0000000089400000, 0x0000000089400000| Untracked 
| 149|0x0000000089500000, 0x0000000089500000, 0x0000000089600000|  0%| F|  |TAMS 0x0000000089500000, 0x0000000089500000| Untracked 
| 150|0x0000000089600000, 0x0000000089600000, 0x0000000089700000|  0%| F|  |TAMS 0x0000000089600000, 0x0000000089600000| Untracked 
| 151|0x0000000089700000, 0x0000000089700000, 0x0000000089800000|  0%| F|  |TAMS 0x0000000089700000, 0x0000000089700000| Untracked 
| 152|0x0000000089800000, 0x0000000089800000, 0x0000000089900000|  0%| F|  |TAMS 0x0000000089800000, 0x0000000089800000| Untracked 
| 153|0x0000000089900000, 0x0000000089900000, 0x0000000089a00000|  0%| F|  |TAMS 0x0000000089900000, 0x0000000089900000| Untracked 
| 154|0x0000000089a00000, 0x0000000089a00000, 0x0000000089b00000|  0%| F|  |TAMS 0x0000000089a00000, 0x0000000089a00000| Untracked 
| 155|0x0000000089b00000, 0x0000000089b00000, 0x0000000089c00000|  0%| F|  |TAMS 0x0000000089b00000, 0x0000000089b00000| Untracked 
| 156|0x0000000089c00000, 0x0000000089c00000, 0x0000000089d00000|  0%| F|  |TAMS 0x0000000089c00000, 0x0000000089c00000| Untracked 
| 157|0x0000000089d00000, 0x0000000089d00000, 0x0000000089e00000|  0%| F|  |TAMS 0x0000000089d00000, 0x0000000089d00000| Untracked 
| 158|0x0000000089e00000, 0x0000000089e00000, 0x0000000089f00000|  0%| F|  |TAMS 0x0000000089e00000, 0x0000000089e00000| Untracked 
| 159|0x0000000089f00000, 0x0000000089f00000, 0x000000008a000000|  0%| F|  |TAMS 0x0000000089f00000, 0x0000000089f00000| Untracked 
| 160|0x000000008a000000, 0x000000008a000000, 0x000000008a100000|  0%| F|  |TAMS 0x000000008a000000, 0x000000008a000000| Untracked 
| 161|0x000000008a100000, 0x000000008a100000, 0x000000008a200000|  0%| F|  |TAMS 0x000000008a100000, 0x000000008a100000| Untracked 
| 162|0x000000008a200000, 0x000000008a200000, 0x000000008a300000|  0%| F|  |TAMS 0x000000008a200000, 0x000000008a200000| Untracked 
| 163|0x000000008a300000, 0x000000008a300000, 0x000000008a400000|  0%| F|  |TAMS 0x000000008a300000, 0x000000008a300000| Untracked 
| 164|0x000000008a400000, 0x000000008a400000, 0x000000008a500000|  0%| F|  |TAMS 0x000000008a400000, 0x000000008a400000| Untracked 
| 165|0x000000008a500000, 0x000000008a500000, 0x000000008a600000|  0%| F|  |TAMS 0x000000008a500000, 0x000000008a500000| Untracked 
| 166|0x000000008a600000, 0x000000008a600000, 0x000000008a700000|  0%| F|  |TAMS 0x000000008a600000, 0x000000008a600000| Untracked 
| 167|0x000000008a700000, 0x000000008a700000, 0x000000008a800000|  0%| F|  |TAMS 0x000000008a700000, 0x000000008a700000| Untracked 
| 168|0x000000008a800000, 0x000000008a800000, 0x000000008a900000|  0%| F|  |TAMS 0x000000008a800000, 0x000000008a800000| Untracked 
| 169|0x000000008a900000, 0x000000008a900000, 0x000000008aa00000|  0%| F|  |TAMS 0x000000008a900000, 0x000000008a900000| Untracked 
| 170|0x000000008aa00000, 0x000000008aa00000, 0x000000008ab00000|  0%| F|  |TAMS 0x000000008aa00000, 0x000000008aa00000| Untracked 
| 171|0x000000008ab00000, 0x000000008ab00000, 0x000000008ac00000|  0%| F|  |TAMS 0x000000008ab00000, 0x000000008ab00000| Untracked 
| 172|0x000000008ac00000, 0x000000008ac00000, 0x000000008ad00000|  0%| F|  |TAMS 0x000000008ac00000, 0x000000008ac00000| Untracked 
| 173|0x000000008ad00000, 0x000000008ad00000, 0x000000008ae00000|  0%| F|  |TAMS 0x000000008ad00000, 0x000000008ad00000| Untracked 
| 174|0x000000008ae00000, 0x000000008ae00000, 0x000000008af00000|  0%| F|  |TAMS 0x000000008ae00000, 0x000000008ae00000| Untracked 
| 175|0x000000008af00000, 0x000000008af00000, 0x000000008b000000|  0%| F|  |TAMS 0x000000008af00000, 0x000000008af00000| Untracked 
| 176|0x000000008b000000, 0x000000008b000000, 0x000000008b100000|  0%| F|  |TAMS 0x000000008b000000, 0x000000008b000000| Untracked 
| 177|0x000000008b100000, 0x000000008b100000, 0x000000008b200000|  0%| F|  |TAMS 0x000000008b100000, 0x000000008b100000| Untracked 
| 178|0x000000008b200000, 0x000000008b200000, 0x000000008b300000|  0%| F|  |TAMS 0x000000008b200000, 0x000000008b200000| Untracked 
| 179|0x000000008b300000, 0x000000008b300000, 0x000000008b400000|  0%| F|  |TAMS 0x000000008b300000, 0x000000008b300000| Untracked 
| 180|0x000000008b400000, 0x000000008b400000, 0x000000008b500000|  0%| F|  |TAMS 0x000000008b400000, 0x000000008b400000| Untracked 
| 181|0x000000008b500000, 0x000000008b500000, 0x000000008b600000|  0%| F|  |TAMS 0x000000008b500000, 0x000000008b500000| Untracked 
| 182|0x000000008b600000, 0x000000008b600000, 0x000000008b700000|  0%| F|  |TAMS 0x000000008b600000, 0x000000008b600000| Untracked 
| 183|0x000000008b700000, 0x000000008b700000, 0x000000008b800000|  0%| F|  |TAMS 0x000000008b700000, 0x000000008b700000| Untracked 
| 184|0x000000008b800000, 0x000000008b800000, 0x000000008b900000|  0%| F|  |TAMS 0x000000008b800000, 0x000000008b800000| Untracked 
| 185|0x000000008b900000, 0x000000008b900000, 0x000000008ba00000|  0%| F|  |TAMS 0x000000008b900000, 0x000000008b900000| Untracked 
| 186|0x000000008ba00000, 0x000000008ba00000, 0x000000008bb00000|  0%| F|  |TAMS 0x000000008ba00000, 0x000000008ba00000| Untracked 
| 187|0x000000008bb00000, 0x000000008bb00000, 0x000000008bc00000|  0%| F|  |TAMS 0x000000008bb00000, 0x000000008bb00000| Untracked 
| 188|0x000000008bc00000, 0x000000008bc00000, 0x000000008bd00000|  0%| F|  |TAMS 0x000000008bc00000, 0x000000008bc00000| Untracked 
| 189|0x000000008bd00000, 0x000000008bd00000, 0x000000008be00000|  0%| F|  |TAMS 0x000000008bd00000, 0x000000008bd00000| Untracked 
| 190|0x000000008be00000, 0x000000008be00000, 0x000000008bf00000|  0%| F|  |TAMS 0x000000008be00000, 0x000000008be00000| Untracked 
| 191|0x000000008bf00000, 0x000000008bf00000, 0x000000008c000000|  0%| F|  |TAMS 0x000000008bf00000, 0x000000008bf00000| Untracked 
| 192|0x000000008c000000, 0x000000008c000000, 0x000000008c100000|  0%| F|  |TAMS 0x000000008c000000, 0x000000008c000000| Untracked 
| 193|0x000000008c100000, 0x000000008c100000, 0x000000008c200000|  0%| F|  |TAMS 0x000000008c100000, 0x000000008c100000| Untracked 
| 194|0x000000008c200000, 0x000000008c200000, 0x000000008c300000|  0%| F|  |TAMS 0x000000008c200000, 0x000000008c200000| Untracked 
| 195|0x000000008c300000, 0x000000008c300000, 0x000000008c400000|  0%| F|  |TAMS 0x000000008c300000, 0x000000008c300000| Untracked 
| 196|0x000000008c400000, 0x000000008c400000, 0x000000008c500000|  0%| F|  |TAMS 0x000000008c400000, 0x000000008c400000| Untracked 
| 197|0x000000008c500000, 0x000000008c500000, 0x000000008c600000|  0%| F|  |TAMS 0x000000008c500000, 0x000000008c500000| Untracked 
| 198|0x000000008c600000, 0x000000008c600000, 0x000000008c700000|  0%| F|  |TAMS 0x000000008c600000, 0x000000008c600000| Untracked 
| 199|0x000000008c700000, 0x000000008c700000, 0x000000008c800000|  0%| F|  |TAMS 0x000000008c700000, 0x000000008c700000| Untracked 
| 200|0x000000008c800000, 0x000000008c800000, 0x000000008c900000|  0%| F|  |TAMS 0x000000008c800000, 0x000000008c800000| Untracked 
| 201|0x000000008c900000, 0x000000008c900000, 0x000000008ca00000|  0%| F|  |TAMS 0x000000008c900000, 0x000000008c900000| Untracked 
| 202|0x000000008ca00000, 0x000000008ca00000, 0x000000008cb00000|  0%| F|  |TAMS 0x000000008ca00000, 0x000000008ca00000| Untracked 
| 203|0x000000008cb00000, 0x000000008cb00000, 0x000000008cc00000|  0%| F|  |TAMS 0x000000008cb00000, 0x000000008cb00000| Untracked 
| 204|0x000000008cc00000, 0x000000008cc00000, 0x000000008cd00000|  0%| F|  |TAMS 0x000000008cc00000, 0x000000008cc00000| Untracked 
| 205|0x000000008cd00000, 0x000000008cd00000, 0x000000008ce00000|  0%| F|  |TAMS 0x000000008cd00000, 0x000000008cd00000| Untracked 
| 206|0x000000008ce00000, 0x000000008ce00000, 0x000000008cf00000|  0%| F|  |TAMS 0x000000008ce00000, 0x000000008ce00000| Untracked 
| 207|0x000000008cf00000, 0x000000008cf00000, 0x000000008d000000|  0%| F|  |TAMS 0x000000008cf00000, 0x000000008cf00000| Untracked 
| 208|0x000000008d000000, 0x000000008d000000, 0x000000008d100000|  0%| F|  |TAMS 0x000000008d000000, 0x000000008d000000| Untracked 
| 209|0x000000008d100000, 0x000000008d100000, 0x000000008d200000|  0%| F|  |TAMS 0x000000008d100000, 0x000000008d100000| Untracked 
| 210|0x000000008d200000, 0x000000008d200000, 0x000000008d300000|  0%| F|  |TAMS 0x000000008d200000, 0x000000008d200000| Untracked 
| 211|0x000000008d300000, 0x000000008d300000, 0x000000008d400000|  0%| F|  |TAMS 0x000000008d300000, 0x000000008d300000| Untracked 
| 212|0x000000008d400000, 0x000000008d400000, 0x000000008d500000|  0%| F|  |TAMS 0x000000008d400000, 0x000000008d400000| Untracked 
| 213|0x000000008d500000, 0x000000008d500000, 0x000000008d600000|  0%| F|  |TAMS 0x000000008d500000, 0x000000008d500000| Untracked 
| 214|0x000000008d600000, 0x000000008d600000, 0x000000008d700000|  0%| F|  |TAMS 0x000000008d600000, 0x000000008d600000| Untracked 
| 215|0x000000008d700000, 0x000000008d700000, 0x000000008d800000|  0%| F|  |TAMS 0x000000008d700000, 0x000000008d700000| Untracked 
| 216|0x000000008d800000, 0x000000008d800000, 0x000000008d900000|  0%| F|  |TAMS 0x000000008d800000, 0x000000008d800000| Untracked 
| 217|0x000000008d900000, 0x000000008d900000, 0x000000008da00000|  0%| F|  |TAMS 0x000000008d900000, 0x000000008d900000| Untracked 
| 218|0x000000008da00000, 0x000000008da00000, 0x000000008db00000|  0%| F|  |TAMS 0x000000008da00000, 0x000000008da00000| Untracked 
| 219|0x000000008db00000, 0x000000008db00000, 0x000000008dc00000|  0%| F|  |TAMS 0x000000008db00000, 0x000000008db00000| Untracked 
| 220|0x000000008dc00000, 0x000000008dc00000, 0x000000008dd00000|  0%| F|  |TAMS 0x000000008dc00000, 0x000000008dc00000| Untracked 
| 221|0x000000008dd00000, 0x000000008dd00000, 0x000000008de00000|  0%| F|  |TAMS 0x000000008dd00000, 0x000000008dd00000| Untracked 
| 222|0x000000008de00000, 0x000000008de00000, 0x000000008df00000|  0%| F|  |TAMS 0x000000008de00000, 0x000000008de00000| Untracked 
| 223|0x000000008df00000, 0x000000008df00000, 0x000000008e000000|  0%| F|  |TAMS 0x000000008df00000, 0x000000008df00000| Untracked 
| 224|0x000000008e000000, 0x000000008e000000, 0x000000008e100000|  0%| F|  |TAMS 0x000000008e000000, 0x000000008e000000| Untracked 
| 225|0x000000008e100000, 0x000000008e100000, 0x000000008e200000|  0%| F|  |TAMS 0x000000008e100000, 0x000000008e100000| Untracked 
| 226|0x000000008e200000, 0x000000008e200000, 0x000000008e300000|  0%| F|  |TAMS 0x000000008e200000, 0x000000008e200000| Untracked 
| 227|0x000000008e300000, 0x000000008e300000, 0x000000008e400000|  0%| F|  |TAMS 0x000000008e300000, 0x000000008e300000| Untracked 
| 228|0x000000008e400000, 0x000000008e400000, 0x000000008e500000|  0%| F|  |TAMS 0x000000008e400000, 0x000000008e400000| Untracked 
| 229|0x000000008e500000, 0x000000008e500000, 0x000000008e600000|  0%| F|  |TAMS 0x000000008e500000, 0x000000008e500000| Untracked 
| 230|0x000000008e600000, 0x000000008e600000, 0x000000008e700000|  0%| F|  |TAMS 0x000000008e600000, 0x000000008e600000| Untracked 
| 231|0x000000008e700000, 0x000000008e700000, 0x000000008e800000|  0%| F|  |TAMS 0x000000008e700000, 0x000000008e700000| Untracked 
| 232|0x000000008e800000, 0x000000008e800000, 0x000000008e900000|  0%| F|  |TAMS 0x000000008e800000, 0x000000008e800000| Untracked 
| 233|0x000000008e900000, 0x000000008e900000, 0x000000008ea00000|  0%| F|  |TAMS 0x000000008e900000, 0x000000008e900000| Untracked 
| 234|0x000000008ea00000, 0x000000008ea00000, 0x000000008eb00000|  0%| F|  |TAMS 0x000000008ea00000, 0x000000008ea00000| Untracked 
| 235|0x000000008eb00000, 0x000000008eb00000, 0x000000008ec00000|  0%| F|  |TAMS 0x000000008eb00000, 0x000000008eb00000| Untracked 
| 236|0x000000008ec00000, 0x000000008ec00000, 0x000000008ed00000|  0%| F|  |TAMS 0x000000008ec00000, 0x000000008ec00000| Untracked 
| 237|0x000000008ed00000, 0x000000008ed00000, 0x000000008ee00000|  0%| F|  |TAMS 0x000000008ed00000, 0x000000008ed00000| Untracked 
| 238|0x000000008ee00000, 0x000000008ee00000, 0x000000008ef00000|  0%| F|  |TAMS 0x000000008ee00000, 0x000000008ee00000| Untracked 
| 239|0x000000008ef00000, 0x000000008ef00000, 0x000000008f000000|  0%| F|  |TAMS 0x000000008ef00000, 0x000000008ef00000| Untracked 
| 240|0x000000008f000000, 0x000000008f000000, 0x000000008f100000|  0%| F|  |TAMS 0x000000008f000000, 0x000000008f000000| Untracked 
| 241|0x000000008f100000, 0x000000008f100000, 0x000000008f200000|  0%| F|  |TAMS 0x000000008f100000, 0x000000008f100000| Untracked 
| 242|0x000000008f200000, 0x000000008f200000, 0x000000008f300000|  0%| F|  |TAMS 0x000000008f200000, 0x000000008f200000| Untracked 
| 243|0x000000008f300000, 0x000000008f300000, 0x000000008f400000|  0%| F|  |TAMS 0x000000008f300000, 0x000000008f300000| Untracked 
| 244|0x000000008f400000, 0x000000008f400000, 0x000000008f500000|  0%| F|  |TAMS 0x000000008f400000, 0x000000008f400000| Untracked 
| 245|0x000000008f500000, 0x000000008f500000, 0x000000008f600000|  0%| F|  |TAMS 0x000000008f500000, 0x000000008f500000| Untracked 
| 246|0x000000008f600000, 0x000000008f6d2280, 0x000000008f700000| 82%| S|CS|TAMS 0x000000008f600000, 0x000000008f600000| Complete 
| 247|0x000000008f700000, 0x000000008f800000, 0x000000008f800000|100%| E|  |TAMS 0x000000008f700000, 0x000000008f700000| Complete 
| 248|0x000000008f800000, 0x000000008f900000, 0x000000008f900000|100%| E|CS|TAMS 0x000000008f800000, 0x000000008f800000| Complete 
| 249|0x000000008f900000, 0x000000008fa00000, 0x000000008fa00000|100%| E|CS|TAMS 0x000000008f900000, 0x000000008f900000| Complete 
| 250|0x000000008fa00000, 0x000000008fb00000, 0x000000008fb00000|100%| E|CS|TAMS 0x000000008fa00000, 0x000000008fa00000| Complete 
| 251|0x000000008fb00000, 0x000000008fc00000, 0x000000008fc00000|100%| E|CS|TAMS 0x000000008fb00000, 0x000000008fb00000| Complete 
| 252|0x000000008fc00000, 0x000000008fd00000, 0x000000008fd00000|100%| E|CS|TAMS 0x000000008fc00000, 0x000000008fc00000| Complete 
| 253|0x000000008fd00000, 0x000000008fe00000, 0x000000008fe00000|100%| E|CS|TAMS 0x000000008fd00000, 0x000000008fd00000| Complete 
| 254|0x000000008fe00000, 0x000000008ff00000, 0x000000008ff00000|100%| E|CS|TAMS 0x000000008fe00000, 0x000000008fe00000| Complete 
| 255|0x000000008ff00000, 0x0000000090000000, 0x0000000090000000|100%| E|CS|TAMS 0x000000008ff00000, 0x000000008ff00000| Complete 

Card table byte_map: [0x000001bf5a240000,0x000001bf5a640000] _byte_map_base: 0x000001bf59e40000

Marking Bits (Prev, Next): (CMBitMap*) 0x000001bf46e29850, (CMBitMap*) 0x000001bf46e29818
 Prev Bits: [0x000001bf5ca40000, 0x000001bf5ea40000)
 Next Bits: [0x000001bf5aa40000, 0x000001bf5ca40000)

Polling page: 0x000001bf44de0000

Metaspace:

Usage:
  Non-class:     19.38 MB capacity,    19.09 MB ( 99%) used,   255.18 KB (  1%) free+waste,    39.19 KB ( <1%) overhead. 
      Class:      2.94 MB capacity,     2.78 MB ( 95%) used,   140.77 KB (  5%) free+waste,    19.56 KB ( <1%) overhead. 
       Both:     22.32 MB capacity,    21.88 MB ( 98%) used,   395.95 KB (  2%) free+waste,    58.75 KB ( <1%) overhead. 

Virtual space:
  Non-class space:       20.00 MB reserved,      19.67 MB ( 98%) committed 
      Class space:        1.00 GB reserved,       3.00 MB ( <1%) committed 
             Both:        1.02 GB reserved,      22.67 MB (  2%) committed 

Chunk freelists:
   Non-Class:  59.00 KB
       Class:  28.00 KB
        Both:  87.00 KB

MaxMetaspaceSize: 17179869184.00 GB
CompressedClassSpaceSize: 1.00 GB

CodeHeap 'non-profiled nmethods': size=120000Kb used=988Kb max_used=988Kb free=119011Kb
 bounds [0x000001bf523b0000, 0x000001bf52620000, 0x000001bf598e0000]
CodeHeap 'profiled nmethods': size=120000Kb used=4144Kb max_used=4144Kb free=115855Kb
 bounds [0x000001bf4ae80000, 0x000001bf4b290000, 0x000001bf523b0000]
CodeHeap 'non-nmethods': size=5760Kb used=1149Kb max_used=1165Kb free=4610Kb
 bounds [0x000001bf4a8e0000, 0x000001bf4ab50000, 0x000001bf4ae80000]
 total_blobs=2465 nmethods=1979 adapters=397
 compilation: enabled
              stopped_count=0, restarted_count=0
 full_count=0

Compilation events (20 events):
Event: 2.272 Thread 0x000001bf61fc4800 1961       3       java.lang.invoke.TypeConvertingMethodAdapter::cast (42 bytes)
Event: 2.272 Thread 0x000001bf61fc4800 nmethod 1961 0x000001bf4b279610 code [0x000001bf4b279820, 0x000001bf4b279c88]
Event: 2.277 Thread 0x000001bf61fc4800 1962       3       java.lang.ClassLoader::definePackage (53 bytes)
Event: 2.277 Thread 0x000001bf61fc4800 nmethod 1962 0x000001bf4b279e10 code [0x000001bf4b27a020, 0x000001bf4b27a558]
Event: 2.297 Thread 0x000001bf61fc4800 1963       3       java.lang.reflect.Executable::getGenericParameterTypes (20 bytes)
Event: 2.297 Thread 0x000001bf61fc4800 nmethod 1963 0x000001bf4b27a810 code [0x000001bf4b27aa20, 0x000001bf4b27b108]
Event: 2.300 Thread 0x000001bf61fc4800 1964       3       org.gradle.internal.service.DefaultServiceRegistry$FactoryService::<init> (7 bytes)
Event: 2.300 Thread 0x000001bf61fc4800 nmethod 1964 0x000001bf4b27b290 code [0x000001bf4b27b4c0, 0x000001bf4b27bd08]
Event: 2.301 Thread 0x000001bf61fc4800 1965       3       org.gradle.internal.service.DefaultServiceRegistry$SingletonService::getAll (23 bytes)
Event: 2.301 Thread 0x000001bf61fc4800 nmethod 1965 0x000001bf4b27bf90 code [0x000001bf4b27c160, 0x000001bf4b27c3e8]
Event: 2.306 Thread 0x000001bf61fc4800 1967       3       jdk.internal.org.objectweb.asm.AnnotationVisitor::<init> (35 bytes)
Event: 2.307 Thread 0x000001bf61fc4800 nmethod 1967 0x000001bf4b27c510 code [0x000001bf4b27c6e0, 0x000001bf4b27c9c8]
Event: 2.307 Thread 0x000001bf61fc4800 1968       3       jdk.internal.org.objectweb.asm.AnnotationWriter::visitEnd (43 bytes)
Event: 2.307 Thread 0x000001bf61fc4800 nmethod 1968 0x000001bf4b27cb10 code [0x000001bf4b27ccc0, 0x000001bf4b27ce58]
Event: 2.313 Thread 0x000001bf61fc4800 1970       3       java.util.concurrent.locks.AbstractQueuedSynchronizer::release (33 bytes)
Event: 2.314 Thread 0x000001bf61fc4800 nmethod 1970 0x000001bf4b27cf90 code [0x000001bf4b27d160, 0x000001bf4b27d438]
Event: 2.319 Thread 0x000001bf61fc4800 1971   !   3       org.gradle.internal.classloader.TransformingClassLoader::findClass (203 bytes)
Event: 2.320 Thread 0x000001bf61fc4800 nmethod 1971 0x000001bf4b27d510 code [0x000001bf4b27da60, 0x000001bf4b280378]
Event: 2.320 Thread 0x000001bf61fc4800 1972       3       org.gradle.initialization.MixInLegacyTypesClassLoader::shouldTransform (42 bytes)
Event: 2.320 Thread 0x000001bf61fc4800 nmethod 1972 0x000001bf4b281390 code [0x000001bf4b281580, 0x000001bf4b281978]

GC Heap History (6 events):
Event: 0.545 GC heap before
{Heap before GC invocations=0 (full 0):
 garbage-first heap   total 262144K, used 29696K [0x0000000080000000, 0x0000000100000000)
  region size 1024K, 24 young (24576K), 0 survivors (0K)
 Metaspace       used 10172K, capacity 10403K, committed 10624K, reserved 1058816K
  class space    used 1062K, capacity 1106K, committed 1152K, reserved 1048576K
}
Event: 0.548 GC heap after
{Heap after GC invocations=1 (full 0):
 garbage-first heap   total 262144K, used 9515K [0x0000000080000000, 0x0000000100000000)
  region size 1024K, 3 young (3072K), 3 survivors (3072K)
 Metaspace       used 10172K, capacity 10403K, committed 10624K, reserved 1058816K
  class space    used 1062K, capacity 1106K, committed 1152K, reserved 1048576K
}
Event: 2.140 GC heap before
{Heap before GC invocations=1 (full 0):
 garbage-first heap   total 262144K, used 108843K [0x0000000080000000, 0x0000000100000000)
  region size 1024K, 101 young (103424K), 3 survivors (3072K)
 Metaspace       used 20635K, capacity 21116K, committed 21296K, reserved 1069056K
  class space    used 2534K, capacity 2660K, committed 2688K, reserved 1048576K
}
Event: 2.149 GC heap after
{Heap after GC invocations=2 (full 0):
 garbage-first heap   total 262144K, used 17601K [0x0000000080000000, 0x0000000100000000)
  region size 1024K, 11 young (11264K), 11 survivors (11264K)
 Metaspace       used 20635K, capacity 21116K, committed 21296K, reserved 1069056K
  class space    used 2534K, capacity 2660K, committed 2688K, reserved 1048576K
}
Event: 2.284 GC heap before
{Heap before GC invocations=3 (full 0):
 garbage-first heap   total 262144K, used 26817K [0x0000000080000000, 0x0000000100000000)
  region size 1024K, 20 young (20480K), 11 survivors (11264K)
 Metaspace       used 21815K, capacity 22402K, committed 22704K, reserved 1069056K
  class space    used 2745K, capacity 2945K, committed 3072K, reserved 1048576K
}
Event: 2.288 GC heap after
{Heap after GC invocations=4 (full 0):
 garbage-first heap   total 262144K, used 17839K [0x0000000080000000, 0x0000000100000000)
  region size 1024K, 1 young (1024K), 1 survivors (1024K)
 Metaspace       used 21815K, capacity 22402K, committed 22704K, reserved 1069056K
  class space    used 2745K, capacity 2945K, committed 3072K, reserved 1048576K
}

Deoptimization events (20 events):
Event: 2.119 Thread 0x000001bf64297800 Uncommon trap: trap_request=0xffffffc6 fr.pc=0x000001bf5242c0a4 relative=0x0000000000000084
Event: 2.119 Thread 0x000001bf64297800 Uncommon trap: reason=bimorphic_or_optimized_type_check action=maybe_recompile pc=0x000001bf5242c0a4 method=java.util.AbstractList$Itr.hasNext()Z @ 8 c2
Event: 2.119 Thread 0x000001bf64297800 DEOPT PACKING pc=0x000001bf5242c0a4 sp=0x000000498a5fa890
Event: 2.119 Thread 0x000001bf64297800 DEOPT UNPACKING pc=0x000001bf4a90662f sp=0x000000498a5fa828 mode 2
Event: 2.119 Thread 0x000001bf64297800 Uncommon trap: trap_request=0xffffffc6 fr.pc=0x000001bf5242d5f4 relative=0x0000000000000134
Event: 2.119 Thread 0x000001bf64297800 Uncommon trap: reason=bimorphic_or_optimized_type_check action=maybe_recompile pc=0x000001bf5242d5f4 method=java.util.AbstractList$Itr.next()Ljava/lang/Object; @ 14 c2
Event: 2.119 Thread 0x000001bf64297800 DEOPT PACKING pc=0x000001bf5242d5f4 sp=0x000000498a5fa880
Event: 2.119 Thread 0x000001bf64297800 DEOPT UNPACKING pc=0x000001bf4a90662f sp=0x000000498a5fa818 mode 2
Event: 2.120 Thread 0x000001bf64297800 Uncommon trap: trap_request=0xffffff4d fr.pc=0x000001bf52423ef8 relative=0x00000000000005b8
Event: 2.120 Thread 0x000001bf64297800 Uncommon trap: reason=unstable_if action=reinterpret pc=0x000001bf52423ef8 method=java.io.File.getName()Ljava/lang/String; @ 16 c2
Event: 2.120 Thread 0x000001bf64297800 DEOPT PACKING pc=0x000001bf52423ef8 sp=0x000000498a5fb250
Event: 2.120 Thread 0x000001bf64297800 DEOPT UNPACKING pc=0x000001bf4a90662f sp=0x000000498a5fb220 mode 2
Event: 2.120 Thread 0x000001bf64297800 Uncommon trap: trap_request=0xffffff4d fr.pc=0x000001bf52424890 relative=0x0000000000000450
Event: 2.120 Thread 0x000001bf64297800 Uncommon trap: reason=unstable_if action=reinterpret pc=0x000001bf52424890 method=java.lang.String.substring(I)Ljava/lang/String; @ 34 c2
Event: 2.120 Thread 0x000001bf64297800 DEOPT PACKING pc=0x000001bf52424890 sp=0x000000498a5fb1d0
Event: 2.120 Thread 0x000001bf64297800 DEOPT UNPACKING pc=0x000001bf4a90662f sp=0x000000498a5fb1a8 mode 2
Event: 2.264 Thread 0x000001bf64297800 Uncommon trap: trap_request=0xffffffcc fr.pc=0x000001bf5249ec78 relative=0x00000000000002b8
Event: 2.264 Thread 0x000001bf64297800 Uncommon trap: reason=intrinsic_or_type_checked_inlining action=make_not_entrant pc=0x000001bf5249ec78 method=java.util.Arrays.copyOf([Ljava/lang/Object;ILjava/lang/Class;)[Ljava/lang/Object; @ 35 c2
Event: 2.264 Thread 0x000001bf64297800 DEOPT PACKING pc=0x000001bf5249ec78 sp=0x000000498a5fb8b0
Event: 2.264 Thread 0x000001bf64297800 DEOPT UNPACKING pc=0x000001bf4a90662f sp=0x000000498a5fb840 mode 2

Classes redefined (0 events):
No events

Internal exceptions (20 events):
Event: 0.392 Thread 0x000001bf46de4800 Exception <a 'java/lang/NoSuchMethodError'{0x000000008edbff68}: 'void java.lang.invoke.DelegatingMethodHandle$Holder.delegate(java.lang.Object, java.lang.Object, int, java.lang.Object)'> (0x000000008edbff68) thrown at [./src/hotspot/share/interpreter/linkResolver.cpp, line 773]
Event: 0.749 Thread 0x000001bf46de4800 Exception <a 'java/security/PrivilegedActionException'{0x000000008d9c6d40}> (0x000000008d9c6d40) thrown at [./src/hotspot/share/prims/jvm.cpp, line 1306]
Event: 0.749 Thread 0x000001bf46de4800 Exception <a 'java/security/PrivilegedActionException'{0x000000008d9c72b8}> (0x000000008d9c72b8) thrown at [./src/hotspot/share/prims/jvm.cpp, line 1306]
Event: 0.893 Thread 0x000001bf46de4800 Exception <a 'java/lang/NoSuchMethodError'{0x000000008c733528}: 'java.lang.Object java.lang.invoke.DirectMethodHandle$Holder.invokeStaticInit(java.lang.Object, java.lang.Object, java.lang.Object)'> (0x000000008c733528) thrown at [./src/hotspot/share/interpreter/linkResolver.cpp, line 773]
Event: 1.005 Thread 0x000001bf46de4800 Exception <a 'java/lang/NoSuchMethodError'{0x000000008c1a2c38}: 'java.lang.Object java.lang.invoke.DirectMethodHandle$Holder.invokeStaticInit(java.lang.Object, int, int, int, int)'> (0x000000008c1a2c38) thrown at [./src/hotspot/share/interpreter/linkResolver.cpp, line 773]
Event: 1.298 Thread 0x000001bf46de4800 Exception <a 'java/lang/NoSuchMethodError'{0x000000008c1ce388}: 'java.lang.Object java.lang.invoke.DirectMethodHandle$Holder.invokeStaticInit(java.lang.Object, java.lang.Object, int, int, int, int)'> (0x000000008c1ce388) thrown at [./src/hotspot/share/interpreter/linkResolver.cpp, line 773]
Event: 1.725 Thread 0x000001bf46de4800 Exception <a 'java/io/IOException'{0x000000008be1d970}> (0x000000008be1d970) thrown at [./src/hotspot/share/prims/jni.cpp, line 615]
Event: 1.820 Thread 0x000001bf64297800 Exception <a 'java/lang/NoSuchMethodError'{0x000000008b9a57e8}: 'void java.lang.invoke.DirectMethodHandle$Holder.invokeVirtual(java.lang.Object, java.lang.Object, java.lang.Object, java.lang.Object)'> (0x000000008b9a57e8) thrown at [./src/hotspot/share/interpreter/linkResolver.cpp, line 773]
Event: 1.821 Thread 0x000001bf64297800 Exception <a 'java/lang/NoSuchMethodError'{0x000000008b9b4910}: 'void java.lang.invoke.DelegatingMethodHandle$Holder.reinvoke_L(java.lang.Object, java.lang.Object, java.lang.Object, java.lang.Object)'> (0x000000008b9b4910) thrown at [./src/hotspot/share/interpreter/linkResolver.cpp, line 773]
Event: 1.824 Thread 0x000001bf64297800 Exception <a 'java/lang/NoSuchMethodError'{0x000000008b9e5aa0}: 'long java.lang.invoke.DirectMethodHandle$Holder.invokeInterface(java.lang.Object, java.lang.Object)'> (0x000000008b9e5aa0) thrown at [./src/hotspot/share/interpreter/linkResolver.cpp, line 773]
Event: 1.826 Thread 0x000001bf64297800 Exception <a 'java/lang/NoSuchMethodError'{0x000000008b8097b0}: 'void java.lang.invoke.DelegatingMethodHandle$Holder.reinvoke_L(java.lang.Object, java.lang.Object, java.lang.Object, java.lang.Object, java.lang.Object, java.lang.Object, java.lang.Object)'> (0x000000008b8097b0) thrown at [./src/hotspot/share/interpreter/linkResolver.cpp, line 773]
Event: 2.054 Thread 0x000001bf64297800 Exception <a 'java/lang/NoSuchMethodError'{0x000000008a0b3870}: 'void java.lang.invoke.DirectMethodHandle$Holder.invokeStaticInit(java.lang.Object)'> (0x000000008a0b3870) thrown at [./src/hotspot/share/interpreter/linkResolver.cpp, line 773]
Event: 2.085 Thread 0x000001bf64297800 Exception <a 'java/lang/NoSuchMethodError'{0x0000000089ed4cb0}: 'java.lang.Object java.lang.invoke.DirectMethodHandle$Holder.invokeStatic(java.lang.Object, java.lang.Object, java.lang.Object, int)'> (0x0000000089ed4cb0) thrown at [./src/hotspot/share/interpreter/linkResolver.cpp, line 773]
Event: 2.085 Thread 0x000001bf64297800 Exception <a 'java/lang/NoSuchMethodError'{0x0000000089ed9120}: 'java.lang.Object java.lang.invoke.DirectMethodHandle$Holder.invokeSpecial(java.lang.Object, java.lang.Object, java.lang.Object, java.lang.Object, int)'> (0x0000000089ed9120) thrown at [./src/hotspot/share/interpreter/linkResolver.cpp, line 773]
Event: 2.085 Thread 0x000001bf64297800 Exception <a 'java/lang/NoSuchMethodError'{0x0000000089edcdb0}: 'java.lang.Object java.lang.invoke.Invokers$Holder.linkToTargetMethod(java.lang.Object, java.lang.Object, int, java.lang.Object)'> (0x0000000089edcdb0) thrown at [./src/hotspot/share/interpreter/linkResolver.cpp, line 773]
Event: 2.196 Thread 0x000001bf64297800 Exception <a 'java/lang/NoSuchMethodError'{0x000000008fea7b78}: 'int java.lang.invoke.DirectMethodHandle$Holder.invokeSpecialIFC(java.lang.Object, java.lang.Object, java.lang.Object, java.lang.Object)'> (0x000000008fea7b78) thrown at [./src/hotspot/share/interpreter/linkResolver.cpp, line 773]
Event: 2.197 Thread 0x000001bf64297800 Exception <a 'java/lang/NoSuchMethodError'{0x000000008feb5b60}: 'java.lang.Object java.lang.invoke.DirectMethodHandle$Holder.invokeInterface(java.lang.Object, java.lang.Object, java.lang.Object)'> (0x000000008feb5b60) thrown at [./src/hotspot/share/interpreter/linkResolver.cpp, line 773]
Event: 2.197 Thread 0x000001bf64297800 Exception <a 'java/lang/IncompatibleClassChangeError'{0x000000008feb9038}: Found class java.lang.Object, but interface was expected> (0x000000008feb9038) thrown at [./src/hotspot/share/interpreter/linkResolver.cpp, line 839]
Event: 2.226 Thread 0x000001bf64297800 Exception <a 'java/lang/NoSuchMethodError'{0x000000008fcb8aa0}: 'void java.lang.invoke.DirectMethodHandle$Holder.invokeStatic(java.lang.Object, java.lang.Object, java.lang.Object, java.lang.Object, java.lang.Object)'> (0x000000008fcb8aa0) thrown at [./src/hotspot/share/interpreter/linkResolver.cpp, line 773]
Event: 2.307 Thread 0x000001bf64297800 Exception <a 'java/lang/NoSuchMethodError'{0x000000008fe9bed8}: 'java.lang.Object java.lang.invoke.DirectMethodHandle$Holder.invokeSpecial(java.lang.Object, java.lang.Object, java.lang.Object, java.lang.Object, java.lang.Object, java.lang.Object, java.lang.Object, java.lang.Object, java.lang.Object)'> (0x000000008fe9bed8) thrown at [./src/hotspot/share/interpreter/linkResolver.cpp, line 773]

Events (20 events):
Event: 2.320 loading class org/gradle/api/internal/artifacts/mvnsettings/MavenFileLocations
Event: 2.320 loading class org/gradle/api/internal/artifacts/mvnsettings/MavenFileLocations done
Event: 2.320 loading class org/gradle/api/internal/artifacts/mvnsettings/MavenSettingsProvider
Event: 2.320 loading class org/gradle/api/internal/artifacts/mvnsettings/MavenSettingsProvider done
Event: 2.320 loading class org/gradle/api/internal/artifacts/ivyservice/ivyresolve/strategy/VersionSelectorScheme
Event: 2.320 loading class org/gradle/api/internal/artifacts/ivyservice/ivyresolve/strategy/VersionSelectorScheme done
Event: 2.321 loading class org/gradle/api/internal/artifacts/ivyservice/resolveengine/result/ComponentSelectionDescriptorFactory
Event: 2.321 loading class org/gradle/api/internal/artifacts/ivyservice/resolveengine/result/ComponentSelectionDescriptorFactory done
Event: 2.321 loading class org/gradle/api/internal/artifacts/ivyservice/modulecache/artifacts/InMemoryModuleArtifactsCache
Event: 2.321 loading class org/gradle/api/internal/artifacts/ivyservice/modulecache/artifacts/InMemoryModuleArtifactsCache done
Event: 2.321 loading class org/gradle/api/internal/artifacts/ivyservice/modulecache/InMemoryModuleMetadataCache
Event: 2.321 loading class org/gradle/api/internal/artifacts/ivyservice/modulecache/InMemoryModuleMetadataCache done
Event: 2.322 loading class org/gradle/api/internal/artifacts/ivyservice/modulecache/dynamicversions/InMemoryModuleVersionsCache
Event: 2.322 loading class org/gradle/api/internal/artifacts/ivyservice/modulecache/dynamicversions/InMemoryModuleVersionsCache done
Event: 2.322 loading class org/gradle/api/internal/artifacts/ivyservice/modulecache/artifacts/ReadOnlyModuleArtifactsCache
Event: 2.322 loading class org/gradle/api/internal/artifacts/ivyservice/modulecache/artifacts/ReadOnlyModuleArtifactsCache done
Event: 2.322 loading class org/gradle/api/internal/artifacts/ivyservice/modulecache/ReadOnlyModuleMetadataCache
Event: 2.322 loading class org/gradle/api/internal/artifacts/ivyservice/modulecache/ReadOnlyModuleMetadataCache done
Event: 2.322 loading class org/gradle/api/internal/artifacts/ivyservice/modulecache/dynamicversions/ReadOnlyModuleVersionsCache
Event: 2.322 loading class org/gradle/api/internal/artifacts/ivyservice/modulecache/dynamicversions/ReadOnlyModuleVersionsCache done


Dynamic libraries:
0x00007ff6cec00000 - 0x00007ff6cec0a000 	D:\AnZhuang\AndroidStudio\jre\bin\java.exe
0x00007fffcf430000 - 0x00007fffcf625000 	C:\WINDOWS\SYSTEM32\ntdll.dll
0x00007fffcf2b0000 - 0x00007fffcf36e000 	C:\WINDOWS\System32\KERNEL32.DLL
0x00007fffccf70000 - 0x00007fffcd238000 	C:\WINDOWS\System32\KERNELBASE.dll
0x00007fffca100000 - 0x00007fffca190000 	C:\WINDOWS\SYSTEM32\apphelp.dll
0x00007fffccde0000 - 0x00007fffccee0000 	C:\WINDOWS\System32\ucrtbase.dll
0x00007fffb2830000 - 0x00007fffb2849000 	D:\AnZhuang\AndroidStudio\jre\bin\jli.dll
0x00007fffbe5f0000 - 0x00007fffbe607000 	D:\AnZhuang\AndroidStudio\jre\bin\VCRUNTIME140.dll
0x00007fffce2b0000 - 0x00007fffce450000 	C:\WINDOWS\System32\USER32.dll
0x00007fffcd2f0000 - 0x00007fffcd312000 	C:\WINDOWS\System32\win32u.dll
0x00007fffb2070000 - 0x00007fffb230a000 	C:\WINDOWS\WinSxS\amd64_microsoft.windows.common-controls_6595b64144ccf1df_6.0.19041.1110_none_60b5254171f9507e\COMCTL32.dll
0x00007fffcd630000 - 0x00007fffcd65b000 	C:\WINDOWS\System32\GDI32.dll
0x00007fffcdff0000 - 0x00007fffce08e000 	C:\WINDOWS\System32\msvcrt.dll
0x00007fffcd320000 - 0x00007fffcd42d000 	C:\WINDOWS\System32\gdi32full.dll
0x00007fffccb40000 - 0x00007fffccbdd000 	C:\WINDOWS\System32\msvcp_win.dll
0x00007fffcdba0000 - 0x00007fffcdbd0000 	C:\WINDOWS\System32\IMM32.DLL
0x00007fffa18b0000 - 0x00007fffa194d000 	D:\AnZhuang\AndroidStudio\jre\bin\msvcp140.dll
0x00007fff693d0000 - 0x00007fff69ea5000 	D:\AnZhuang\AndroidStudio\jre\bin\server\jvm.dll
0x00007fffcdec0000 - 0x00007fffcdf6e000 	C:\WINDOWS\System32\ADVAPI32.dll
0x00007fffce450000 - 0x00007fffce4ec000 	C:\WINDOWS\System32\sechost.dll
0x00007fffce5a0000 - 0x00007fffce6c5000 	C:\WINDOWS\System32\RPCRT4.dll
0x00007fffcdb90000 - 0x00007fffcdb98000 	C:\WINDOWS\System32\PSAPI.DLL
0x00007fffc0e50000 - 0x00007fffc0e77000 	C:\WINDOWS\SYSTEM32\WINMM.dll
0x00007fff8bcd0000 - 0x00007fff8bcd9000 	C:\WINDOWS\SYSTEM32\WSOCK32.dll
0x00007fffc3fd0000 - 0x00007fffc3fda000 	C:\WINDOWS\SYSTEM32\VERSION.dll
0x00007fffcdf70000 - 0x00007fffcdfdb000 	C:\WINDOWS\System32\WS2_32.dll
0x00007fffcb3c0000 - 0x00007fffcb3d2000 	C:\WINDOWS\SYSTEM32\kernel.appcore.dll
0x00007fffbe620000 - 0x00007fffbe631000 	D:\AnZhuang\AndroidStudio\jre\bin\verify.dll
0x00007fffca930000 - 0x00007fffcab14000 	C:\WINDOWS\SYSTEM32\DBGHELP.DLL
0x00007fffb2020000 - 0x00007fffb204c000 	C:\WINDOWS\SYSTEM32\dbgcore.DLL
0x00007fffccee0000 - 0x00007fffccf62000 	C:\WINDOWS\System32\bcryptPrimitives.dll
0x00007fffb2750000 - 0x00007fffb2779000 	D:\AnZhuang\AndroidStudio\jre\bin\java.dll
0x00007fffc7a10000 - 0x00007fffc7a1b000 	D:\AnZhuang\AndroidStudio\jre\bin\jimage.dll
0x00007fffb27e0000 - 0x00007fffb27f8000 	D:\AnZhuang\AndroidStudio\jre\bin\zip.dll
0x00007fffcea30000 - 0x00007fffcf174000 	C:\WINDOWS\System32\SHELL32.dll
0x00007fffcac10000 - 0x00007fffcb3a4000 	C:\WINDOWS\SYSTEM32\windows.storage.dll
0x00007fffce6d0000 - 0x00007fffcea25000 	C:\WINDOWS\System32\combase.dll
0x00007fffcc4c0000 - 0x00007fffcc4ee000 	C:\WINDOWS\SYSTEM32\Wldp.dll
0x00007fffce4f0000 - 0x00007fffce59d000 	C:\WINDOWS\System32\SHCORE.dll
0x00007fffcdc60000 - 0x00007fffcdcb5000 	C:\WINDOWS\System32\shlwapi.dll
0x00007fffcca80000 - 0x00007fffcca9f000 	C:\WINDOWS\SYSTEM32\profapi.dll
0x00007fffb1e50000 - 0x00007fffb1e6a000 	D:\AnZhuang\AndroidStudio\jre\bin\net.dll
0x00007fffc11a0000 - 0x00007fffc12ac000 	C:\WINDOWS\SYSTEM32\WINHTTP.dll
0x00007fffcc220000 - 0x00007fffcc28a000 	C:\WINDOWS\system32\mswsock.dll
0x00007fffae3b0000 - 0x00007fffae3c4000 	D:\AnZhuang\AndroidStudio\jre\bin\nio.dll
0x00007fffa3b60000 - 0x00007fffa3b87000 	D:\AnZhuang\AndroidStudio\gradle-7.2\native\e1d6ef7f7dcc3fd88c89a11ec53ec762bb8ba0a96d01ffa2cd45eb1d1d8dd5c5\windows-amd64\native-platform.dll
0x00007fff8a520000 - 0x00007fff8a664000 	D:\AnZhuang\AndroidStudio\gradle-7.2\native\5664cfc778a61ccfe75a443a1ab52a65af34e5dc3c78e0209fed803814484fcb\windows-amd64\native-platform-file-events.dll
0x00007fffbe610000 - 0x00007fffbe61a000 	D:\AnZhuang\AndroidStudio\jre\bin\management.dll
0x00007fffbe240000 - 0x00007fffbe24d000 	D:\AnZhuang\AndroidStudio\jre\bin\management_ext.dll
0x00007fffcc410000 - 0x00007fffcc428000 	C:\WINDOWS\SYSTEM32\CRYPTSP.dll
0x00007fffcbba0000 - 0x00007fffcbbd4000 	C:\WINDOWS\system32\rsaenh.dll
0x00007fffccbe0000 - 0x00007fffccc07000 	C:\WINDOWS\System32\bcrypt.dll
0x00007fffcca40000 - 0x00007fffcca6e000 	C:\WINDOWS\SYSTEM32\USERENV.dll
0x00007fffcc430000 - 0x00007fffcc43c000 	C:\WINDOWS\SYSTEM32\CRYPTBASE.dll
0x00007fffcbf10000 - 0x00007fffcbf4b000 	C:\WINDOWS\SYSTEM32\IPHLPAPI.DLL
0x00007fffcdfe0000 - 0x00007fffcdfe8000 	C:\WINDOWS\System32\NSI.dll
0x00007fffc44a0000 - 0x00007fffc44b7000 	C:\WINDOWS\SYSTEM32\dhcpcsvc6.DLL
0x00007fffc3fe0000 - 0x00007fffc3ffd000 	C:\WINDOWS\SYSTEM32\dhcpcsvc.DLL
0x00007fffcbf50000 - 0x00007fffcc01b000 	C:\WINDOWS\SYSTEM32\DNSAPI.dll

dbghelp: loaded successfully - version: 4.0.5 - missing functions: none
symbol engine: initialized successfully - sym options: 0x614 - pdb path: .;D:\AnZhuang\AndroidStudio\jre\bin;C:\WINDOWS\SYSTEM32;C:\WINDOWS\WinSxS\amd64_microsoft.windows.common-controls_6595b64144ccf1df_6.0.19041.1110_none_60b5254171f9507e;D:\AnZhuang\AndroidStudio\jre\bin\server;D:\AnZhuang\AndroidStudio\gradle-7.2\native\e1d6ef7f7dcc3fd88c89a11ec53ec762bb8ba0a96d01ffa2cd45eb1d1d8dd5c5\windows-amd64;D:\AnZhuang\AndroidStudio\gradle-7.2\native\5664cfc778a61ccfe75a443a1ab52a65af34e5dc3c78e0209fed803814484fcb\windows-amd64

VM Arguments:
jvm_args: --add-opens=java.base/java.util=ALL-UNNAMED --add-opens=java.base/java.lang=ALL-UNNAMED --add-opens=java.base/java.lang.invoke=ALL-UNNAMED --add-opens=java.base/java.util=ALL-UNNAMED --add-opens=java.prefs/java.util.prefs=ALL-UNNAMED --add-opens=java.prefs/java.util.prefs=ALL-UNNAMED --add-opens=java.base/java.nio.charset=ALL-UNNAMED --add-opens=java.base/java.net=ALL-UNNAMED --add-opens=java.base/java.util.concurrent.atomic=ALL-UNNAMED -Xmx2048m -Dfile.encoding=UTF-8 -Duser.country=CN -Duser.language=zh -Duser.variant 
java_command: org.gradle.launcher.daemon.bootstrap.GradleDaemon 7.2
java_class_path (initial): D:\AnZhuang\AndroidStudio\gradle-7.2\wrapper\dists\gradle-7.2-bin\2dnblmf4td7x66yl1d74lt32g\gradle-7.2\lib\gradle-launcher-7.2.jar
Launcher Type: SUN_STANDARD

[Global flags]
     intx CICompilerCount                          = 4                                         {product} {ergonomic}
     uint ConcGCThreads                            = 3                                         {product} {ergonomic}
     uint G1ConcRefinementThreads                  = 10                                        {product} {ergonomic}
   size_t G1HeapRegionSize                         = 1048576                                   {product} {ergonomic}
    uintx GCDrainStackTargetSize                   = 64                                        {product} {ergonomic}
   size_t InitialHeapSize                          = 268435456                                 {product} {ergonomic}
   size_t MarkStackSize                            = 4194304                                   {product} {ergonomic}
   size_t MaxHeapSize                              = 2147483648                                {product} {command line}
   size_t MaxNewSize                               = 1287651328                                {product} {ergonomic}
   size_t MinHeapDeltaBytes                        = 1048576                                   {product} {ergonomic}
    uintx NonNMethodCodeHeapSize                   = 5836300                                {pd product} {ergonomic}
    uintx NonProfiledCodeHeapSize                  = 122910970                              {pd product} {ergonomic}
    uintx ProfiledCodeHeapSize                     = 122910970                              {pd product} {ergonomic}
    uintx ReservedCodeCacheSize                    = 251658240                              {pd product} {ergonomic}
     bool SegmentedCodeCache                       = true                                      {product} {ergonomic}
     bool UseCompressedClassPointers               = true                                 {lp64_product} {ergonomic}
     bool UseCompressedOops                        = true                                 {lp64_product} {ergonomic}
     bool UseG1GC                                  = true                                      {product} {ergonomic}
     bool UseLargePagesIndividualAllocation        = false                                  {pd product} {ergonomic}

Logging:
Log output configuration:
 #0: stdout all=warning uptime,level,tags
 #1: stderr all=off uptime,level,tags

Environment Variables:
JAVA_HOME=D:\AnZhuang\Java\jdk
CLASSPATH=.;D:\AnZhuang\Java\jdk\lib\dt.jar;D:\AnZhuang\Java\jdk\lib\tools.jar
PATH=C:\Program Files\Common Files\Oracle\Java\javapath;D:\AnZhuang\Android-SDK\platform-tools;D:\AnZhuang\Java\jdk\bin;D:\AnZhuang\Java\jdk\jre\bin;D:\AnZhuang\rose\common;C:\Program Files\NVIDIA Corporation\NVIDIA NvDLISR;C:\Program Files (x86)\Microsoft SQL Server\90\Tools\binn\;D:\AnZhuang\;D:\AnZhuang\WinSCP\;C:\Program Files (x86)\NVIDIA Corporation\PhysX\Common;C:\WINDOWS\system32;C:\WINDOWS;C:\WINDOWS\System32\Wbem;C:\WINDOWS\System32\WindowsPowerShell\v1.0\;C:\WINDOWS\System32\OpenSSH\;D:\AnZhuang\LateX\texlive\2021\bin\win32;C:\Program Files\Microsoft SQL Server\130\Tools\Binn\;D:\AnZhuang\Matlab\runtime\win64;D:\AnZhuang\Matlab\bin;D:\AnZhuang\Matlab\polyspace\bin;C:\Program Files\MySQL\MySQL Shell 8.0\bin\;C:\Users\LoongPong\AppData\Local\Microsoft\WindowsApps;D:\AnZhuang\PyCham\PyCharm Community Edition 2021.1.2\bin;C:\Program Files\Java\jre1.8.0_291;Microsoft VS Code\bin;D:\AnZhuang\bangizip\;D:\AnZhuang\Microsoft VS Code\bin
USERNAME=PongLoong
OS=Windows_NT
PROCESSOR_IDENTIFIER=Intel64 Family 6 Model 158 Stepping 10, GenuineIntel



---------------  S Y S T E M  ---------------

OS: Windows 10 , 64 bit Build 19041 (10.0.19041.1503)
OS uptime: 1 days 8:37 hours

CPU:total 12 (initial active 12) (6 cores per cpu, 2 threads per core) family 6 model 158 stepping 10 microcode 0xb4, cmov, cx8, fxsr, mmx, sse, sse2, sse3, ssse3, sse4.1, sse4.2, popcnt, avx, avx2, aes, clmul, erms, 3dnowpref, lzcnt, ht, tsc, tscinvbit, bmi1, bmi2, adx, fma

Memory: 4k page, system-wide physical 16257M (3145M free)
TotalPageFile size 16257M (AvailPageFile size 5M)
current process WorkingSet (physical memory assigned to process): 243M, peak: 245M
current process commit charge ("private bytes"): 417M, peak: 418M

vm_info: OpenJDK 64-Bit Server VM (11.0.11+9-b60-7590822) for windows-amd64 JRE (11.0.11+9-b60-7590822), built on Jul 29 2021 21:43:44 by "builder" with MS VC++ 14.0 (VS2015)

END.
